This file contains any messages produced by compilers while
running configure, to aid debugging if configure makes a mistake.

It was created by libnbcompat configure noversion, which was
generated by GNU Autoconf 2.52.  Invocation command line was

  $ /home/licj/software/netBSD/source/netBSD/usr/src/tools/compat/configure --cache-file=config.cache

## ---------- ##
## Platform.  ##
## ---------- ##

hostname = out.lrserver
uname -m = x86_64
uname -r = 2.6.32-358.el6.x86_64
uname -s = Linux
uname -v = #1 SMP Fri Feb 22 00:31:26 UTC 2013

/usr/bin/uname -p = unknown
/bin/uname -X     = unknown

/bin/arch              = x86_64
/usr/bin/arch -k       = unknown
/usr/convex/getsysinfo = unknown
hostinfo               = unknown
/bin/machine           = unknown
/usr/bin/oslevel       = unknown
/bin/universe          = unknown

PATH = /usr/lib64/qt-3.3/bin:/usr/local/bin:/bin:/usr/bin:/usr/local/sbin:/usr/sbin:/sbin:/home/licj/bin:/home/licj/prj/go/bin

## ------------ ##
## Core tests.  ##
## ------------ ##

configure:880: creating cache config.cache
configure:951: PATH=".;."; conftest.sh
/home/licj/software/netBSD/source/netBSD/usr/src/tools/compat/configure: line 952: conftest.sh: command not found
configure:954: $? = 127
configure:1014: checking for gcc
configure:1037: result: cc
configure:1265: checking for C compiler version
configure:1268: cc --version </dev/null >&5
cc (GCC) 4.4.7 20120313 (Red Hat 4.4.7-11)
Copyright (C) 2010 Free Software Foundation, Inc.
This is free software; see the source for copying conditions.  There is NO
warranty; not even for MERCHANTABILITY or FITNESS FOR A PARTICULAR PURPOSE.

configure:1271: $? = 0
configure:1273: cc -v </dev/null >&5
Using built-in specs.
Target: x86_64-redhat-linux
Configured with: ../configure --prefix=/usr --mandir=/usr/share/man --infodir=/usr/share/info --with-bugurl=http://bugzilla.redhat.com/bugzilla --enable-bootstrap --enable-shared --enable-threads=posix --enable-checking=release --with-system-zlib --enable-__cxa_atexit --disable-libunwind-exceptions --enable-gnu-unique-object --enable-languages=c,c++,objc,obj-c++,java,fortran,ada --enable-java-awt=gtk --disable-dssi --with-java-home=/usr/lib/jvm/java-1.5.0-gcj-1.5.0.0/jre --enable-libgcj-multifile --enable-java-maintainer-mode --with-ecj-jar=/usr/share/java/eclipse-ecj.jar --disable-libjava-multilib --with-ppl --with-cloog --with-tune=generic --with-arch_32=i686 --build=x86_64-redhat-linux
Thread model: posix
gcc version 4.4.7 20120313 (Red Hat 4.4.7-11) (GCC) 
configure:1276: $? = 0
configure:1278: cc -V </dev/null >&5
cc: '-V' option must have argument
configure:1281: $? = 1
configure:1301: checking for C compiler default output
configure:1304: cc -O   conftest.c  >&5
configure:1307: $? = 0
configure:1336: result: a.out
configure:1341: checking whether the C compiler works
configure:1347: ./a.out
configure:1350: $? = 0
configure:1365: result: yes
configure:1372: checking whether we are cross compiling
configure:1374: result: no
configure:1377: checking for executable suffix
configure:1379: cc -o conftest -O   conftest.c  >&5
configure:1382: $? = 0
configure:1404: result: 
configure:1410: checking for object suffix
configure:1428: cc -c -O  conftest.c >&5
configure:1431: $? = 0
configure:1450: result: o
configure:1454: checking whether we are using the GNU C compiler
configure:1475: cc -c -O  conftest.c >&5
configure:1478: $? = 0
configure:1481: test -s conftest.o
configure:1484: $? = 0
configure:1496: result: yes
configure:1502: checking whether cc accepts -g
configure:1520: cc -c -g  conftest.c >&5
configure:1523: $? = 0
configure:1526: test -s conftest.o
configure:1529: $? = 0
configure:1539: result: yes
configure:1566: cc -c -O  conftest.c >&5
conftest.c:2: error: expected '=', ',', ';', 'asm' or '__attribute__' before 'me'
configure:1569: $? = 1
configure: failed program was:
#ifndef __cplusplus
  choke me
#endif
configure:1672: checking how to run the C preprocessor
configure:1698: cc -E  conftest.c
configure:1704: $? = 0
configure:1731: cc -E  conftest.c
configure:1728:28: error: ac_nonexistent.h: No such file or directory
configure:1737: $? = 1
configure: failed program was:
#line 1727 "configure"
#include "confdefs.h"
#include <ac_nonexistent.h>
configure:1774: result: cc -E
configure:1789: cc -E  conftest.c
configure:1795: $? = 0
configure:1822: cc -E  conftest.c
configure:1819:28: error: ac_nonexistent.h: No such file or directory
configure:1828: $? = 1
configure: failed program was:
#line 1818 "configure"
#include "confdefs.h"
#include <ac_nonexistent.h>
configure:1867: checking for NetBSD
configure:1895: result: no
configure:1902: checking for sh
configure:1930: result: /bin/sh
configure:1947: checking whether byte ordering is bigendian
configure:1972: cc -c -O  conftest.c >&5
configure:1975: $? = 0
configure:1978: test -s conftest.o
configure:1981: $? = 0
configure:2002: cc -c -O  conftest.c >&5
configure: In function 'main':
configure:1993: error: 'not' undeclared (first use in this function)
configure:1993: error: (Each undeclared identifier is reported only once
configure:1993: error: for each function it appears in.)
configure:1993: error: expected ';' before 'big'
configure:2005: $? = 1
configure: failed program was:
#line 1985 "configure"
#include "confdefs.h"
#include <sys/types.h>
#include <sys/param.h>

int
main ()
{
#if BYTE_ORDER != BIG_ENDIAN
 not big endian
#endif

  ;
  return 0;
}
configure:2069: result: no
configure:2079: checking for ANSI C header files
configure:2093: cc -E  conftest.c
configure:2099: $? = 0
configure:2186: cc -o conftest -O   conftest.c  >&5
configure: In function 'main':
configure:2178: warning: incompatible implicit declaration of built-in function 'exit'
configure:2189: $? = 0
configure:2191: ./conftest
configure:2194: $? = 0
configure:2207: result: yes
configure:2220: checking for zlib.h
configure:2230: cc -E  conftest.c
configure:2236: $? = 0
configure:2255: result: yes
configure:2265: checking for gzdopen in -lz
configure:2292: cc -o conftest -O   conftest.c -lz   >&5
configure:2295: $? = 0
configure:2298: test -s conftest
configure:2301: $? = 0
configure:2312: result: yes
configure:2338: checking for sys/ioctl.h
configure:2348: cc -E  conftest.c
configure:2354: $? = 0
configure:2373: result: yes
configure:2338: checking for sys/mman.h
configure:2348: cc -E  conftest.c
configure:2354: $? = 0
configure:2373: result: yes
configure:2338: checking for sys/param.h
configure:2348: cc -E  conftest.c
configure:2354: $? = 0
configure:2373: result: yes
configure:2338: checking for sys/socket.h
configure:2348: cc -E  conftest.c
configure:2354: $? = 0
configure:2373: result: yes
configure:2338: checking for sys/stat.h
configure:2348: cc -E  conftest.c
configure:2354: $? = 0
configure:2373: result: yes
configure:2338: checking for sys/time.h
configure:2348: cc -E  conftest.c
configure:2354: $? = 0
configure:2373: result: yes
configure:2338: checking for sys/types.h
configure:2348: cc -E  conftest.c
configure:2354: $? = 0
configure:2373: result: yes
configure:2338: checking for sys/utsname.h
configure:2348: cc -E  conftest.c
configure:2354: $? = 0
configure:2373: result: yes
configure:2338: checking for sys/wait.h
configure:2348: cc -E  conftest.c
configure:2354: $? = 0
configure:2373: result: yes
configure:2338: checking for assert.h
configure:2348: cc -E  conftest.c
configure:2354: $? = 0
configure:2373: result: yes
configure:2338: checking for ctype.h
configure:2348: cc -E  conftest.c
configure:2354: $? = 0
configure:2373: result: yes
configure:2338: checking for errno.h
configure:2348: cc -E  conftest.c
configure:2354: $? = 0
configure:2373: result: yes
configure:2338: checking for fcntl.h
configure:2348: cc -E  conftest.c
configure:2354: $? = 0
configure:2373: result: yes
configure:2338: checking for grp.h
configure:2348: cc -E  conftest.c
configure:2354: $? = 0
configure:2373: result: yes
configure:2338: checking for limits.h
configure:2348: cc -E  conftest.c
configure:2354: $? = 0
configure:2373: result: yes
configure:2338: checking for locale.h
configure:2348: cc -E  conftest.c
configure:2354: $? = 0
configure:2373: result: yes
configure:2338: checking for netdb.h
configure:2348: cc -E  conftest.c
configure:2354: $? = 0
configure:2373: result: yes
configure:2338: checking for pwd.h
configure:2348: cc -E  conftest.c
configure:2354: $? = 0
configure:2373: result: yes
configure:2338: checking for signal.h
configure:2348: cc -E  conftest.c
configure:2354: $? = 0
configure:2373: result: yes
configure:2338: checking for stdarg.h
configure:2348: cc -E  conftest.c
configure:2354: $? = 0
configure:2373: result: yes
configure:2338: checking for stdio.h
configure:2348: cc -E  conftest.c
configure:2354: $? = 0
configure:2373: result: yes
configure:2338: checking for stdlib.h
configure:2348: cc -E  conftest.c
configure:2354: $? = 0
configure:2373: result: yes
configure:2338: checking for string.h
configure:2348: cc -E  conftest.c
configure:2354: $? = 0
configure:2373: result: yes
configure:2338: checking for termios.h
configure:2348: cc -E  conftest.c
configure:2354: $? = 0
configure:2373: result: yes
configure:2338: checking for unistd.h
configure:2348: cc -E  conftest.c
configure:2354: $? = 0
configure:2373: result: yes
configure:2392: checking for dirent.h that defines DIR
configure:2413: cc -c -O  conftest.c >&5
configure:2416: $? = 0
configure:2419: test -s conftest.o
configure:2422: $? = 0
configure:2432: result: yes
configure:2445: checking for opendir in -ldir
configure:2472: cc -o conftest -O   conftest.c -ldir  -lz  >&5
/usr/bin/ld: cannot find -ldir
collect2: ld returned 1 exit status
configure:2475: $? = 1
configure: failed program was:
#line 2453 "configure"
#include "confdefs.h"

/* Override any gcc2 internal prototype to avoid an error.  */
#ifdef __cplusplus
extern "C"
#endif
/* We use char because int might match the return type of a gcc2
   builtin and then its argument prototype would still apply.  */
char opendir ();
int
main ()
{
opendir ();
  ;
  return 0;
}
configure:2492: result: no
configure:2558: checking for sys/mtio.h
configure:2568: cc -E  conftest.c
configure:2574: $? = 0
configure:2593: result: yes
configure:2558: checking for sys/sysmacros.h
configure:2568: cc -E  conftest.c
configure:2574: $? = 0
configure:2593: result: yes
configure:2558: checking for sys/syslimits.h
configure:2568: cc -E  conftest.c
configure:2565:27: error: sys/syslimits.h: No such file or directory
configure:2574: $? = 1
configure: failed program was:
#line 2564 "configure"
#include "confdefs.h"
#include <sys/syslimits.h>
configure:2593: result: no
configure:2558: checking for getopt.h
configure:2568: cc -E  conftest.c
configure:2574: $? = 0
configure:2593: result: yes
configure:2558: checking for features.h
configure:2568: cc -E  conftest.c
configure:2574: $? = 0
configure:2593: result: yes
configure:2558: checking for malloc.h
configure:2568: cc -E  conftest.c
configure:2574: $? = 0
configure:2593: result: yes
configure:2558: checking for sys/poll.h
configure:2568: cc -E  conftest.c
configure:2574: $? = 0
configure:2593: result: yes
configure:2558: checking for pthread.h
configure:2568: cc -E  conftest.c
configure:2574: $? = 0
configure:2593: result: yes
configure:2558: checking for stddef.h
configure:2568: cc -E  conftest.c
configure:2574: $? = 0
configure:2593: result: yes
configure:2608: checking for sys/bswap.h
configure:2618: cc -E  conftest.c
configure:2615:23: error: sys/bswap.h: No such file or directory
configure:2624: $? = 1
configure: failed program was:
#line 2614 "configure"
#include "confdefs.h"
#include <sys/bswap.h>
configure:2643: result: no
configure:2608: checking for machine/bswap.h
configure:2618: cc -E  conftest.c
configure:2615:27: error: machine/bswap.h: No such file or directory
configure:2624: $? = 1
configure: failed program was:
#line 2614 "configure"
#include "confdefs.h"
#include <machine/bswap.h>
configure:2643: result: no
configure:2608: checking for sys/cdefs.h
configure:2618: cc -E  conftest.c
configure:2624: $? = 0
configure:2643: result: yes
configure:2608: checking for machine/endian.h
configure:2618: cc -E  conftest.c
configure:2615:28: error: machine/endian.h: No such file or directory
configure:2624: $? = 1
configure: failed program was:
#line 2614 "configure"
#include "confdefs.h"
#include <machine/endian.h>
configure:2643: result: no
configure:2608: checking for sys/endian.h
configure:2618: cc -E  conftest.c
configure:2615:24: error: sys/endian.h: No such file or directory
configure:2624: $? = 1
configure: failed program was:
#line 2614 "configure"
#include "confdefs.h"
#include <sys/endian.h>
configure:2643: result: no
configure:2608: checking for sys/featuretest.h
configure:2618: cc -E  conftest.c
configure:2615:29: error: sys/featuretest.h: No such file or directory
configure:2624: $? = 1
configure: failed program was:
#line 2614 "configure"
#include "confdefs.h"
#include <sys/featuretest.h>
configure:2643: result: no
configure:2608: checking for err.h
configure:2618: cc -E  conftest.c
configure:2624: $? = 0
configure:2643: result: yes
configure:2608: checking for inttypes.h
configure:2618: cc -E  conftest.c
configure:2624: $? = 0
configure:2643: result: yes
configure:2608: checking for libgen.h
configure:2618: cc -E  conftest.c
configure:2624: $? = 0
configure:2643: result: yes
configure:2608: checking for paths.h
configure:2618: cc -E  conftest.c
configure:2624: $? = 0
configure:2643: result: yes
configure:2608: checking for stdint.h
configure:2618: cc -E  conftest.c
configure:2624: $? = 0
configure:2643: result: yes
configure:2608: checking for util.h
configure:2618: cc -E  conftest.c
configure:2615:18: error: util.h: No such file or directory
configure:2624: $? = 1
configure: failed program was:
#line 2614 "configure"
#include "confdefs.h"
#include <util.h>
configure:2643: result: no
configure:2608: checking for resolv.h
configure:2618: cc -E  conftest.c
configure:2624: $? = 0
configure:2643: result: yes
configure:2608: checking for arpa/nameser.h
configure:2618: cc -E  conftest.c
configure:2624: $? = 0
configure:2643: result: yes
configure:2658: checking for rpc/types.h
configure:2668: cc -E  conftest.c
configure:2674: $? = 0
configure:2693: result: yes
configure:2658: checking for netconfig.h
configure:2668: cc -E  conftest.c
configure:2665:23: error: netconfig.h: No such file or directory
configure:2674: $? = 1
configure: failed program was:
#line 2664 "configure"
#include "confdefs.h"
#include <netconfig.h>
configure:2693: result: no
configure:2719: checking for sys/types.h
configure:2750: result: yes
configure:2719: checking for sys/stat.h
configure:2750: result: yes
configure:2719: checking for stdlib.h
configure:2750: result: yes
configure:2719: checking for string.h
configure:2750: result: yes
configure:2719: checking for memory.h
configure:2731: cc -c -O  conftest.c >&5
configure:2734: $? = 0
configure:2737: test -s conftest.o
configure:2740: $? = 0
configure:2750: result: yes
configure:2719: checking for strings.h
configure:2731: cc -c -O  conftest.c >&5
configure:2734: $? = 0
configure:2737: test -s conftest.o
configure:2740: $? = 0
configure:2750: result: yes
configure:2719: checking for inttypes.h
configure:2750: result: yes
configure:2719: checking for stdint.h
configure:2750: result: yes
configure:2719: checking for unistd.h
configure:2750: result: yes
configure:2760: checking for size_t
configure:2781: cc -c -O  conftest.c >&5
configure:2784: $? = 0
configure:2787: test -s conftest.o
configure:2790: $? = 0
configure:2800: result: yes
configure:2812: checking for id_t
configure:2833: cc -c -O  conftest.c >&5
configure:2836: $? = 0
configure:2839: test -s conftest.o
configure:2842: $? = 0
configure:2852: result: yes
configure:2861: checking for long long
configure:2882: cc -c -O  conftest.c >&5
configure:2885: $? = 0
configure:2888: test -s conftest.o
configure:2891: $? = 0
configure:2901: result: yes
configure:2910: checking for u_long
configure:2931: cc -c -O  conftest.c >&5
configure:2934: $? = 0
configure:2937: test -s conftest.o
configure:2940: $? = 0
configure:2950: result: yes
configure:2959: checking for u_char
configure:2980: cc -c -O  conftest.c >&5
configure:2983: $? = 0
configure:2986: test -s conftest.o
configure:2989: $? = 0
configure:2999: result: yes
configure:3008: checking for u_short
configure:3029: cc -c -O  conftest.c >&5
configure:3032: $? = 0
configure:3035: test -s conftest.o
configure:3038: $? = 0
configure:3048: result: yes
configure:3057: checking for u_int
configure:3078: cc -c -O  conftest.c >&5
configure:3081: $? = 0
configure:3084: test -s conftest.o
configure:3087: $? = 0
configure:3097: result: yes
configure:3106: checking for u_quad_t
configure:3127: cc -c -O  conftest.c >&5
configure:3130: $? = 0
configure:3133: test -s conftest.o
configure:3136: $? = 0
configure:3146: result: yes
configure:3156: checking for socklen_t
configure:3179: cc -c -O  conftest.c >&5
configure:3182: $? = 0
configure:3185: test -s conftest.o
configure:3188: $? = 0
configure:3198: result: yes
configure:3208: checking for uint8_t
configure:3229: cc -c -O  conftest.c >&5
configure:3232: $? = 0
configure:3235: test -s conftest.o
configure:3238: $? = 0
configure:3248: result: yes
configure:3310: checking for u_int8_t
configure:3331: cc -c -O  conftest.c >&5
configure:3334: $? = 0
configure:3337: test -s conftest.o
configure:3340: $? = 0
configure:3350: result: yes
configure:3412: checking for uint16_t
configure:3433: cc -c -O  conftest.c >&5
configure:3436: $? = 0
configure:3439: test -s conftest.o
configure:3442: $? = 0
configure:3452: result: yes
configure:3514: checking for u_int16_t
configure:3535: cc -c -O  conftest.c >&5
configure:3538: $? = 0
configure:3541: test -s conftest.o
configure:3544: $? = 0
configure:3554: result: yes
configure:3616: checking for uint32_t
configure:3637: cc -c -O  conftest.c >&5
configure:3640: $? = 0
configure:3643: test -s conftest.o
configure:3646: $? = 0
configure:3656: result: yes
configure:3718: checking for u_int32_t
configure:3739: cc -c -O  conftest.c >&5
configure:3742: $? = 0
configure:3745: test -s conftest.o
configure:3748: $? = 0
configure:3758: result: yes
configure:3820: checking for uint64_t
configure:3841: cc -c -O  conftest.c >&5
configure:3844: $? = 0
configure:3847: test -s conftest.o
configure:3850: $? = 0
configure:3860: result: yes
configure:3922: checking for u_int64_t
configure:3943: cc -c -O  conftest.c >&5
configure:3946: $? = 0
configure:3949: test -s conftest.o
configure:3952: $? = 0
configure:3962: result: yes
configure:4025: checking for DIR.dd_fd
configure:4047: cc -c -O  conftest.c >&5
configure: In function 'main':
configure:4038: error: storage size of 'ac_aggr' isn't known
configure:4050: $? = 1
configure: failed program was:
#line 4031 "configure"
#include "confdefs.h"
#include <sys/types.h>
#include <dirent.h>

int
main ()
{
static DIR ac_aggr;
if (ac_aggr.dd_fd)
return 0;
  ;
  return 0;
}
configure:4066: result: no
configure:4075: checking for DIR.__dd_fd
configure:4097: cc -c -O  conftest.c >&5
configure: In function 'main':
configure:4088: error: storage size of 'ac_aggr' isn't known
configure:4100: $? = 1
configure: failed program was:
#line 4081 "configure"
#include "confdefs.h"
#include <sys/types.h>
#include <dirent.h>

int
main ()
{
static DIR ac_aggr;
if (ac_aggr.__dd_fd)
return 0;
  ;
  return 0;
}
configure:4116: result: no
configure:4125: checking for struct dirent.d_namlen
configure:4147: cc -c -O  conftest.c >&5
configure: In function 'main':
configure:4139: error: 'struct dirent' has no member named 'd_namlen'
configure:4150: $? = 1
configure: failed program was:
#line 4131 "configure"
#include "confdefs.h"
#include <sys/types.h>
#include <dirent.h>

int
main ()
{
static struct dirent ac_aggr;
if (ac_aggr.d_namlen)
return 0;
  ;
  return 0;
}
configure:4166: result: no
configure:4176: checking for struct stat.st_flags
configure:4197: cc -c -O  conftest.c >&5
configure: In function 'main':
configure:4189: error: 'struct stat' has no member named 'st_flags'
configure:4200: $? = 1
configure: failed program was:
#line 4182 "configure"
#include "confdefs.h"
#include <sys/stat.h>

int
main ()
{
static struct stat ac_aggr;
if (ac_aggr.st_flags)
return 0;
  ;
  return 0;
}
configure:4216: result: no
configure:4225: checking for struct stat.st_gen
configure:4246: cc -c -O  conftest.c >&5
configure: In function 'main':
configure:4238: error: 'struct stat' has no member named 'st_gen'
configure:4249: $? = 1
configure: failed program was:
#line 4231 "configure"
#include "confdefs.h"
#include <sys/stat.h>

int
main ()
{
static struct stat ac_aggr;
if (ac_aggr.st_gen)
return 0;
  ;
  return 0;
}
configure:4265: result: no
configure:4274: checking for struct stat.st_birthtime
configure:4295: cc -c -O  conftest.c >&5
configure: In function 'main':
configure:4287: error: 'struct stat' has no member named 'st_birthtime'
configure:4298: $? = 1
configure: failed program was:
#line 4280 "configure"
#include "confdefs.h"
#include <sys/stat.h>

int
main ()
{
static struct stat ac_aggr;
if (ac_aggr.st_birthtime)
return 0;
  ;
  return 0;
}
configure:4314: result: no
configure:4323: checking for struct stat.st_birthtimensec
configure:4344: cc -c -O  conftest.c >&5
configure: In function 'main':
configure:4336: error: 'struct stat' has no member named 'st_birthtimensec'
configure:4347: $? = 1
configure: failed program was:
#line 4329 "configure"
#include "confdefs.h"
#include <sys/stat.h>

int
main ()
{
static struct stat ac_aggr;
if (ac_aggr.st_birthtimensec)
return 0;
  ;
  return 0;
}
configure:4363: result: no
configure:4372: checking for struct stat.st_atim
configure:4393: cc -c -O  conftest.c >&5
configure: In function 'main':
configure:4385: error: used struct type value where scalar is required
configure:4396: $? = 1
configure: failed program was:
#line 4378 "configure"
#include "confdefs.h"
#include <sys/stat.h>

int
main ()
{
static struct stat ac_aggr;
if (ac_aggr.st_atim)
return 0;
  ;
  return 0;
}
configure:4412: result: no
configure:4421: checking for struct stat.st_mtimensec
configure:4442: cc -c -O  conftest.c >&5
configure: In function 'main':
configure:4434: error: 'struct stat' has no member named 'st_mtimensec'
configure:4445: $? = 1
configure: failed program was:
#line 4427 "configure"
#include "confdefs.h"
#include <sys/stat.h>

int
main ()
{
static struct stat ac_aggr;
if (ac_aggr.st_mtimensec)
return 0;
  ;
  return 0;
}
configure:4461: result: no
configure:4471: checking for struct statvfs.f_iosize
configure:4492: cc -c -O  conftest.c >&5
configure: In function 'main':
configure:4484: error: 'struct statvfs' has no member named 'f_iosize'
configure:4495: $? = 1
configure: failed program was:
#line 4477 "configure"
#include "confdefs.h"
#include <sys/statvfs.h>

int
main ()
{
static struct statvfs ac_aggr;
if (ac_aggr.f_iosize)
return 0;
  ;
  return 0;
}
configure:4511: result: no
configure:4522: checking whether optind is declared
configure:4547: cc -c -O  conftest.c >&5
configure: In function 'main':
configure:4538: warning: cast to pointer from integer of different size
configure:4550: $? = 0
configure:4553: test -s conftest.o
configure:4556: $? = 0
configure:4566: result: yes
configure:4580: checking whether optreset is declared
configure:4605: cc -c -O  conftest.c >&5
configure: In function 'main':
configure:4596: error: 'optreset' undeclared (first use in this function)
configure:4596: error: (Each undeclared identifier is reported only once
configure:4596: error: for each function it appears in.)
configure:4608: $? = 1
configure: failed program was:
#line 4586 "configure"
#include "confdefs.h"

#include <stdio.h>
#include <stdlib.h>
#include <unistd.h>

int
main ()
{
#ifndef optreset
  char *p = (char *) optreset;
#endif

  ;
  return 0;
}
configure:4624: result: no
configure:4639: checking whether sys_signame is declared
configure:4661: cc -c -O  conftest.c >&5
configure: In function 'main':
configure:4652: error: 'sys_signame' undeclared (first use in this function)
configure:4652: error: (Each undeclared identifier is reported only once
configure:4652: error: for each function it appears in.)
configure:4664: $? = 1
configure: failed program was:
#line 4645 "configure"
#include "confdefs.h"
#include <signal.h>

int
main ()
{
#ifndef sys_signame
  char *p = (char *) sys_signame;
#endif

  ;
  return 0;
}
configure:4680: result: no
configure:4698: checking for working alloca.h
configure:4716: cc -o conftest -O   conftest.c -lz  >&5
configure:4719: $? = 0
configure:4722: test -s conftest
configure:4725: $? = 0
configure:4735: result: yes
configure:4745: checking for alloca
configure:4783: cc -o conftest -O   conftest.c -lz  >&5
configure:4786: $? = 0
configure:4789: test -s conftest
configure:4792: $? = 0
configure:4802: result: yes
configure:4994: checking for atoll
configure:5031: cc -o conftest -O   conftest.c -lz  >&5
configure:5034: $? = 0
configure:5037: test -s conftest
configure:5040: $? = 0
configure:5050: result: yes
configure:4994: checking for asprintf
configure:5031: cc -o conftest -O   conftest.c -lz  >&5
configure:5034: $? = 0
configure:5037: test -s conftest
configure:5040: $? = 0
configure:5050: result: yes
configure:4994: checking for asnprintf
configure:5031: cc -o conftest -O   conftest.c -lz  >&5
/tmp/ccJ7BZ5J.o: In function `main':
conftest.c:(.text+0x7): undefined reference to `asnprintf'
collect2: ld returned 1 exit status
configure:5034: $? = 1
configure: failed program was:
#line 5000 "configure"
#include "confdefs.h"
/* System header to define __stub macros and hopefully few prototypes,
    which can conflict with char asnprintf (); below.  */
#include <assert.h>
/* Override any gcc2 internal prototype to avoid an error.  */
#ifdef __cplusplus
extern "C"
#endif
/* We use char because int might match the return type of a gcc2
   builtin and then its argument prototype would still apply.  */
char asnprintf ();
char (*f) ();

int
main ()
{
/* The GNU C library defines this for functions which it implements
    to always fail with ENOSYS.  Some functions are actually named
    something starting with __ and the normal name is an alias.  */
#if defined (__stub_asnprintf) || defined (__stub___asnprintf)
choke me
#else
f = asnprintf;
#endif

  ;
  return 0;
}
configure:5050: result: no
configure:4994: checking for basename
configure:5031: cc -o conftest -O   conftest.c -lz  >&5
configure:5034: $? = 0
configure:5037: test -s conftest
configure:5040: $? = 0
configure:5050: result: yes
configure:4994: checking for devname
configure:5031: cc -o conftest -O   conftest.c -lz  >&5
/tmp/ccZl9G1O.o: In function `main':
conftest.c:(.text+0x7): undefined reference to `devname'
collect2: ld returned 1 exit status
configure:5034: $? = 1
configure: failed program was:
#line 5000 "configure"
#include "confdefs.h"
/* System header to define __stub macros and hopefully few prototypes,
    which can conflict with char devname (); below.  */
#include <assert.h>
/* Override any gcc2 internal prototype to avoid an error.  */
#ifdef __cplusplus
extern "C"
#endif
/* We use char because int might match the return type of a gcc2
   builtin and then its argument prototype would still apply.  */
char devname ();
char (*f) ();

int
main ()
{
/* The GNU C library defines this for functions which it implements
    to always fail with ENOSYS.  Some functions are actually named
    something starting with __ and the normal name is an alias.  */
#if defined (__stub_devname) || defined (__stub___devname)
choke me
#else
f = devname;
#endif

  ;
  return 0;
}
configure:5050: result: no
configure:4994: checking for dirfd
configure:5031: cc -o conftest -O   conftest.c -lz  >&5
configure:5034: $? = 0
configure:5037: test -s conftest
configure:5040: $? = 0
configure:5050: result: yes
configure:4994: checking for dirname
configure:5031: cc -o conftest -O   conftest.c -lz  >&5
configure:5034: $? = 0
configure:5037: test -s conftest
configure:5040: $? = 0
configure:5050: result: yes
configure:4994: checking for esetfunc
configure:5031: cc -o conftest -O   conftest.c -lz  >&5
/tmp/ccuZsRTN.o: In function `main':
conftest.c:(.text+0x7): undefined reference to `esetfunc'
collect2: ld returned 1 exit status
configure:5034: $? = 1
configure: failed program was:
#line 5000 "configure"
#include "confdefs.h"
/* System header to define __stub macros and hopefully few prototypes,
    which can conflict with char esetfunc (); below.  */
#include <assert.h>
/* Override any gcc2 internal prototype to avoid an error.  */
#ifdef __cplusplus
extern "C"
#endif
/* We use char because int might match the return type of a gcc2
   builtin and then its argument prototype would still apply.  */
char esetfunc ();
char (*f) ();

int
main ()
{
/* The GNU C library defines this for functions which it implements
    to always fail with ENOSYS.  Some functions are actually named
    something starting with __ and the normal name is an alias.  */
#if defined (__stub_esetfunc) || defined (__stub___esetfunc)
choke me
#else
f = esetfunc;
#endif

  ;
  return 0;
}
configure:5050: result: no
configure:4994: checking for fgetln
configure:5031: cc -o conftest -O   conftest.c -lz  >&5
/tmp/ccoypdgN.o: In function `main':
conftest.c:(.text+0x7): undefined reference to `fgetln'
collect2: ld returned 1 exit status
configure:5034: $? = 1
configure: failed program was:
#line 5000 "configure"
#include "confdefs.h"
/* System header to define __stub macros and hopefully few prototypes,
    which can conflict with char fgetln (); below.  */
#include <assert.h>
/* Override any gcc2 internal prototype to avoid an error.  */
#ifdef __cplusplus
extern "C"
#endif
/* We use char because int might match the return type of a gcc2
   builtin and then its argument prototype would still apply.  */
char fgetln ();
char (*f) ();

int
main ()
{
/* The GNU C library defines this for functions which it implements
    to always fail with ENOSYS.  Some functions are actually named
    something starting with __ and the normal name is an alias.  */
#if defined (__stub_fgetln) || defined (__stub___fgetln)
choke me
#else
f = fgetln;
#endif

  ;
  return 0;
}
configure:5050: result: no
configure:4994: checking for flock
configure:5031: cc -o conftest -O   conftest.c -lz  >&5
configure:5034: $? = 0
configure:5037: test -s conftest
configure:5040: $? = 0
configure:5050: result: yes
configure:4994: checking for fpurge
configure:5031: cc -o conftest -O   conftest.c -lz  >&5
/tmp/cco8EuiS.o: In function `main':
conftest.c:(.text+0x7): undefined reference to `fpurge'
collect2: ld returned 1 exit status
configure:5034: $? = 1
configure: failed program was:
#line 5000 "configure"
#include "confdefs.h"
/* System header to define __stub macros and hopefully few prototypes,
    which can conflict with char fpurge (); below.  */
#include <assert.h>
/* Override any gcc2 internal prototype to avoid an error.  */
#ifdef __cplusplus
extern "C"
#endif
/* We use char because int might match the return type of a gcc2
   builtin and then its argument prototype would still apply.  */
char fpurge ();
char (*f) ();

int
main ()
{
/* The GNU C library defines this for functions which it implements
    to always fail with ENOSYS.  Some functions are actually named
    something starting with __ and the normal name is an alias.  */
#if defined (__stub_fpurge) || defined (__stub___fpurge)
choke me
#else
f = fpurge;
#endif

  ;
  return 0;
}
configure:5050: result: no
configure:4994: checking for __fpurge
configure:5031: cc -o conftest -O   conftest.c -lz  >&5
configure:5034: $? = 0
configure:5037: test -s conftest
configure:5040: $? = 0
configure:5050: result: yes
configure:4994: checking for futimes
configure:5031: cc -o conftest -O   conftest.c -lz  >&5
configure:5034: $? = 0
configure:5037: test -s conftest
configure:5040: $? = 0
configure:5050: result: yes
configure:4994: checking for getline
configure:5031: cc -o conftest -O   conftest.c -lz  >&5
configure:5034: $? = 0
configure:5037: test -s conftest
configure:5040: $? = 0
configure:5050: result: yes
configure:4994: checking for getopt
configure:5031: cc -o conftest -O   conftest.c -lz  >&5
configure:5034: $? = 0
configure:5037: test -s conftest
configure:5040: $? = 0
configure:5050: result: yes
configure:4994: checking for getopt_long
configure:5031: cc -o conftest -O   conftest.c -lz  >&5
configure:5034: $? = 0
configure:5037: test -s conftest
configure:5040: $? = 0
configure:5050: result: yes
configure:4994: checking for group_from_gid
configure:5031: cc -o conftest -O   conftest.c -lz  >&5
/tmp/ccWJyaha.o: In function `main':
conftest.c:(.text+0x7): undefined reference to `group_from_gid'
collect2: ld returned 1 exit status
configure:5034: $? = 1
configure: failed program was:
#line 5000 "configure"
#include "confdefs.h"
/* System header to define __stub macros and hopefully few prototypes,
    which can conflict with char group_from_gid (); below.  */
#include <assert.h>
/* Override any gcc2 internal prototype to avoid an error.  */
#ifdef __cplusplus
extern "C"
#endif
/* We use char because int might match the return type of a gcc2
   builtin and then its argument prototype would still apply.  */
char group_from_gid ();
char (*f) ();

int
main ()
{
/* The GNU C library defines this for functions which it implements
    to always fail with ENOSYS.  Some functions are actually named
    something starting with __ and the normal name is an alias.  */
#if defined (__stub_group_from_gid) || defined (__stub___group_from_gid)
choke me
#else
f = group_from_gid;
#endif

  ;
  return 0;
}
configure:5050: result: no
configure:4994: checking for gid_from_group
configure:5031: cc -o conftest -O   conftest.c -lz  >&5
/tmp/ccGFKE8c.o: In function `main':
conftest.c:(.text+0x7): undefined reference to `gid_from_group'
collect2: ld returned 1 exit status
configure:5034: $? = 1
configure: failed program was:
#line 5000 "configure"
#include "confdefs.h"
/* System header to define __stub macros and hopefully few prototypes,
    which can conflict with char gid_from_group (); below.  */
#include <assert.h>
/* Override any gcc2 internal prototype to avoid an error.  */
#ifdef __cplusplus
extern "C"
#endif
/* We use char because int might match the return type of a gcc2
   builtin and then its argument prototype would still apply.  */
char gid_from_group ();
char (*f) ();

int
main ()
{
/* The GNU C library defines this for functions which it implements
    to always fail with ENOSYS.  Some functions are actually named
    something starting with __ and the normal name is an alias.  */
#if defined (__stub_gid_from_group) || defined (__stub___gid_from_group)
choke me
#else
f = gid_from_group;
#endif

  ;
  return 0;
}
configure:5050: result: no
configure:4994: checking for heapsort
configure:5031: cc -o conftest -O   conftest.c -lz  >&5
/tmp/ccaZfeJf.o: In function `main':
conftest.c:(.text+0x7): undefined reference to `heapsort'
collect2: ld returned 1 exit status
configure:5034: $? = 1
configure: failed program was:
#line 5000 "configure"
#include "confdefs.h"
/* System header to define __stub macros and hopefully few prototypes,
    which can conflict with char heapsort (); below.  */
#include <assert.h>
/* Override any gcc2 internal prototype to avoid an error.  */
#ifdef __cplusplus
extern "C"
#endif
/* We use char because int might match the return type of a gcc2
   builtin and then its argument prototype would still apply.  */
char heapsort ();
char (*f) ();

int
main ()
{
/* The GNU C library defines this for functions which it implements
    to always fail with ENOSYS.  Some functions are actually named
    something starting with __ and the normal name is an alias.  */
#if defined (__stub_heapsort) || defined (__stub___heapsort)
choke me
#else
f = heapsort;
#endif

  ;
  return 0;
}
configure:5050: result: no
configure:4994: checking for isblank
configure:5031: cc -o conftest -O   conftest.c -lz  >&5
configure:5010: warning: conflicting types for built-in function 'isblank'
configure:5034: $? = 0
configure:5037: test -s conftest
configure:5040: $? = 0
configure:5050: result: yes
configure:4994: checking for issetugid
configure:5031: cc -o conftest -O   conftest.c -lz  >&5
/tmp/ccgihRLk.o: In function `main':
conftest.c:(.text+0x7): undefined reference to `issetugid'
collect2: ld returned 1 exit status
configure:5034: $? = 1
configure: failed program was:
#line 5000 "configure"
#include "confdefs.h"
/* System header to define __stub macros and hopefully few prototypes,
    which can conflict with char issetugid (); below.  */
#include <assert.h>
/* Override any gcc2 internal prototype to avoid an error.  */
#ifdef __cplusplus
extern "C"
#endif
/* We use char because int might match the return type of a gcc2
   builtin and then its argument prototype would still apply.  */
char issetugid ();
char (*f) ();

int
main ()
{
/* The GNU C library defines this for functions which it implements
    to always fail with ENOSYS.  Some functions are actually named
    something starting with __ and the normal name is an alias.  */
#if defined (__stub_issetugid) || defined (__stub___issetugid)
choke me
#else
f = issetugid;
#endif

  ;
  return 0;
}
configure:5050: result: no
configure:4994: checking for lchflags
configure:5031: cc -o conftest -O   conftest.c -lz  >&5
/tmp/ccoQHO2m.o: In function `main':
conftest.c:(.text+0x7): undefined reference to `lchflags'
collect2: ld returned 1 exit status
configure:5034: $? = 1
configure: failed program was:
#line 5000 "configure"
#include "confdefs.h"
/* System header to define __stub macros and hopefully few prototypes,
    which can conflict with char lchflags (); below.  */
#include <assert.h>
/* Override any gcc2 internal prototype to avoid an error.  */
#ifdef __cplusplus
extern "C"
#endif
/* We use char because int might match the return type of a gcc2
   builtin and then its argument prototype would still apply.  */
char lchflags ();
char (*f) ();

int
main ()
{
/* The GNU C library defines this for functions which it implements
    to always fail with ENOSYS.  Some functions are actually named
    something starting with __ and the normal name is an alias.  */
#if defined (__stub_lchflags) || defined (__stub___lchflags)
choke me
#else
f = lchflags;
#endif

  ;
  return 0;
}
configure:5050: result: no
configure:4994: checking for lchmod
configure:5031: cc -o conftest -O   conftest.c -lz  >&5
configure: In function 'main':
configure:5020: error: 'choke' undeclared (first use in this function)
configure:5020: error: (Each undeclared identifier is reported only once
configure:5020: error: for each function it appears in.)
configure:5020: error: expected ';' before 'me'
configure:5034: $? = 1
configure: failed program was:
#line 5000 "configure"
#include "confdefs.h"
/* System header to define __stub macros and hopefully few prototypes,
    which can conflict with char lchmod (); below.  */
#include <assert.h>
/* Override any gcc2 internal prototype to avoid an error.  */
#ifdef __cplusplus
extern "C"
#endif
/* We use char because int might match the return type of a gcc2
   builtin and then its argument prototype would still apply.  */
char lchmod ();
char (*f) ();

int
main ()
{
/* The GNU C library defines this for functions which it implements
    to always fail with ENOSYS.  Some functions are actually named
    something starting with __ and the normal name is an alias.  */
#if defined (__stub_lchmod) || defined (__stub___lchmod)
choke me
#else
f = lchmod;
#endif

  ;
  return 0;
}
configure:5050: result: no
configure:4994: checking for lchown
configure:5031: cc -o conftest -O   conftest.c -lz  >&5
configure:5034: $? = 0
configure:5037: test -s conftest
configure:5040: $? = 0
configure:5050: result: yes
configure:4994: checking for lutimes
configure:5031: cc -o conftest -O   conftest.c -lz  >&5
configure:5034: $? = 0
configure:5037: test -s conftest
configure:5040: $? = 0
configure:5050: result: yes
configure:4994: checking for mkstemp
configure:5031: cc -o conftest -O   conftest.c -lz  >&5
configure:5034: $? = 0
configure:5037: test -s conftest
configure:5040: $? = 0
configure:5050: result: yes
configure:4994: checking for mkdtemp
configure:5031: cc -o conftest -O   conftest.c -lz  >&5
configure:5034: $? = 0
configure:5037: test -s conftest
configure:5040: $? = 0
configure:5050: result: yes
configure:4994: checking for poll
configure:5031: cc -o conftest -O   conftest.c -lz  >&5
configure:5034: $? = 0
configure:5037: test -s conftest
configure:5040: $? = 0
configure:5050: result: yes
configure:4994: checking for pread
configure:5031: cc -o conftest -O   conftest.c -lz  >&5
configure:5034: $? = 0
configure:5037: test -s conftest
configure:5040: $? = 0
configure:5050: result: yes
configure:4994: checking for putc_unlocked
configure:5031: cc -o conftest -O   conftest.c -lz  >&5
configure:5010: warning: conflicting types for built-in function 'putc_unlocked'
configure:5034: $? = 0
configure:5037: test -s conftest
configure:5040: $? = 0
configure:5050: result: yes
configure:4994: checking for pwcache_userdb
configure:5031: cc -o conftest -O   conftest.c -lz  >&5
/tmp/ccE7BuUF.o: In function `main':
conftest.c:(.text+0x7): undefined reference to `pwcache_userdb'
collect2: ld returned 1 exit status
configure:5034: $? = 1
configure: failed program was:
#line 5000 "configure"
#include "confdefs.h"
/* System header to define __stub macros and hopefully few prototypes,
    which can conflict with char pwcache_userdb (); below.  */
#include <assert.h>
/* Override any gcc2 internal prototype to avoid an error.  */
#ifdef __cplusplus
extern "C"
#endif
/* We use char because int might match the return type of a gcc2
   builtin and then its argument prototype would still apply.  */
char pwcache_userdb ();
char (*f) ();

int
main ()
{
/* The GNU C library defines this for functions which it implements
    to always fail with ENOSYS.  Some functions are actually named
    something starting with __ and the normal name is an alias.  */
#if defined (__stub_pwcache_userdb) || defined (__stub___pwcache_userdb)
choke me
#else
f = pwcache_userdb;
#endif

  ;
  return 0;
}
configure:5050: result: no
configure:4994: checking for pwcache_groupdb
configure:5031: cc -o conftest -O   conftest.c -lz  >&5
/tmp/ccS4r5NI.o: In function `main':
conftest.c:(.text+0x7): undefined reference to `pwcache_groupdb'
collect2: ld returned 1 exit status
configure:5034: $? = 1
configure: failed program was:
#line 5000 "configure"
#include "confdefs.h"
/* System header to define __stub macros and hopefully few prototypes,
    which can conflict with char pwcache_groupdb (); below.  */
#include <assert.h>
/* Override any gcc2 internal prototype to avoid an error.  */
#ifdef __cplusplus
extern "C"
#endif
/* We use char because int might match the return type of a gcc2
   builtin and then its argument prototype would still apply.  */
char pwcache_groupdb ();
char (*f) ();

int
main ()
{
/* The GNU C library defines this for functions which it implements
    to always fail with ENOSYS.  Some functions are actually named
    something starting with __ and the normal name is an alias.  */
#if defined (__stub_pwcache_groupdb) || defined (__stub___pwcache_groupdb)
choke me
#else
f = pwcache_groupdb;
#endif

  ;
  return 0;
}
configure:5050: result: no
configure:4994: checking for pwrite
configure:5031: cc -o conftest -O   conftest.c -lz  >&5
configure:5034: $? = 0
configure:5037: test -s conftest
configure:5040: $? = 0
configure:5050: result: yes
configure:4994: checking for raise_default_signal
configure:5031: cc -o conftest -O   conftest.c -lz  >&5
/tmp/ccSIVuON.o: In function `main':
conftest.c:(.text+0x7): undefined reference to `raise_default_signal'
collect2: ld returned 1 exit status
configure:5034: $? = 1
configure: failed program was:
#line 5000 "configure"
#include "confdefs.h"
/* System header to define __stub macros and hopefully few prototypes,
    which can conflict with char raise_default_signal (); below.  */
#include <assert.h>
/* Override any gcc2 internal prototype to avoid an error.  */
#ifdef __cplusplus
extern "C"
#endif
/* We use char because int might match the return type of a gcc2
   builtin and then its argument prototype would still apply.  */
char raise_default_signal ();
char (*f) ();

int
main ()
{
/* The GNU C library defines this for functions which it implements
    to always fail with ENOSYS.  Some functions are actually named
    something starting with __ and the normal name is an alias.  */
#if defined (__stub_raise_default_signal) || defined (__stub___raise_default_signal)
choke me
#else
f = raise_default_signal;
#endif

  ;
  return 0;
}
configure:5050: result: no
configure:4994: checking for random
configure:5031: cc -o conftest -O   conftest.c -lz  >&5
configure:5034: $? = 0
configure:5037: test -s conftest
configure:5040: $? = 0
configure:5050: result: yes
configure:4994: checking for setenv
configure:5031: cc -o conftest -O   conftest.c -lz  >&5
configure:5034: $? = 0
configure:5037: test -s conftest
configure:5040: $? = 0
configure:5050: result: yes
configure:4994: checking for setgroupent
configure:5031: cc -o conftest -O   conftest.c -lz  >&5
/tmp/ccXK29ON.o: In function `main':
conftest.c:(.text+0x7): undefined reference to `setgroupent'
collect2: ld returned 1 exit status
configure:5034: $? = 1
configure: failed program was:
#line 5000 "configure"
#include "confdefs.h"
/* System header to define __stub macros and hopefully few prototypes,
    which can conflict with char setgroupent (); below.  */
#include <assert.h>
/* Override any gcc2 internal prototype to avoid an error.  */
#ifdef __cplusplus
extern "C"
#endif
/* We use char because int might match the return type of a gcc2
   builtin and then its argument prototype would still apply.  */
char setgroupent ();
char (*f) ();

int
main ()
{
/* The GNU C library defines this for functions which it implements
    to always fail with ENOSYS.  Some functions are actually named
    something starting with __ and the normal name is an alias.  */
#if defined (__stub_setgroupent) || defined (__stub___setgroupent)
choke me
#else
f = setgroupent;
#endif

  ;
  return 0;
}
configure:5050: result: no
configure:4994: checking for setprogname
configure:5031: cc -o conftest -O   conftest.c -lz  >&5
/tmp/ccVFNIHQ.o: In function `main':
conftest.c:(.text+0x7): undefined reference to `setprogname'
collect2: ld returned 1 exit status
configure:5034: $? = 1
configure: failed program was:
#line 5000 "configure"
#include "confdefs.h"
/* System header to define __stub macros and hopefully few prototypes,
    which can conflict with char setprogname (); below.  */
#include <assert.h>
/* Override any gcc2 internal prototype to avoid an error.  */
#ifdef __cplusplus
extern "C"
#endif
/* We use char because int might match the return type of a gcc2
   builtin and then its argument prototype would still apply.  */
char setprogname ();
char (*f) ();

int
main ()
{
/* The GNU C library defines this for functions which it implements
    to always fail with ENOSYS.  Some functions are actually named
    something starting with __ and the normal name is an alias.  */
#if defined (__stub_setprogname) || defined (__stub___setprogname)
choke me
#else
f = setprogname;
#endif

  ;
  return 0;
}
configure:5050: result: no
configure:4994: checking for setpassent
configure:5031: cc -o conftest -O   conftest.c -lz  >&5
/tmp/cc3138gT.o: In function `main':
conftest.c:(.text+0x7): undefined reference to `setpassent'
collect2: ld returned 1 exit status
configure:5034: $? = 1
configure: failed program was:
#line 5000 "configure"
#include "confdefs.h"
/* System header to define __stub macros and hopefully few prototypes,
    which can conflict with char setpassent (); below.  */
#include <assert.h>
/* Override any gcc2 internal prototype to avoid an error.  */
#ifdef __cplusplus
extern "C"
#endif
/* We use char because int might match the return type of a gcc2
   builtin and then its argument prototype would still apply.  */
char setpassent ();
char (*f) ();

int
main ()
{
/* The GNU C library defines this for functions which it implements
    to always fail with ENOSYS.  Some functions are actually named
    something starting with __ and the normal name is an alias.  */
#if defined (__stub_setpassent) || defined (__stub___setpassent)
choke me
#else
f = setpassent;
#endif

  ;
  return 0;
}
configure:5050: result: no
configure:4994: checking for snprintf
configure:5031: cc -o conftest -O   conftest.c -lz  >&5
configure:5010: warning: conflicting types for built-in function 'snprintf'
configure:5034: $? = 0
configure:5037: test -s conftest
configure:5040: $? = 0
configure:5050: result: yes
configure:4994: checking for strlcat
configure:5031: cc -o conftest -O   conftest.c -lz  >&5
/tmp/ccPYDCkY.o: In function `main':
conftest.c:(.text+0x7): undefined reference to `strlcat'
collect2: ld returned 1 exit status
configure:5034: $? = 1
configure: failed program was:
#line 5000 "configure"
#include "confdefs.h"
/* System header to define __stub macros and hopefully few prototypes,
    which can conflict with char strlcat (); below.  */
#include <assert.h>
/* Override any gcc2 internal prototype to avoid an error.  */
#ifdef __cplusplus
extern "C"
#endif
/* We use char because int might match the return type of a gcc2
   builtin and then its argument prototype would still apply.  */
char strlcat ();
char (*f) ();

int
main ()
{
/* The GNU C library defines this for functions which it implements
    to always fail with ENOSYS.  Some functions are actually named
    something starting with __ and the normal name is an alias.  */
#if defined (__stub_strlcat) || defined (__stub___strlcat)
choke me
#else
f = strlcat;
#endif

  ;
  return 0;
}
configure:5050: result: no
configure:4994: checking for strlcpy
configure:5031: cc -o conftest -O   conftest.c -lz  >&5
/tmp/ccfCx0C0.o: In function `main':
conftest.c:(.text+0x7): undefined reference to `strlcpy'
collect2: ld returned 1 exit status
configure:5034: $? = 1
configure: failed program was:
#line 5000 "configure"
#include "confdefs.h"
/* System header to define __stub macros and hopefully few prototypes,
    which can conflict with char strlcpy (); below.  */
#include <assert.h>
/* Override any gcc2 internal prototype to avoid an error.  */
#ifdef __cplusplus
extern "C"
#endif
/* We use char because int might match the return type of a gcc2
   builtin and then its argument prototype would still apply.  */
char strlcpy ();
char (*f) ();

int
main ()
{
/* The GNU C library defines this for functions which it implements
    to always fail with ENOSYS.  Some functions are actually named
    something starting with __ and the normal name is an alias.  */
#if defined (__stub_strlcpy) || defined (__stub___strlcpy)
choke me
#else
f = strlcpy;
#endif

  ;
  return 0;
}
configure:5050: result: no
configure:4994: checking for strmode
configure:5031: cc -o conftest -O   conftest.c -lz  >&5
/tmp/ccDstrc3.o: In function `main':
conftest.c:(.text+0x7): undefined reference to `strmode'
collect2: ld returned 1 exit status
configure:5034: $? = 1
configure: failed program was:
#line 5000 "configure"
#include "confdefs.h"
/* System header to define __stub macros and hopefully few prototypes,
    which can conflict with char strmode (); below.  */
#include <assert.h>
/* Override any gcc2 internal prototype to avoid an error.  */
#ifdef __cplusplus
extern "C"
#endif
/* We use char because int might match the return type of a gcc2
   builtin and then its argument prototype would still apply.  */
char strmode ();
char (*f) ();

int
main ()
{
/* The GNU C library defines this for functions which it implements
    to always fail with ENOSYS.  Some functions are actually named
    something starting with __ and the normal name is an alias.  */
#if defined (__stub_strmode) || defined (__stub___strmode)
choke me
#else
f = strmode;
#endif

  ;
  return 0;
}
configure:5050: result: no
configure:4994: checking for strndup
configure:5031: cc -o conftest -O   conftest.c -lz  >&5
configure:5010: warning: conflicting types for built-in function 'strndup'
configure:5034: $? = 0
configure:5037: test -s conftest
configure:5040: $? = 0
configure:5050: result: yes
configure:4994: checking for strsep
configure:5031: cc -o conftest -O   conftest.c -lz  >&5
configure:5034: $? = 0
configure:5037: test -s conftest
configure:5040: $? = 0
configure:5050: result: yes
configure:4994: checking for strsuftoll
configure:5031: cc -o conftest -O   conftest.c -lz  >&5
/tmp/cc1cerGa.o: In function `main':
conftest.c:(.text+0x7): undefined reference to `strsuftoll'
collect2: ld returned 1 exit status
configure:5034: $? = 1
configure: failed program was:
#line 5000 "configure"
#include "confdefs.h"
/* System header to define __stub macros and hopefully few prototypes,
    which can conflict with char strsuftoll (); below.  */
#include <assert.h>
/* Override any gcc2 internal prototype to avoid an error.  */
#ifdef __cplusplus
extern "C"
#endif
/* We use char because int might match the return type of a gcc2
   builtin and then its argument prototype would still apply.  */
char strsuftoll ();
char (*f) ();

int
main ()
{
/* The GNU C library defines this for functions which it implements
    to always fail with ENOSYS.  Some functions are actually named
    something starting with __ and the normal name is an alias.  */
#if defined (__stub_strsuftoll) || defined (__stub___strsuftoll)
choke me
#else
f = strsuftoll;
#endif

  ;
  return 0;
}
configure:5050: result: no
configure:4994: checking for strtoll
configure:5031: cc -o conftest -O   conftest.c -lz  >&5
configure:5034: $? = 0
configure:5037: test -s conftest
configure:5040: $? = 0
configure:5050: result: yes
configure:4994: checking for user_from_uid
configure:5031: cc -o conftest -O   conftest.c -lz  >&5
/tmp/ccx3I9Gf.o: In function `main':
conftest.c:(.text+0x7): undefined reference to `user_from_uid'
collect2: ld returned 1 exit status
configure:5034: $? = 1
configure: failed program was:
#line 5000 "configure"
#include "confdefs.h"
/* System header to define __stub macros and hopefully few prototypes,
    which can conflict with char user_from_uid (); below.  */
#include <assert.h>
/* Override any gcc2 internal prototype to avoid an error.  */
#ifdef __cplusplus
extern "C"
#endif
/* We use char because int might match the return type of a gcc2
   builtin and then its argument prototype would still apply.  */
char user_from_uid ();
char (*f) ();

int
main ()
{
/* The GNU C library defines this for functions which it implements
    to always fail with ENOSYS.  Some functions are actually named
    something starting with __ and the normal name is an alias.  */
#if defined (__stub_user_from_uid) || defined (__stub___user_from_uid)
choke me
#else
f = user_from_uid;
#endif

  ;
  return 0;
}
configure:5050: result: no
configure:4994: checking for uid_from_user
configure:5031: cc -o conftest -O   conftest.c -lz  >&5
/tmp/cc3TV1hi.o: In function `main':
conftest.c:(.text+0x7): undefined reference to `uid_from_user'
collect2: ld returned 1 exit status
configure:5034: $? = 1
configure: failed program was:
#line 5000 "configure"
#include "confdefs.h"
/* System header to define __stub macros and hopefully few prototypes,
    which can conflict with char uid_from_user (); below.  */
#include <assert.h>
/* Override any gcc2 internal prototype to avoid an error.  */
#ifdef __cplusplus
extern "C"
#endif
/* We use char because int might match the return type of a gcc2
   builtin and then its argument prototype would still apply.  */
char uid_from_user ();
char (*f) ();

int
main ()
{
/* The GNU C library defines this for functions which it implements
    to always fail with ENOSYS.  Some functions are actually named
    something starting with __ and the normal name is an alias.  */
#if defined (__stub_uid_from_user) || defined (__stub___uid_from_user)
choke me
#else
f = uid_from_user;
#endif

  ;
  return 0;
}
configure:5050: result: no
configure:4994: checking for vasprintf
configure:5031: cc -o conftest -O   conftest.c -lz  >&5
configure:5034: $? = 0
configure:5037: test -s conftest
configure:5040: $? = 0
configure:5050: result: yes
configure:4994: checking for vasnprintf
configure:5031: cc -o conftest -O   conftest.c -lz  >&5
/tmp/cc3j7gjn.o: In function `main':
conftest.c:(.text+0x7): undefined reference to `vasnprintf'
collect2: ld returned 1 exit status
configure:5034: $? = 1
configure: failed program was:
#line 5000 "configure"
#include "confdefs.h"
/* System header to define __stub macros and hopefully few prototypes,
    which can conflict with char vasnprintf (); below.  */
#include <assert.h>
/* Override any gcc2 internal prototype to avoid an error.  */
#ifdef __cplusplus
extern "C"
#endif
/* We use char because int might match the return type of a gcc2
   builtin and then its argument prototype would still apply.  */
char vasnprintf ();
char (*f) ();

int
main ()
{
/* The GNU C library defines this for functions which it implements
    to always fail with ENOSYS.  Some functions are actually named
    something starting with __ and the normal name is an alias.  */
#if defined (__stub_vasnprintf) || defined (__stub___vasnprintf)
choke me
#else
f = vasnprintf;
#endif

  ;
  return 0;
}
configure:5050: result: no
configure:4994: checking for vsnprintf
configure:5031: cc -o conftest -O   conftest.c -lz  >&5
configure:5010: warning: conflicting types for built-in function 'vsnprintf'
configure:5034: $? = 0
configure:5037: test -s conftest
configure:5040: $? = 0
configure:5050: result: yes
configure:5060: checking whether user_from_uid is declared
configure:5083: cc -c -O  conftest.c >&5
configure: In function 'main':
configure:5074: error: 'user_from_uid' undeclared (first use in this function)
configure:5074: error: (Each undeclared identifier is reported only once
configure:5074: error: for each function it appears in.)
configure:5086: $? = 1
configure: failed program was:
#line 5066 "configure"
#include "confdefs.h"

#include <pwd.h>

int
main ()
{
#ifndef user_from_uid
  char *p = (char *) user_from_uid;
#endif

  ;
  return 0;
}
configure:5102: result: no
configure:5116: checking whether uid_from_user is declared
configure:5139: cc -c -O  conftest.c >&5
configure: In function 'main':
configure:5130: error: 'uid_from_user' undeclared (first use in this function)
configure:5130: error: (Each undeclared identifier is reported only once
configure:5130: error: for each function it appears in.)
configure:5142: $? = 1
configure: failed program was:
#line 5122 "configure"
#include "confdefs.h"

#include <pwd.h>

int
main ()
{
#ifndef uid_from_user
  char *p = (char *) uid_from_user;
#endif

  ;
  return 0;
}
configure:5158: result: no
configure:5172: checking whether pwcache_userdb is declared
configure:5195: cc -c -O  conftest.c >&5
configure: In function 'main':
configure:5186: error: 'pwcache_userdb' undeclared (first use in this function)
configure:5186: error: (Each undeclared identifier is reported only once
configure:5186: error: for each function it appears in.)
configure:5198: $? = 1
configure: failed program was:
#line 5178 "configure"
#include "confdefs.h"

#include <pwd.h>

int
main ()
{
#ifndef pwcache_userdb
  char *p = (char *) pwcache_userdb;
#endif

  ;
  return 0;
}
configure:5214: result: no
configure:5229: checking whether group_from_gid is declared
configure:5252: cc -c -O  conftest.c >&5
configure: In function 'main':
configure:5243: error: 'group_from_gid' undeclared (first use in this function)
configure:5243: error: (Each undeclared identifier is reported only once
configure:5243: error: for each function it appears in.)
configure:5255: $? = 1
configure: failed program was:
#line 5235 "configure"
#include "confdefs.h"

#include <grp.h>

int
main ()
{
#ifndef group_from_gid
  char *p = (char *) group_from_gid;
#endif

  ;
  return 0;
}
configure:5271: result: no
configure:5285: checking whether gid_from_group is declared
configure:5308: cc -c -O  conftest.c >&5
configure: In function 'main':
configure:5299: error: 'gid_from_group' undeclared (first use in this function)
configure:5299: error: (Each undeclared identifier is reported only once
configure:5299: error: for each function it appears in.)
configure:5311: $? = 1
configure: failed program was:
#line 5291 "configure"
#include "confdefs.h"

#include <grp.h>

int
main ()
{
#ifndef gid_from_group
  char *p = (char *) gid_from_group;
#endif

  ;
  return 0;
}
configure:5327: result: no
configure:5341: checking whether pwcache_groupdb is declared
configure:5364: cc -c -O  conftest.c >&5
configure: In function 'main':
configure:5355: error: 'pwcache_groupdb' undeclared (first use in this function)
configure:5355: error: (Each undeclared identifier is reported only once
configure:5355: error: for each function it appears in.)
configure:5367: $? = 1
configure: failed program was:
#line 5347 "configure"
#include "confdefs.h"

#include <grp.h>

int
main ()
{
#ifndef pwcache_groupdb
  char *p = (char *) pwcache_groupdb;
#endif

  ;
  return 0;
}
configure:5383: result: no
configure:5398: checking whether strndup is declared
configure:5420: cc -c -O  conftest.c >&5
configure:5423: $? = 0
configure:5426: test -s conftest.o
configure:5429: $? = 0
configure:5439: result: yes
configure:5454: checking whether strsuftoll is declared
configure:5476: cc -c -O  conftest.c >&5
configure: In function 'main':
configure:5467: error: 'strsuftoll' undeclared (first use in this function)
configure:5467: error: (Each undeclared identifier is reported only once
configure:5467: error: for each function it appears in.)
configure:5479: $? = 1
configure: failed program was:
#line 5460 "configure"
#include "confdefs.h"
#include <stdlib.h>

int
main ()
{
#ifndef strsuftoll
  char *p = (char *) strsuftoll;
#endif

  ;
  return 0;
}
configure:5495: result: no
configure:5510: checking whether lchflags is declared
configure:5534: cc -c -O  conftest.c >&5
configure: In function 'main':
configure:5525: error: 'lchflags' undeclared (first use in this function)
configure:5525: error: (Each undeclared identifier is reported only once
configure:5525: error: for each function it appears in.)
configure:5537: $? = 1
configure: failed program was:
#line 5516 "configure"
#include "confdefs.h"

#include <sys/stat.h>
#include <unistd.h>

int
main ()
{
#ifndef lchflags
  char *p = (char *) lchflags;
#endif

  ;
  return 0;
}
configure:5553: result: no
configure:5567: checking whether lchmod is declared
configure:5591: cc -c -O  conftest.c >&5
configure:5594: $? = 0
configure:5597: test -s conftest.o
configure:5600: $? = 0
configure:5610: result: yes
configure:5624: checking whether lchown is declared
configure:5648: cc -c -O  conftest.c >&5
configure:5651: $? = 0
configure:5654: test -s conftest.o
configure:5657: $? = 0
configure:5667: result: yes
configure:5682: checking whether htobe16 is declared
configure:5704: cc -c -O  conftest.c >&5
configure:5707: $? = 0
configure:5710: test -s conftest.o
configure:5713: $? = 0
configure:5723: result: yes
configure:5737: checking whether htobe32 is declared
configure:5759: cc -c -O  conftest.c >&5
configure:5762: $? = 0
configure:5765: test -s conftest.o
configure:5768: $? = 0
configure:5778: result: yes
configure:5792: checking whether htobe64 is declared
configure:5814: cc -c -O  conftest.c >&5
configure:5817: $? = 0
configure:5820: test -s conftest.o
configure:5823: $? = 0
configure:5833: result: yes
configure:5847: checking whether htole16 is declared
configure:5869: cc -c -O  conftest.c >&5
configure:5872: $? = 0
configure:5875: test -s conftest.o
configure:5878: $? = 0
configure:5888: result: yes
configure:5902: checking whether htole32 is declared
configure:5924: cc -c -O  conftest.c >&5
configure:5927: $? = 0
configure:5930: test -s conftest.o
configure:5933: $? = 0
configure:5943: result: yes
configure:5957: checking whether htole64 is declared
configure:5979: cc -c -O  conftest.c >&5
configure:5982: $? = 0
configure:5985: test -s conftest.o
configure:5988: $? = 0
configure:5998: result: yes
configure:6012: checking whether be16toh is declared
configure:6034: cc -c -O  conftest.c >&5
configure:6037: $? = 0
configure:6040: test -s conftest.o
configure:6043: $? = 0
configure:6053: result: yes
configure:6067: checking whether be32toh is declared
configure:6089: cc -c -O  conftest.c >&5
configure:6092: $? = 0
configure:6095: test -s conftest.o
configure:6098: $? = 0
configure:6108: result: yes
configure:6122: checking whether be64toh is declared
configure:6144: cc -c -O  conftest.c >&5
configure:6147: $? = 0
configure:6150: test -s conftest.o
configure:6153: $? = 0
configure:6163: result: yes
configure:6177: checking whether le16toh is declared
configure:6199: cc -c -O  conftest.c >&5
configure:6202: $? = 0
configure:6205: test -s conftest.o
configure:6208: $? = 0
configure:6218: result: yes
configure:6232: checking whether le32toh is declared
configure:6254: cc -c -O  conftest.c >&5
configure:6257: $? = 0
configure:6260: test -s conftest.o
configure:6263: $? = 0
configure:6273: result: yes
configure:6287: checking whether le64toh is declared
configure:6309: cc -c -O  conftest.c >&5
configure:6312: $? = 0
configure:6315: test -s conftest.o
configure:6318: $? = 0
configure:6328: result: yes
configure:6343: checking whether bswap16 is declared
configure:6365: cc -c -O  conftest.c >&5
configure:6350:27: error: machine/bswap.h: No such file or directory
configure: In function 'main':
configure:6356: error: 'bswap16' undeclared (first use in this function)
configure:6356: error: (Each undeclared identifier is reported only once
configure:6356: error: for each function it appears in.)
configure:6368: $? = 1
configure: failed program was:
#line 6349 "configure"
#include "confdefs.h"
#include <machine/bswap.h>

int
main ()
{
#ifndef bswap16
  char *p = (char *) bswap16;
#endif

  ;
  return 0;
}
configure:6384: result: no
configure:6398: checking whether bswap32 is declared
configure:6420: cc -c -O  conftest.c >&5
configure:6405:27: error: machine/bswap.h: No such file or directory
configure: In function 'main':
configure:6411: error: 'bswap32' undeclared (first use in this function)
configure:6411: error: (Each undeclared identifier is reported only once
configure:6411: error: for each function it appears in.)
configure:6423: $? = 1
configure: failed program was:
#line 6404 "configure"
#include "confdefs.h"
#include <machine/bswap.h>

int
main ()
{
#ifndef bswap32
  char *p = (char *) bswap32;
#endif

  ;
  return 0;
}
configure:6439: result: no
configure:6453: checking whether bswap64 is declared
configure:6475: cc -c -O  conftest.c >&5
configure:6460:27: error: machine/bswap.h: No such file or directory
configure: In function 'main':
configure:6466: error: 'bswap64' undeclared (first use in this function)
configure:6466: error: (Each undeclared identifier is reported only once
configure:6466: error: for each function it appears in.)
configure:6478: $? = 1
configure: failed program was:
#line 6459 "configure"
#include "confdefs.h"
#include <machine/bswap.h>

int
main ()
{
#ifndef bswap64
  char *p = (char *) bswap64;
#endif

  ;
  return 0;
}
configure:6494: result: no
configure:6509: checking whether be16enc is declared
configure:6531: cc -c -O  conftest.c >&5
configure:6516:24: error: sys/endian.h: No such file or directory
configure: In function 'main':
configure:6522: error: 'be16enc' undeclared (first use in this function)
configure:6522: error: (Each undeclared identifier is reported only once
configure:6522: error: for each function it appears in.)
configure:6534: $? = 1
configure: failed program was:
#line 6515 "configure"
#include "confdefs.h"
#include <sys/endian.h>

int
main ()
{
#ifndef be16enc
  char *p = (char *) be16enc;
#endif

  ;
  return 0;
}
configure:6550: result: no
configure:6564: checking whether le16enc is declared
configure:6586: cc -c -O  conftest.c >&5
configure:6571:24: error: sys/endian.h: No such file or directory
configure: In function 'main':
configure:6577: error: 'le16enc' undeclared (first use in this function)
configure:6577: error: (Each undeclared identifier is reported only once
configure:6577: error: for each function it appears in.)
configure:6589: $? = 1
configure: failed program was:
#line 6570 "configure"
#include "confdefs.h"
#include <sys/endian.h>

int
main ()
{
#ifndef le16enc
  char *p = (char *) le16enc;
#endif

  ;
  return 0;
}
configure:6605: result: no
configure:6619: checking whether be16dec is declared
configure:6641: cc -c -O  conftest.c >&5
configure:6626:24: error: sys/endian.h: No such file or directory
configure: In function 'main':
configure:6632: error: 'be16dec' undeclared (first use in this function)
configure:6632: error: (Each undeclared identifier is reported only once
configure:6632: error: for each function it appears in.)
configure:6644: $? = 1
configure: failed program was:
#line 6625 "configure"
#include "confdefs.h"
#include <sys/endian.h>

int
main ()
{
#ifndef be16dec
  char *p = (char *) be16dec;
#endif

  ;
  return 0;
}
configure:6660: result: no
configure:6674: checking whether le16dec is declared
configure:6696: cc -c -O  conftest.c >&5
configure:6681:24: error: sys/endian.h: No such file or directory
configure: In function 'main':
configure:6687: error: 'le16dec' undeclared (first use in this function)
configure:6687: error: (Each undeclared identifier is reported only once
configure:6687: error: for each function it appears in.)
configure:6699: $? = 1
configure: failed program was:
#line 6680 "configure"
#include "confdefs.h"
#include <sys/endian.h>

int
main ()
{
#ifndef le16dec
  char *p = (char *) le16dec;
#endif

  ;
  return 0;
}
configure:6715: result: no
configure:6729: checking whether be32enc is declared
configure:6751: cc -c -O  conftest.c >&5
configure:6736:24: error: sys/endian.h: No such file or directory
configure: In function 'main':
configure:6742: error: 'be32enc' undeclared (first use in this function)
configure:6742: error: (Each undeclared identifier is reported only once
configure:6742: error: for each function it appears in.)
configure:6754: $? = 1
configure: failed program was:
#line 6735 "configure"
#include "confdefs.h"
#include <sys/endian.h>

int
main ()
{
#ifndef be32enc
  char *p = (char *) be32enc;
#endif

  ;
  return 0;
}
configure:6770: result: no
configure:6784: checking whether le32enc is declared
configure:6806: cc -c -O  conftest.c >&5
configure:6791:24: error: sys/endian.h: No such file or directory
configure: In function 'main':
configure:6797: error: 'le32enc' undeclared (first use in this function)
configure:6797: error: (Each undeclared identifier is reported only once
configure:6797: error: for each function it appears in.)
configure:6809: $? = 1
configure: failed program was:
#line 6790 "configure"
#include "confdefs.h"
#include <sys/endian.h>

int
main ()
{
#ifndef le32enc
  char *p = (char *) le32enc;
#endif

  ;
  return 0;
}
configure:6825: result: no
configure:6839: checking whether be32dec is declared
configure:6861: cc -c -O  conftest.c >&5
configure:6846:24: error: sys/endian.h: No such file or directory
configure: In function 'main':
configure:6852: error: 'be32dec' undeclared (first use in this function)
configure:6852: error: (Each undeclared identifier is reported only once
configure:6852: error: for each function it appears in.)
configure:6864: $? = 1
configure: failed program was:
#line 6845 "configure"
#include "confdefs.h"
#include <sys/endian.h>

int
main ()
{
#ifndef be32dec
  char *p = (char *) be32dec;
#endif

  ;
  return 0;
}
configure:6880: result: no
configure:6894: checking whether le32dec is declared
configure:6916: cc -c -O  conftest.c >&5
configure:6901:24: error: sys/endian.h: No such file or directory
configure: In function 'main':
configure:6907: error: 'le32dec' undeclared (first use in this function)
configure:6907: error: (Each undeclared identifier is reported only once
configure:6907: error: for each function it appears in.)
configure:6919: $? = 1
configure: failed program was:
#line 6900 "configure"
#include "confdefs.h"
#include <sys/endian.h>

int
main ()
{
#ifndef le32dec
  char *p = (char *) le32dec;
#endif

  ;
  return 0;
}
configure:6935: result: no
configure:6949: checking whether be64enc is declared
configure:6971: cc -c -O  conftest.c >&5
configure:6956:24: error: sys/endian.h: No such file or directory
configure: In function 'main':
configure:6962: error: 'be64enc' undeclared (first use in this function)
configure:6962: error: (Each undeclared identifier is reported only once
configure:6962: error: for each function it appears in.)
configure:6974: $? = 1
configure: failed program was:
#line 6955 "configure"
#include "confdefs.h"
#include <sys/endian.h>

int
main ()
{
#ifndef be64enc
  char *p = (char *) be64enc;
#endif

  ;
  return 0;
}
configure:6990: result: no
configure:7004: checking whether le64enc is declared
configure:7026: cc -c -O  conftest.c >&5
configure:7011:24: error: sys/endian.h: No such file or directory
configure: In function 'main':
configure:7017: error: 'le64enc' undeclared (first use in this function)
configure:7017: error: (Each undeclared identifier is reported only once
configure:7017: error: for each function it appears in.)
configure:7029: $? = 1
configure: failed program was:
#line 7010 "configure"
#include "confdefs.h"
#include <sys/endian.h>

int
main ()
{
#ifndef le64enc
  char *p = (char *) le64enc;
#endif

  ;
  return 0;
}
configure:7045: result: no
configure:7059: checking whether be64dec is declared
configure:7081: cc -c -O  conftest.c >&5
configure:7066:24: error: sys/endian.h: No such file or directory
configure: In function 'main':
configure:7072: error: 'be64dec' undeclared (first use in this function)
configure:7072: error: (Each undeclared identifier is reported only once
configure:7072: error: for each function it appears in.)
configure:7084: $? = 1
configure: failed program was:
#line 7065 "configure"
#include "confdefs.h"
#include <sys/endian.h>

int
main ()
{
#ifndef be64dec
  char *p = (char *) be64dec;
#endif

  ;
  return 0;
}
configure:7100: result: no
configure:7114: checking whether le64dec is declared
configure:7136: cc -c -O  conftest.c >&5
configure:7121:24: error: sys/endian.h: No such file or directory
configure: In function 'main':
configure:7127: error: 'le64dec' undeclared (first use in this function)
configure:7127: error: (Each undeclared identifier is reported only once
configure:7127: error: for each function it appears in.)
configure:7139: $? = 1
configure: failed program was:
#line 7120 "configure"
#include "confdefs.h"
#include <sys/endian.h>

int
main ()
{
#ifndef le64dec
  char *p = (char *) le64dec;
#endif

  ;
  return 0;
}
configure:7155: result: no
configure:7170: checking whether fstatvfs is declared
configure:7192: cc -c -O  conftest.c >&5
configure:7195: $? = 0
configure:7198: test -s conftest.o
configure:7201: $? = 0
configure:7211: result: yes
configure:7226: checking whether setgroupent is declared
configure:7251: cc -c -O  conftest.c >&5
configure: In function 'main':
configure:7242: error: 'setgroupent' undeclared (first use in this function)
configure:7242: error: (Each undeclared identifier is reported only once
configure:7242: error: for each function it appears in.)
configure:7254: $? = 1
configure: failed program was:
#line 7232 "configure"
#include "confdefs.h"

#include <sys/types.h>
#include <grp.h>
#include <pwd.h>

int
main ()
{
#ifndef setgroupent
  char *p = (char *) setgroupent;
#endif

  ;
  return 0;
}
configure:7270: result: no
configure:7284: checking whether setpassent is declared
configure:7309: cc -c -O  conftest.c >&5
configure: In function 'main':
configure:7300: error: 'setpassent' undeclared (first use in this function)
configure:7300: error: (Each undeclared identifier is reported only once
configure:7300: error: for each function it appears in.)
configure:7312: $? = 1
configure: failed program was:
#line 7290 "configure"
#include "confdefs.h"

#include <sys/types.h>
#include <grp.h>
#include <pwd.h>

int
main ()
{
#ifndef setpassent
  char *p = (char *) setpassent;
#endif

  ;
  return 0;
}
configure:7328: result: no
configure:7346: checking for regfree in -lregex
configure:7373: cc -o conftest -O   conftest.c -lregex  -lz  >&5
/usr/bin/ld: cannot find -lregex
collect2: ld returned 1 exit status
configure:7376: $? = 1
configure: failed program was:
#line 7354 "configure"
#include "confdefs.h"

/* Override any gcc2 internal prototype to avoid an error.  */
#ifdef __cplusplus
extern "C"
#endif
/* We use char because int might match the return type of a gcc2
   builtin and then its argument prototype would still apply.  */
char regfree ();
int
main ()
{
regfree ();
  ;
  return 0;
}
configure:7393: result: no
configure:7404: checking for library containing regfree
configure:7431: cc -o conftest -O   conftest.c -lz  >&5
configure:7434: $? = 0
configure:7437: test -s conftest
configure:7440: $? = 0
configure:7493: result: none required
configure:7503: checking for fparseln
configure:7540: cc -o conftest -O   conftest.c -lz  >&5
/tmp/cc0BNs73.o: In function `main':
conftest.c:(.text+0x7): undefined reference to `fparseln'
collect2: ld returned 1 exit status
configure:7543: $? = 1
configure: failed program was:
#line 7509 "configure"
#include "confdefs.h"
/* System header to define __stub macros and hopefully few prototypes,
    which can conflict with char fparseln (); below.  */
#include <assert.h>
/* Override any gcc2 internal prototype to avoid an error.  */
#ifdef __cplusplus
extern "C"
#endif
/* We use char because int might match the return type of a gcc2
   builtin and then its argument prototype would still apply.  */
char fparseln ();
char (*f) ();

int
main ()
{
/* The GNU C library defines this for functions which it implements
    to always fail with ENOSYS.  Some functions are actually named
    something starting with __ and the normal name is an alias.  */
#if defined (__stub_fparseln) || defined (__stub___fparseln)
choke me
#else
f = fparseln;
#endif

  ;
  return 0;
}
configure:7559: result: no
configure:7715: creating ./config.status

## ----------------------- ##
## Running config.status.  ##
## ----------------------- ##

This file was extended by config.status (libnbcompat noversion) 2.52, executed with
  CONFIG_FILES    = 
  CONFIG_HEADERS  = 
  CONFIG_LINKS    = 
  CONFIG_COMMANDS = 
  > ./config.status 
on out.lrserver

config.status:8144: creating defs.mk
config.status:8235: creating nbtool_config.h

## ----------------- ##
## Cache variables.  ##
## ----------------- ##

ac_cv_c_bigendian=no
ac_cv_c_compiler_gnu=yes
ac_cv_env_CC_set=set
ac_cv_env_CC_value=cc
ac_cv_env_CFLAGS_set=set
ac_cv_env_CFLAGS_value=-O
ac_cv_env_CPPFLAGS_set=
ac_cv_env_CPPFLAGS_value=
ac_cv_env_CPP_set=
ac_cv_env_CPP_value=
ac_cv_env_LDFLAGS_set=set
ac_cv_env_LDFLAGS_value=
ac_cv_env_build_alias_set=
ac_cv_env_build_alias_value=
ac_cv_env_host_alias_set=
ac_cv_env_host_alias_value=
ac_cv_env_target_alias_set=
ac_cv_env_target_alias_value=
ac_cv_func___fpurge=yes
ac_cv_func_alloca_works=yes
ac_cv_func_asnprintf=no
ac_cv_func_asprintf=yes
ac_cv_func_atoll=yes
ac_cv_func_basename=yes
ac_cv_func_devname=no
ac_cv_func_dirfd=yes
ac_cv_func_dirname=yes
ac_cv_func_esetfunc=no
ac_cv_func_fgetln=no
ac_cv_func_flock=yes
ac_cv_func_fparseln=no
ac_cv_func_fpurge=no
ac_cv_func_futimes=yes
ac_cv_func_getline=yes
ac_cv_func_getopt=yes
ac_cv_func_getopt_long=yes
ac_cv_func_gid_from_group=no
ac_cv_func_group_from_gid=no
ac_cv_func_heapsort=no
ac_cv_func_isblank=yes
ac_cv_func_issetugid=no
ac_cv_func_lchflags=no
ac_cv_func_lchmod=no
ac_cv_func_lchown=yes
ac_cv_func_lutimes=yes
ac_cv_func_mkdtemp=yes
ac_cv_func_mkstemp=yes
ac_cv_func_poll=yes
ac_cv_func_pread=yes
ac_cv_func_putc_unlocked=yes
ac_cv_func_pwcache_groupdb=no
ac_cv_func_pwcache_userdb=no
ac_cv_func_pwrite=yes
ac_cv_func_raise_default_signal=no
ac_cv_func_random=yes
ac_cv_func_setenv=yes
ac_cv_func_setgroupent=no
ac_cv_func_setpassent=no
ac_cv_func_setprogname=no
ac_cv_func_snprintf=yes
ac_cv_func_strlcat=no
ac_cv_func_strlcpy=no
ac_cv_func_strmode=no
ac_cv_func_strndup=yes
ac_cv_func_strsep=yes
ac_cv_func_strsuftoll=no
ac_cv_func_strtoll=yes
ac_cv_func_uid_from_user=no
ac_cv_func_user_from_uid=no
ac_cv_func_vasnprintf=no
ac_cv_func_vasprintf=yes
ac_cv_func_vsnprintf=yes
ac_cv_have_decl_be16dec=no
ac_cv_have_decl_be16enc=no
ac_cv_have_decl_be16toh=yes
ac_cv_have_decl_be32dec=no
ac_cv_have_decl_be32enc=no
ac_cv_have_decl_be32toh=yes
ac_cv_have_decl_be64dec=no
ac_cv_have_decl_be64enc=no
ac_cv_have_decl_be64toh=yes
ac_cv_have_decl_bswap16=no
ac_cv_have_decl_bswap32=no
ac_cv_have_decl_bswap64=no
ac_cv_have_decl_fstatvfs=yes
ac_cv_have_decl_gid_from_group=no
ac_cv_have_decl_group_from_gid=no
ac_cv_have_decl_htobe16=yes
ac_cv_have_decl_htobe32=yes
ac_cv_have_decl_htobe64=yes
ac_cv_have_decl_htole16=yes
ac_cv_have_decl_htole32=yes
ac_cv_have_decl_htole64=yes
ac_cv_have_decl_lchflags=no
ac_cv_have_decl_lchmod=yes
ac_cv_have_decl_lchown=yes
ac_cv_have_decl_le16dec=no
ac_cv_have_decl_le16enc=no
ac_cv_have_decl_le16toh=yes
ac_cv_have_decl_le32dec=no
ac_cv_have_decl_le32enc=no
ac_cv_have_decl_le32toh=yes
ac_cv_have_decl_le64dec=no
ac_cv_have_decl_le64enc=no
ac_cv_have_decl_le64toh=yes
ac_cv_have_decl_optind=yes
ac_cv_have_decl_optreset=no
ac_cv_have_decl_pwcache_groupdb=no
ac_cv_have_decl_pwcache_userdb=no
ac_cv_have_decl_setgroupent=no
ac_cv_have_decl_setpassent=no
ac_cv_have_decl_strndup=yes
ac_cv_have_decl_strsuftoll=no
ac_cv_have_decl_sys_signame=no
ac_cv_have_decl_uid_from_user=no
ac_cv_have_decl_user_from_uid=no
ac_cv_header_arpa_nameser_h=yes
ac_cv_header_assert_h=yes
ac_cv_header_ctype_h=yes
ac_cv_header_dirent_dirent_h=yes
ac_cv_header_err_h=yes
ac_cv_header_errno_h=yes
ac_cv_header_fcntl_h=yes
ac_cv_header_features_h=yes
ac_cv_header_getopt_h=yes
ac_cv_header_grp_h=yes
ac_cv_header_inttypes_h=yes
ac_cv_header_libgen_h=yes
ac_cv_header_limits_h=yes
ac_cv_header_locale_h=yes
ac_cv_header_machine_bswap_h=no
ac_cv_header_machine_endian_h=no
ac_cv_header_malloc_h=yes
ac_cv_header_memory_h=yes
ac_cv_header_netconfig_h=no
ac_cv_header_netdb_h=yes
ac_cv_header_paths_h=yes
ac_cv_header_pthread_h=yes
ac_cv_header_pwd_h=yes
ac_cv_header_resolv_h=yes
ac_cv_header_rpc_types_h=yes
ac_cv_header_signal_h=yes
ac_cv_header_stdarg_h=yes
ac_cv_header_stdc=yes
ac_cv_header_stddef_h=yes
ac_cv_header_stdint_h=yes
ac_cv_header_stdio_h=yes
ac_cv_header_stdlib_h=yes
ac_cv_header_string_h=yes
ac_cv_header_strings_h=yes
ac_cv_header_sys_bswap_h=no
ac_cv_header_sys_cdefs_h=yes
ac_cv_header_sys_endian_h=no
ac_cv_header_sys_featuretest_h=no
ac_cv_header_sys_ioctl_h=yes
ac_cv_header_sys_mman_h=yes
ac_cv_header_sys_mtio_h=yes
ac_cv_header_sys_param_h=yes
ac_cv_header_sys_poll_h=yes
ac_cv_header_sys_socket_h=yes
ac_cv_header_sys_stat_h=yes
ac_cv_header_sys_syslimits_h=no
ac_cv_header_sys_sysmacros_h=yes
ac_cv_header_sys_time_h=yes
ac_cv_header_sys_types_h=yes
ac_cv_header_sys_utsname_h=yes
ac_cv_header_sys_wait_h=yes
ac_cv_header_termios_h=yes
ac_cv_header_unistd_h=yes
ac_cv_header_util_h=no
ac_cv_header_zlib_h=yes
ac_cv_lib_dir_opendir=no
ac_cv_lib_regex_regfree=no
ac_cv_lib_z_gzdopen=yes
ac_cv_member_DIR___dd_fd=no
ac_cv_member_DIR_dd_fd=no
ac_cv_member_struct_dirent_d_namlen=no
ac_cv_member_struct_stat_st_atim=no
ac_cv_member_struct_stat_st_birthtime=no
ac_cv_member_struct_stat_st_birthtimensec=no
ac_cv_member_struct_stat_st_flags=no
ac_cv_member_struct_stat_st_gen=no
ac_cv_member_struct_stat_st_mtimensec=no
ac_cv_member_struct_statvfs_f_iosize=no
ac_cv_objext=o
ac_cv_path_BSHELL=/bin/sh
ac_cv_prog_CPP='cc -E'
ac_cv_prog_ac_ct_CC=cc
ac_cv_prog_cc_g=yes
ac_cv_search_regfree='none required'
ac_cv_type_id_t=yes
ac_cv_type_long_long=yes
ac_cv_type_size_t=yes
ac_cv_type_socklen_t=yes
ac_cv_type_u_char=yes
ac_cv_type_u_int=yes
ac_cv_type_u_int16_t=yes
ac_cv_type_u_int32_t=yes
ac_cv_type_u_int64_t=yes
ac_cv_type_u_int8_t=yes
ac_cv_type_u_long=yes
ac_cv_type_u_quad_t=yes
ac_cv_type_u_short=yes
ac_cv_type_uint16_t=yes
ac_cv_type_uint32_t=yes
ac_cv_type_uint64_t=yes
ac_cv_type_uint8_t=yes
ac_cv_working_alloca_h=yes

## ------------ ##
## confdefs.h.  ##
## ------------ ##

#define PATH_BSHELL "/bin/sh"
#define STDC_HEADERS 1
#define HAVE_LIBZ 1
#define HAVE_SYS_IOCTL_H 1
#define HAVE_SYS_MMAN_H 1
#define HAVE_SYS_PARAM_H 1
#define HAVE_SYS_SOCKET_H 1
#define HAVE_SYS_STAT_H 1
#define HAVE_SYS_TIME_H 1
#define HAVE_SYS_TYPES_H 1
#define HAVE_SYS_UTSNAME_H 1
#define HAVE_SYS_WAIT_H 1
#define HAVE_ASSERT_H 1
#define HAVE_CTYPE_H 1
#define HAVE_ERRNO_H 1
#define HAVE_FCNTL_H 1
#define HAVE_GRP_H 1
#define HAVE_LIMITS_H 1
#define HAVE_LOCALE_H 1
#define HAVE_NETDB_H 1
#define HAVE_PWD_H 1
#define HAVE_SIGNAL_H 1
#define HAVE_STDARG_H 1
#define HAVE_STDIO_H 1
#define HAVE_STDLIB_H 1
#define HAVE_STRING_H 1
#define HAVE_TERMIOS_H 1
#define HAVE_UNISTD_H 1
#define HAVE_DIRENT_H 1
#define HAVE_SYS_MTIO_H 1
#define HAVE_SYS_SYSMACROS_H 1
#define HAVE_GETOPT_H 1
#define HAVE_FEATURES_H 1
#define HAVE_MALLOC_H 1
#define HAVE_SYS_POLL_H 1
#define HAVE_PTHREAD_H 1
#define HAVE_STDDEF_H 1
#define HAVE_SYS_CDEFS_H 1
#define HAVE_ERR_H 1
#define HAVE_INTTYPES_H 1
#define HAVE_LIBGEN_H 1
#define HAVE_PATHS_H 1
#define HAVE_STDINT_H 1
#define HAVE_RESOLV_H 1
#define HAVE_ARPA_NAMESER_H 1
#define HAVE_RPC_TYPES_H 1
#define HAVE_SYS_TYPES_H 1
#define HAVE_SYS_STAT_H 1
#define HAVE_STDLIB_H 1
#define HAVE_STRING_H 1
#define HAVE_MEMORY_H 1
#define HAVE_STRINGS_H 1
#define HAVE_INTTYPES_H 1
#define HAVE_STDINT_H 1
#define HAVE_UNISTD_H 1
#define HAVE_ID_T 1
#define HAVE_LONG_LONG 1
#define HAVE_U_LONG 1
#define HAVE_U_CHAR 1
#define HAVE_U_SHORT 1
#define HAVE_U_INT 1
#define HAVE_U_QUAD_T 1
#define HAVE_SOCKLEN_T 1
#define HAVE_DECL_OPTIND 1
#define HAVE_DECL_OPTRESET 0
#define HAVE_DECL_SYS_SIGNAME 0
#define HAVE_ALLOCA_H 1
#define HAVE_ALLOCA 1
#define HAVE_ATOLL 1
#define HAVE_ASPRINTF 1
#define HAVE_BASENAME 1
#define HAVE_DIRFD 1
#define HAVE_DIRNAME 1
#define HAVE_FLOCK 1
#define HAVE___FPURGE 1
#define HAVE_FUTIMES 1
#define HAVE_GETLINE 1
#define HAVE_GETOPT 1
#define HAVE_GETOPT_LONG 1
#define HAVE_ISBLANK 1
#define HAVE_LCHOWN 1
#define HAVE_LUTIMES 1
#define HAVE_MKSTEMP 1
#define HAVE_MKDTEMP 1
#define HAVE_POLL 1
#define HAVE_PREAD 1
#define HAVE_PUTC_UNLOCKED 1
#define HAVE_PWRITE 1
#define HAVE_RANDOM 1
#define HAVE_SETENV 1
#define HAVE_SNPRINTF 1
#define HAVE_STRNDUP 1
#define HAVE_STRSEP 1
#define HAVE_STRTOLL 1
#define HAVE_VASPRINTF 1
#define HAVE_VSNPRINTF 1
#define HAVE_DECL_USER_FROM_UID 0
#define HAVE_DECL_UID_FROM_USER 0
#define HAVE_DECL_PWCACHE_USERDB 0
#define HAVE_DECL_GROUP_FROM_GID 0
#define HAVE_DECL_GID_FROM_GROUP 0
#define HAVE_DECL_PWCACHE_GROUPDB 0
#define HAVE_DECL_STRNDUP 1
#define HAVE_DECL_STRSUFTOLL 0
#define HAVE_DECL_LCHFLAGS 0
#define HAVE_DECL_LCHMOD 1
#define HAVE_DECL_LCHOWN 1
#define HAVE_DECL_HTOBE16 1
#define HAVE_DECL_HTOBE32 1
#define HAVE_DECL_HTOBE64 1
#define HAVE_DECL_HTOLE16 1
#define HAVE_DECL_HTOLE32 1
#define HAVE_DECL_HTOLE64 1
#define HAVE_DECL_BE16TOH 1
#define HAVE_DECL_BE32TOH 1
#define HAVE_DECL_BE64TOH 1
#define HAVE_DECL_LE16TOH 1
#define HAVE_DECL_LE32TOH 1
#define HAVE_DECL_LE64TOH 1
#define HAVE_DECL_BSWAP16 0
#define HAVE_DECL_BSWAP32 0
#define HAVE_DECL_BSWAP64 0
#define HAVE_DECL_BE16ENC 0
#define HAVE_DECL_LE16ENC 0
#define HAVE_DECL_BE16DEC 0
#define HAVE_DECL_LE16DEC 0
#define HAVE_DECL_BE32ENC 0
#define HAVE_DECL_LE32ENC 0
#define HAVE_DECL_BE32DEC 0
#define HAVE_DECL_LE32DEC 0
#define HAVE_DECL_BE64ENC 0
#define HAVE_DECL_LE64ENC 0
#define HAVE_DECL_BE64DEC 0
#define HAVE_DECL_LE64DEC 0
#define HAVE_DECL_FSTATVFS 1
#define HAVE_DECL_SETGROUPENT 0
#define HAVE_DECL_SETPASSENT 0


configure: exit 0
