This file contains any messages produced by compilers while
running configure, to aid debugging if configure makes a mistake.

It was created by MPFR configure 3.0.1, which was
generated by GNU Autoconf 2.67.  Invocation command line was

  $ /home/licj/software/netBSD/source/netBSD/usr/src/tools/mpfr/../../external/lgpl3/mpfr/dist/configure --with-gmp=/home/licj/software/netBSD/source/netBSD/usr/src/obj/tooldir.Linux-2.6.32-358.el6.x86_64-x86_64 --disable-shared --prefix=/home/licj/software/netBSD/source/netBSD/usr/src/obj/tooldir.Linux-2.6.32-358.el6.x86_64-x86_64

## --------- ##
## Platform. ##
## --------- ##

hostname = out.lrserver
uname -m = x86_64
uname -r = 2.6.32-358.el6.x86_64
uname -s = Linux
uname -v = #1 SMP Fri Feb 22 00:31:26 UTC 2013

/usr/bin/uname -p = unknown
/bin/uname -X     = unknown

/bin/arch              = x86_64
/usr/bin/arch -k       = unknown
/usr/convex/getsysinfo = unknown
/usr/bin/hostinfo      = unknown
/bin/machine           = unknown
/usr/bin/oslevel       = unknown
/bin/universe          = unknown

PATH: /home/licj/software/netBSD/source/netBSD/usr/src/obj/tooldir.Linux-2.6.32-358.el6.x86_64-x86_64/bin
PATH: /usr/lib64/qt-3.3/bin
PATH: /usr/local/bin
PATH: /bin
PATH: /usr/bin
PATH: /usr/local/sbin
PATH: /usr/sbin
PATH: /sbin
PATH: /home/licj/bin
PATH: /home/licj/prj/go/bin


## ----------- ##
## Core tests. ##
## ----------- ##

configure:2656: checking for a BSD-compatible install
configure:2724: result: /home/licj/software/netBSD/source/netBSD/usr/src/obj/tooldir.Linux-2.6.32-358.el6.x86_64-x86_64/bin/arm--netbsdelf-install -c  -r
configure:2735: checking whether build environment is sane
configure:2785: result: yes
configure:2926: checking for a thread-safe mkdir -p
configure:2965: result: /home/licj/software/netBSD/source/netBSD/usr/src/obj/tooldir.Linux-2.6.32-358.el6.x86_64-x86_64/bin/arm--netbsdelf-install -d -p
configure:2978: checking for gawk
configure:3005: result: /home/licj/software/netBSD/source/netBSD/usr/src/obj/tooldir.Linux-2.6.32-358.el6.x86_64-x86_64/bin/nbawk
configure:3016: checking whether /home/licj/software/netBSD/source/netBSD/usr/src/obj/tooldir.Linux-2.6.32-358.el6.x86_64-x86_64/bin/nbmake sets $(MAKE)
configure:3042: result: no
configure:3110: checking whether to disable maintainer-specific portions of Makefiles
configure:3119: result: yes
configure:3142: checking build system type
configure:3156: result: x86_64-unknown-linux-gnu
configure:3176: checking host system type
configure:3189: result: x86_64-unknown-linux-gnu
configure:3351: checking for grep that handles long lines and -e
configure:3409: result: /bin/grep
configure:3414: checking for egrep
configure:3476: result: /bin/grep -E
configure:3481: checking for a sed that does not truncate output
configure:3545: result: /bin/sed
configure:3654: checking for gcc
configure:3681: result: cc
configure:3910: checking for C compiler version
configure:3919: cc --version >&5
cc (GCC) 4.4.7 20120313 (Red Hat 4.4.7-11)
Copyright (C) 2010 Free Software Foundation, Inc.
This is free software; see the source for copying conditions.  There is NO
warranty; not even for MERCHANTABILITY or FITNESS FOR A PARTICULAR PURPOSE.

configure:3930: $? = 0
configure:3919: cc -v >&5
Using built-in specs.
Target: x86_64-redhat-linux
Configured with: ../configure --prefix=/usr --mandir=/usr/share/man --infodir=/usr/share/info --with-bugurl=http://bugzilla.redhat.com/bugzilla --enable-bootstrap --enable-shared --enable-threads=posix --enable-checking=release --with-system-zlib --enable-__cxa_atexit --disable-libunwind-exceptions --enable-gnu-unique-object --enable-languages=c,c++,objc,obj-c++,java,fortran,ada --enable-java-awt=gtk --disable-dssi --with-java-home=/usr/lib/jvm/java-1.5.0-gcj-1.5.0.0/jre --enable-libgcj-multifile --enable-java-maintainer-mode --with-ecj-jar=/usr/share/java/eclipse-ecj.jar --disable-libjava-multilib --with-ppl --with-cloog --with-tune=generic --with-arch_32=i686 --build=x86_64-redhat-linux
Thread model: posix
gcc version 4.4.7 20120313 (Red Hat 4.4.7-11) (GCC) 
configure:3930: $? = 0
configure:3919: cc -V >&5
cc: '-V' option must have argument
configure:3930: $? = 1
configure:3919: cc -qversion >&5
cc: unrecognized option '-qversion'
cc: no input files
configure:3930: $? = 1
configure:3950: checking whether the C compiler works
configure:3972: cc -O  -I/home/licj/software/netBSD/source/netBSD/usr/src/obj/tooldir.Linux-2.6.32-358.el6.x86_64-x86_64/include  -L/home/licj/software/netBSD/source/netBSD/usr/src/obj/tooldir.Linux-2.6.32-358.el6.x86_64-x86_64/lib conftest.c  >&5
configure:3976: $? = 0
configure:4024: result: yes
configure:4027: checking for C compiler default output file name
configure:4029: result: a.out
configure:4035: checking for suffix of executables
configure:4042: cc -o conftest -O  -I/home/licj/software/netBSD/source/netBSD/usr/src/obj/tooldir.Linux-2.6.32-358.el6.x86_64-x86_64/include  -L/home/licj/software/netBSD/source/netBSD/usr/src/obj/tooldir.Linux-2.6.32-358.el6.x86_64-x86_64/lib conftest.c  >&5
configure:4046: $? = 0
configure:4068: result: 
configure:4090: checking whether we are cross compiling
configure:4098: cc -o conftest -O  -I/home/licj/software/netBSD/source/netBSD/usr/src/obj/tooldir.Linux-2.6.32-358.el6.x86_64-x86_64/include  -L/home/licj/software/netBSD/source/netBSD/usr/src/obj/tooldir.Linux-2.6.32-358.el6.x86_64-x86_64/lib conftest.c  >&5
configure:4102: $? = 0
configure:4109: ./conftest
configure:4113: $? = 0
configure:4128: result: no
configure:4133: checking for suffix of object files
configure:4155: cc -c -O  -I/home/licj/software/netBSD/source/netBSD/usr/src/obj/tooldir.Linux-2.6.32-358.el6.x86_64-x86_64/include conftest.c >&5
configure:4159: $? = 0
configure:4180: result: o
configure:4184: checking whether we are using the GNU C compiler
configure:4203: cc -c -O  -I/home/licj/software/netBSD/source/netBSD/usr/src/obj/tooldir.Linux-2.6.32-358.el6.x86_64-x86_64/include conftest.c >&5
configure:4203: $? = 0
configure:4212: result: yes
configure:4221: checking whether cc accepts -g
configure:4241: cc -c -g  -I/home/licj/software/netBSD/source/netBSD/usr/src/obj/tooldir.Linux-2.6.32-358.el6.x86_64-x86_64/include conftest.c >&5
configure:4241: $? = 0
configure:4282: result: yes
configure:4299: checking for cc option to accept ISO C89
configure:4363: cc  -c -O  -I/home/licj/software/netBSD/source/netBSD/usr/src/obj/tooldir.Linux-2.6.32-358.el6.x86_64-x86_64/include conftest.c >&5
configure:4363: $? = 0
configure:4376: result: none needed
configure:4407: checking for style of include used by /home/licj/software/netBSD/source/netBSD/usr/src/obj/tooldir.Linux-2.6.32-358.el6.x86_64-x86_64/bin/nbmake
configure:4435: result: none
configure:4460: checking dependency style of cc
configure:4570: result: none
configure:4590: checking how to run the C preprocessor
configure:4621: cc -E  -I/home/licj/software/netBSD/source/netBSD/usr/src/obj/tooldir.Linux-2.6.32-358.el6.x86_64-x86_64/include conftest.c
configure:4621: $? = 0
configure:4635: cc -E  -I/home/licj/software/netBSD/source/netBSD/usr/src/obj/tooldir.Linux-2.6.32-358.el6.x86_64-x86_64/include conftest.c
conftest.c:9:28: error: ac_nonexistent.h: No such file or directory
configure:4635: $? = 1
configure: failed program was:
| /* confdefs.h */
| #define PACKAGE_NAME "MPFR"
| #define PACKAGE_TARNAME "mpfr"
| #define PACKAGE_VERSION "3.0.1"
| #define PACKAGE_STRING "MPFR 3.0.1"
| #define PACKAGE_BUGREPORT ""
| #define PACKAGE_URL ""
| /* end confdefs.h.  */
| #include <ac_nonexistent.h>
configure:4660: result: cc -E
configure:4680: cc -E  -I/home/licj/software/netBSD/source/netBSD/usr/src/obj/tooldir.Linux-2.6.32-358.el6.x86_64-x86_64/include conftest.c
configure:4680: $? = 0
configure:4694: cc -E  -I/home/licj/software/netBSD/source/netBSD/usr/src/obj/tooldir.Linux-2.6.32-358.el6.x86_64-x86_64/include conftest.c
conftest.c:9:28: error: ac_nonexistent.h: No such file or directory
configure:4694: $? = 1
configure: failed program was:
| /* confdefs.h */
| #define PACKAGE_NAME "MPFR"
| #define PACKAGE_TARNAME "mpfr"
| #define PACKAGE_VERSION "3.0.1"
| #define PACKAGE_STRING "MPFR 3.0.1"
| #define PACKAGE_BUGREPORT ""
| #define PACKAGE_URL ""
| /* end confdefs.h.  */
| #include <ac_nonexistent.h>
configure:4833: checking for ICC
configure:4851: cc -c -O  -I/home/licj/software/netBSD/source/netBSD/usr/src/obj/tooldir.Linux-2.6.32-358.el6.x86_64-x86_64/include conftest.c >&5
conftest.c:11:3: error: #error "ICC Not Found"
conftest.c:15: error: expected '=', ',', ';', 'asm' or '__attribute__' before 'int'
configure:4851: $? = 1
configure: failed program was:
| /* confdefs.h */
| #define PACKAGE_NAME "MPFR"
| #define PACKAGE_TARNAME "mpfr"
| #define PACKAGE_VERSION "3.0.1"
| #define PACKAGE_STRING "MPFR 3.0.1"
| #define PACKAGE_BUGREPORT ""
| #define PACKAGE_URL ""
| /* end confdefs.h.  */
| 
| #if !defined(__ICC)
| # error "ICC Not Found"
| error
| #endif
| 
| int
| main ()
| {
| 
|   ;
|   return 0;
| }
configure:4858: result: no
configure:4874: checking whether cc understands -c and -o together
configure:4902: cc -c conftest.c -o conftest2.o >&5
configure:4906: $? = 0
configure:4912: cc -c conftest.c -o conftest2.o >&5
configure:4916: $? = 0
configure:4971: result: yes
configure:4996: checking for function prototypes
configure:4999: result: yes
configure:5013: checking for ANSI C header files
configure:5033: cc -c -O  -I/home/licj/software/netBSD/source/netBSD/usr/src/obj/tooldir.Linux-2.6.32-358.el6.x86_64-x86_64/include conftest.c >&5
configure:5033: $? = 0
configure:5106: cc -o conftest -O  -I/home/licj/software/netBSD/source/netBSD/usr/src/obj/tooldir.Linux-2.6.32-358.el6.x86_64-x86_64/include  -L/home/licj/software/netBSD/source/netBSD/usr/src/obj/tooldir.Linux-2.6.32-358.el6.x86_64-x86_64/lib conftest.c  >&5
configure:5106: $? = 0
configure:5106: ./conftest
configure:5106: $? = 0
configure:5117: result: yes
configure:5130: checking for sys/types.h
configure:5130: cc -c -O  -I/home/licj/software/netBSD/source/netBSD/usr/src/obj/tooldir.Linux-2.6.32-358.el6.x86_64-x86_64/include conftest.c >&5
configure:5130: $? = 0
configure:5130: result: yes
configure:5130: checking for sys/stat.h
configure:5130: cc -c -O  -I/home/licj/software/netBSD/source/netBSD/usr/src/obj/tooldir.Linux-2.6.32-358.el6.x86_64-x86_64/include conftest.c >&5
configure:5130: $? = 0
configure:5130: result: yes
configure:5130: checking for stdlib.h
configure:5130: cc -c -O  -I/home/licj/software/netBSD/source/netBSD/usr/src/obj/tooldir.Linux-2.6.32-358.el6.x86_64-x86_64/include conftest.c >&5
configure:5130: $? = 0
configure:5130: result: yes
configure:5130: checking for string.h
configure:5130: cc -c -O  -I/home/licj/software/netBSD/source/netBSD/usr/src/obj/tooldir.Linux-2.6.32-358.el6.x86_64-x86_64/include conftest.c >&5
configure:5130: $? = 0
configure:5130: result: yes
configure:5130: checking for memory.h
configure:5130: cc -c -O  -I/home/licj/software/netBSD/source/netBSD/usr/src/obj/tooldir.Linux-2.6.32-358.el6.x86_64-x86_64/include conftest.c >&5
configure:5130: $? = 0
configure:5130: result: yes
configure:5130: checking for strings.h
configure:5130: cc -c -O  -I/home/licj/software/netBSD/source/netBSD/usr/src/obj/tooldir.Linux-2.6.32-358.el6.x86_64-x86_64/include conftest.c >&5
configure:5130: $? = 0
configure:5130: result: yes
configure:5130: checking for inttypes.h
configure:5130: cc -c -O  -I/home/licj/software/netBSD/source/netBSD/usr/src/obj/tooldir.Linux-2.6.32-358.el6.x86_64-x86_64/include conftest.c >&5
configure:5130: $? = 0
configure:5130: result: yes
configure:5130: checking for stdint.h
configure:5130: cc -c -O  -I/home/licj/software/netBSD/source/netBSD/usr/src/obj/tooldir.Linux-2.6.32-358.el6.x86_64-x86_64/include conftest.c >&5
configure:5130: $? = 0
configure:5130: result: yes
configure:5130: checking for unistd.h
configure:5130: cc -c -O  -I/home/licj/software/netBSD/source/netBSD/usr/src/obj/tooldir.Linux-2.6.32-358.el6.x86_64-x86_64/include conftest.c >&5
configure:5130: $? = 0
configure:5130: result: yes
configure:5152: checking for string.h
configure:5152: result: yes
configure:5198: checking for an ANSI C-conforming const
configure:5263: cc -c -O  -I/home/licj/software/netBSD/source/netBSD/usr/src/obj/tooldir.Linux-2.6.32-358.el6.x86_64-x86_64/include conftest.c >&5
configure:5263: $? = 0
configure:5270: result: yes
configure:5278: checking for working volatile
configure:5297: cc -c -O  -I/home/licj/software/netBSD/source/netBSD/usr/src/obj/tooldir.Linux-2.6.32-358.el6.x86_64-x86_64/include conftest.c >&5
configure:5297: $? = 0
configure:5304: result: yes
configure:5470: checking for main in -lm
configure:5489: cc -o conftest -O  -I/home/licj/software/netBSD/source/netBSD/usr/src/obj/tooldir.Linux-2.6.32-358.el6.x86_64-x86_64/include  -L/home/licj/software/netBSD/source/netBSD/usr/src/obj/tooldir.Linux-2.6.32-358.el6.x86_64-x86_64/lib conftest.c -lm   >&5
configure:5489: $? = 0
configure:5498: result: yes
configure:5507: checking whether time.h and sys/time.h may both be included
configure:5527: cc -c -O  -I/home/licj/software/netBSD/source/netBSD/usr/src/obj/tooldir.Linux-2.6.32-358.el6.x86_64-x86_64/include conftest.c >&5
configure:5527: $? = 0
configure:5534: result: yes
configure:5548: checking limits.h usability
configure:5548: cc -c -O  -I/home/licj/software/netBSD/source/netBSD/usr/src/obj/tooldir.Linux-2.6.32-358.el6.x86_64-x86_64/include conftest.c >&5
configure:5548: $? = 0
configure:5548: result: yes
configure:5548: checking limits.h presence
configure:5548: cc -E  -I/home/licj/software/netBSD/source/netBSD/usr/src/obj/tooldir.Linux-2.6.32-358.el6.x86_64-x86_64/include conftest.c
configure:5548: $? = 0
configure:5548: result: yes
configure:5548: checking for limits.h
configure:5548: result: yes
configure:5556: checking float.h usability
configure:5556: cc -c -O  -I/home/licj/software/netBSD/source/netBSD/usr/src/obj/tooldir.Linux-2.6.32-358.el6.x86_64-x86_64/include conftest.c >&5
configure:5556: $? = 0
configure:5556: result: yes
configure:5556: checking float.h presence
configure:5556: cc -E  -I/home/licj/software/netBSD/source/netBSD/usr/src/obj/tooldir.Linux-2.6.32-358.el6.x86_64-x86_64/include conftest.c
configure:5556: $? = 0
configure:5556: result: yes
configure:5556: checking for float.h
configure:5556: result: yes
configure:5564: checking for string.h
configure:5564: result: yes
configure:5575: checking locale.h usability
configure:5575: cc -c -O  -I/home/licj/software/netBSD/source/netBSD/usr/src/obj/tooldir.Linux-2.6.32-358.el6.x86_64-x86_64/include conftest.c >&5
configure:5575: $? = 0
configure:5575: result: yes
configure:5575: checking locale.h presence
configure:5575: cc -E  -I/home/licj/software/netBSD/source/netBSD/usr/src/obj/tooldir.Linux-2.6.32-358.el6.x86_64-x86_64/include conftest.c
configure:5575: $? = 0
configure:5575: result: yes
configure:5575: checking for locale.h
configure:5575: result: yes
configure:5588: checking wchar.h usability
configure:5588: cc -c -O  -I/home/licj/software/netBSD/source/netBSD/usr/src/obj/tooldir.Linux-2.6.32-358.el6.x86_64-x86_64/include conftest.c >&5
configure:5588: $? = 0
configure:5588: result: yes
configure:5588: checking wchar.h presence
configure:5588: cc -E  -I/home/licj/software/netBSD/source/netBSD/usr/src/obj/tooldir.Linux-2.6.32-358.el6.x86_64-x86_64/include conftest.c
configure:5588: $? = 0
configure:5588: result: yes
configure:5588: checking for wchar.h
configure:5588: result: yes
configure:5599: checking stdarg.h usability
configure:5599: cc -c -O  -I/home/licj/software/netBSD/source/netBSD/usr/src/obj/tooldir.Linux-2.6.32-358.el6.x86_64-x86_64/include conftest.c >&5
configure:5599: $? = 0
configure:5599: result: yes
configure:5599: checking stdarg.h presence
configure:5599: cc -E  -I/home/licj/software/netBSD/source/netBSD/usr/src/obj/tooldir.Linux-2.6.32-358.el6.x86_64-x86_64/include conftest.c
configure:5599: $? = 0
configure:5599: result: yes
configure:5599: checking for stdarg.h
configure:5599: result: yes
configure:5620: checking sys/time.h usability
configure:5620: cc -c -O  -I/home/licj/software/netBSD/source/netBSD/usr/src/obj/tooldir.Linux-2.6.32-358.el6.x86_64-x86_64/include conftest.c >&5
configure:5620: $? = 0
configure:5620: result: yes
configure:5620: checking sys/time.h presence
configure:5620: cc -E  -I/home/licj/software/netBSD/source/netBSD/usr/src/obj/tooldir.Linux-2.6.32-358.el6.x86_64-x86_64/include conftest.c
configure:5620: $? = 0
configure:5620: result: yes
configure:5620: checking for sys/time.h
configure:5620: result: yes
configure:5620: checking sys/fpu.h usability
configure:5620: cc -c -O  -I/home/licj/software/netBSD/source/netBSD/usr/src/obj/tooldir.Linux-2.6.32-358.el6.x86_64-x86_64/include conftest.c >&5
conftest.c:60:21: error: sys/fpu.h: No such file or directory
configure:5620: $? = 1
configure: failed program was:
| /* confdefs.h */
| #define PACKAGE_NAME "MPFR"
| #define PACKAGE_TARNAME "mpfr"
| #define PACKAGE_VERSION "3.0.1"
| #define PACKAGE_STRING "MPFR 3.0.1"
| #define PACKAGE_BUGREPORT ""
| #define PACKAGE_URL ""
| #define PROTOTYPES 1
| #define __PROTOTYPES 1
| #define STDC_HEADERS 1
| #define HAVE_SYS_TYPES_H 1
| #define HAVE_SYS_STAT_H 1
| #define HAVE_STDLIB_H 1
| #define HAVE_STRING_H 1
| #define HAVE_MEMORY_H 1
| #define HAVE_STRINGS_H 1
| #define HAVE_INTTYPES_H 1
| #define HAVE_STDINT_H 1
| #define HAVE_UNISTD_H 1
| #define HAVE_STRING_H 1
| #define TIME_WITH_SYS_TIME 1
| #define HAVE_LOCALE_H 1
| #define HAVE_WCHAR_H 1
| #define HAVE_STDARG 1
| #define HAVE_SYS_TIME_H 1
| /* end confdefs.h.  */
| #include <stdio.h>
| #ifdef HAVE_SYS_TYPES_H
| # include <sys/types.h>
| #endif
| #ifdef HAVE_SYS_STAT_H
| # include <sys/stat.h>
| #endif
| #ifdef STDC_HEADERS
| # include <stdlib.h>
| # include <stddef.h>
| #else
| # ifdef HAVE_STDLIB_H
| #  include <stdlib.h>
| # endif
| #endif
| #ifdef HAVE_STRING_H
| # if !defined STDC_HEADERS && defined HAVE_MEMORY_H
| #  include <memory.h>
| # endif
| # include <string.h>
| #endif
| #ifdef HAVE_STRINGS_H
| # include <strings.h>
| #endif
| #ifdef HAVE_INTTYPES_H
| # include <inttypes.h>
| #endif
| #ifdef HAVE_STDINT_H
| # include <stdint.h>
| #endif
| #ifdef HAVE_UNISTD_H
| # include <unistd.h>
| #endif
| #include <sys/fpu.h>
configure:5620: result: no
configure:5620: checking sys/fpu.h presence
configure:5620: cc -E  -I/home/licj/software/netBSD/source/netBSD/usr/src/obj/tooldir.Linux-2.6.32-358.el6.x86_64-x86_64/include conftest.c
conftest.c:27:21: error: sys/fpu.h: No such file or directory
configure:5620: $? = 1
configure: failed program was:
| /* confdefs.h */
| #define PACKAGE_NAME "MPFR"
| #define PACKAGE_TARNAME "mpfr"
| #define PACKAGE_VERSION "3.0.1"
| #define PACKAGE_STRING "MPFR 3.0.1"
| #define PACKAGE_BUGREPORT ""
| #define PACKAGE_URL ""
| #define PROTOTYPES 1
| #define __PROTOTYPES 1
| #define STDC_HEADERS 1
| #define HAVE_SYS_TYPES_H 1
| #define HAVE_SYS_STAT_H 1
| #define HAVE_STDLIB_H 1
| #define HAVE_STRING_H 1
| #define HAVE_MEMORY_H 1
| #define HAVE_STRINGS_H 1
| #define HAVE_INTTYPES_H 1
| #define HAVE_STDINT_H 1
| #define HAVE_UNISTD_H 1
| #define HAVE_STRING_H 1
| #define TIME_WITH_SYS_TIME 1
| #define HAVE_LOCALE_H 1
| #define HAVE_WCHAR_H 1
| #define HAVE_STDARG 1
| #define HAVE_SYS_TIME_H 1
| /* end confdefs.h.  */
| #include <sys/fpu.h>
configure:5620: result: no
configure:5620: checking for sys/fpu.h
configure:5620: result: no
configure:5633: checking for working alloca.h
configure:5650: cc -o conftest -O  -I/home/licj/software/netBSD/source/netBSD/usr/src/obj/tooldir.Linux-2.6.32-358.el6.x86_64-x86_64/include  -L/home/licj/software/netBSD/source/netBSD/usr/src/obj/tooldir.Linux-2.6.32-358.el6.x86_64-x86_64/lib conftest.c  >&5
configure:5650: $? = 0
configure:5658: result: yes
configure:5666: checking for alloca
configure:5703: cc -o conftest -O  -I/home/licj/software/netBSD/source/netBSD/usr/src/obj/tooldir.Linux-2.6.32-358.el6.x86_64-x86_64/include  -L/home/licj/software/netBSD/source/netBSD/usr/src/obj/tooldir.Linux-2.6.32-358.el6.x86_64-x86_64/lib conftest.c  >&5
configure:5703: $? = 0
configure:5711: result: yes
configure:5824: checking for stdint.h
configure:5824: result: yes
configure:5834: checking for SIZE_MAX
configure:5906: result: yes
configure:5917: checking how to copy va_list
configure:5935: cc -o conftest -O  -I/home/licj/software/netBSD/source/netBSD/usr/src/obj/tooldir.Linux-2.6.32-358.el6.x86_64-x86_64/include  -L/home/licj/software/netBSD/source/netBSD/usr/src/obj/tooldir.Linux-2.6.32-358.el6.x86_64-x86_64/lib conftest.c  >&5
configure:5935: $? = 0
configure:5937: result: va_copy
configure:5976: checking for memmove
configure:5976: cc -o conftest -O  -I/home/licj/software/netBSD/source/netBSD/usr/src/obj/tooldir.Linux-2.6.32-358.el6.x86_64-x86_64/include  -L/home/licj/software/netBSD/source/netBSD/usr/src/obj/tooldir.Linux-2.6.32-358.el6.x86_64-x86_64/lib conftest.c  >&5
conftest.c:54: warning: conflicting types for built-in function 'memmove'
configure:5976: $? = 0
configure:5976: result: yes
configure:5976: checking for memset
configure:5976: cc -o conftest -O  -I/home/licj/software/netBSD/source/netBSD/usr/src/obj/tooldir.Linux-2.6.32-358.el6.x86_64-x86_64/include  -L/home/licj/software/netBSD/source/netBSD/usr/src/obj/tooldir.Linux-2.6.32-358.el6.x86_64-x86_64/lib conftest.c  >&5
conftest.c:55: warning: conflicting types for built-in function 'memset'
configure:5976: $? = 0
configure:5976: result: yes
configure:5976: checking for setlocale
configure:5976: cc -o conftest -O  -I/home/licj/software/netBSD/source/netBSD/usr/src/obj/tooldir.Linux-2.6.32-358.el6.x86_64-x86_64/include  -L/home/licj/software/netBSD/source/netBSD/usr/src/obj/tooldir.Linux-2.6.32-358.el6.x86_64-x86_64/lib conftest.c  >&5
configure:5976: $? = 0
configure:5976: result: yes
configure:5976: checking for strtol
configure:5976: cc -o conftest -O  -I/home/licj/software/netBSD/source/netBSD/usr/src/obj/tooldir.Linux-2.6.32-358.el6.x86_64-x86_64/include  -L/home/licj/software/netBSD/source/netBSD/usr/src/obj/tooldir.Linux-2.6.32-358.el6.x86_64-x86_64/lib conftest.c  >&5
configure:5976: $? = 0
configure:5976: result: yes
configure:5976: checking for gettimeofday
configure:5976: cc -o conftest -O  -I/home/licj/software/netBSD/source/netBSD/usr/src/obj/tooldir.Linux-2.6.32-358.el6.x86_64-x86_64/include  -L/home/licj/software/netBSD/source/netBSD/usr/src/obj/tooldir.Linux-2.6.32-358.el6.x86_64-x86_64/lib conftest.c  >&5
configure:5976: $? = 0
configure:5976: result: yes
configure:6029: checking for long long int
configure:6029: cc -c -O  -I/home/licj/software/netBSD/source/netBSD/usr/src/obj/tooldir.Linux-2.6.32-358.el6.x86_64-x86_64/include conftest.c >&5
configure:6029: $? = 0
configure:6029: cc -c -O  -I/home/licj/software/netBSD/source/netBSD/usr/src/obj/tooldir.Linux-2.6.32-358.el6.x86_64-x86_64/include conftest.c >&5
conftest.c: In function 'main':
conftest.c:72: error: expected expression before ')' token
configure:6029: $? = 1
configure: failed program was:
| /* confdefs.h */
| #define PACKAGE_NAME "MPFR"
| #define PACKAGE_TARNAME "mpfr"
| #define PACKAGE_VERSION "3.0.1"
| #define PACKAGE_STRING "MPFR 3.0.1"
| #define PACKAGE_BUGREPORT ""
| #define PACKAGE_URL ""
| #define PROTOTYPES 1
| #define __PROTOTYPES 1
| #define STDC_HEADERS 1
| #define HAVE_SYS_TYPES_H 1
| #define HAVE_SYS_STAT_H 1
| #define HAVE_STDLIB_H 1
| #define HAVE_STRING_H 1
| #define HAVE_MEMORY_H 1
| #define HAVE_STRINGS_H 1
| #define HAVE_INTTYPES_H 1
| #define HAVE_STDINT_H 1
| #define HAVE_UNISTD_H 1
| #define HAVE_STRING_H 1
| #define TIME_WITH_SYS_TIME 1
| #define HAVE_LOCALE_H 1
| #define HAVE_WCHAR_H 1
| #define HAVE_STDARG 1
| #define HAVE_SYS_TIME_H 1
| #define HAVE_ALLOCA_H 1
| #define HAVE_ALLOCA 1
| #define HAVE_STDINT_H 1
| #define HAVE_VA_COPY 1
| #define HAVE_MEMMOVE 1
| #define HAVE_MEMSET 1
| #define HAVE_SETLOCALE 1
| #define HAVE_STRTOL 1
| #define HAVE_GETTIMEOFDAY 1
| /* end confdefs.h.  */
| #include <stdio.h>
| #ifdef HAVE_SYS_TYPES_H
| # include <sys/types.h>
| #endif
| #ifdef HAVE_SYS_STAT_H
| # include <sys/stat.h>
| #endif
| #ifdef STDC_HEADERS
| # include <stdlib.h>
| # include <stddef.h>
| #else
| # ifdef HAVE_STDLIB_H
| #  include <stdlib.h>
| # endif
| #endif
| #ifdef HAVE_STRING_H
| # if !defined STDC_HEADERS && defined HAVE_MEMORY_H
| #  include <memory.h>
| # endif
| # include <string.h>
| #endif
| #ifdef HAVE_STRINGS_H
| # include <strings.h>
| #endif
| #ifdef HAVE_INTTYPES_H
| # include <inttypes.h>
| #endif
| #ifdef HAVE_STDINT_H
| # include <stdint.h>
| #endif
| #ifdef HAVE_UNISTD_H
| # include <unistd.h>
| #endif
| int
| main ()
| {
| if (sizeof ((long long int)))
| 	    return 0;
|   ;
|   return 0;
| }
configure:6029: result: yes
configure:6037: checking for intmax_t
configure:6037: cc -c -O  -I/home/licj/software/netBSD/source/netBSD/usr/src/obj/tooldir.Linux-2.6.32-358.el6.x86_64-x86_64/include conftest.c >&5
configure:6037: $? = 0
configure:6037: cc -c -O  -I/home/licj/software/netBSD/source/netBSD/usr/src/obj/tooldir.Linux-2.6.32-358.el6.x86_64-x86_64/include conftest.c >&5
conftest.c: In function 'main':
conftest.c:73: error: expected expression before ')' token
configure:6037: $? = 1
configure: failed program was:
| /* confdefs.h */
| #define PACKAGE_NAME "MPFR"
| #define PACKAGE_TARNAME "mpfr"
| #define PACKAGE_VERSION "3.0.1"
| #define PACKAGE_STRING "MPFR 3.0.1"
| #define PACKAGE_BUGREPORT ""
| #define PACKAGE_URL ""
| #define PROTOTYPES 1
| #define __PROTOTYPES 1
| #define STDC_HEADERS 1
| #define HAVE_SYS_TYPES_H 1
| #define HAVE_SYS_STAT_H 1
| #define HAVE_STDLIB_H 1
| #define HAVE_STRING_H 1
| #define HAVE_MEMORY_H 1
| #define HAVE_STRINGS_H 1
| #define HAVE_INTTYPES_H 1
| #define HAVE_STDINT_H 1
| #define HAVE_UNISTD_H 1
| #define HAVE_STRING_H 1
| #define TIME_WITH_SYS_TIME 1
| #define HAVE_LOCALE_H 1
| #define HAVE_WCHAR_H 1
| #define HAVE_STDARG 1
| #define HAVE_SYS_TIME_H 1
| #define HAVE_ALLOCA_H 1
| #define HAVE_ALLOCA 1
| #define HAVE_STDINT_H 1
| #define HAVE_VA_COPY 1
| #define HAVE_MEMMOVE 1
| #define HAVE_MEMSET 1
| #define HAVE_SETLOCALE 1
| #define HAVE_STRTOL 1
| #define HAVE_GETTIMEOFDAY 1
| #define HAVE_LONG_LONG 1
| /* end confdefs.h.  */
| #include <stdio.h>
| #ifdef HAVE_SYS_TYPES_H
| # include <sys/types.h>
| #endif
| #ifdef HAVE_SYS_STAT_H
| # include <sys/stat.h>
| #endif
| #ifdef STDC_HEADERS
| # include <stdlib.h>
| # include <stddef.h>
| #else
| # ifdef HAVE_STDLIB_H
| #  include <stdlib.h>
| # endif
| #endif
| #ifdef HAVE_STRING_H
| # if !defined STDC_HEADERS && defined HAVE_MEMORY_H
| #  include <memory.h>
| # endif
| # include <string.h>
| #endif
| #ifdef HAVE_STRINGS_H
| # include <strings.h>
| #endif
| #ifdef HAVE_INTTYPES_H
| # include <inttypes.h>
| #endif
| #ifdef HAVE_STDINT_H
| # include <stdint.h>
| #endif
| #ifdef HAVE_UNISTD_H
| # include <unistd.h>
| #endif
| int
| main ()
| {
| if (sizeof ((intmax_t)))
| 	    return 0;
|   ;
|   return 0;
| }
configure:6037: result: yes
configure:6048: checking for working INTMAX_MAX
configure:6065: cc -c -O  -I/home/licj/software/netBSD/source/netBSD/usr/src/obj/tooldir.Linux-2.6.32-358.el6.x86_64-x86_64/include conftest.c >&5
configure:6065: $? = 0
configure:6073: result: yes
configure:6082: checking for union fpc_csr
configure:6082: cc -c -O  -I/home/licj/software/netBSD/source/netBSD/usr/src/obj/tooldir.Linux-2.6.32-358.el6.x86_64-x86_64/include conftest.c >&5
conftest.c: In function 'main':
conftest.c:48: error: invalid application of 'sizeof' to incomplete type 'union fpc_csr' 
configure:6082: $? = 1
configure: failed program was:
| /* confdefs.h */
| #define PACKAGE_NAME "MPFR"
| #define PACKAGE_TARNAME "mpfr"
| #define PACKAGE_VERSION "3.0.1"
| #define PACKAGE_STRING "MPFR 3.0.1"
| #define PACKAGE_BUGREPORT ""
| #define PACKAGE_URL ""
| #define PROTOTYPES 1
| #define __PROTOTYPES 1
| #define STDC_HEADERS 1
| #define HAVE_SYS_TYPES_H 1
| #define HAVE_SYS_STAT_H 1
| #define HAVE_STDLIB_H 1
| #define HAVE_STRING_H 1
| #define HAVE_MEMORY_H 1
| #define HAVE_STRINGS_H 1
| #define HAVE_INTTYPES_H 1
| #define HAVE_STDINT_H 1
| #define HAVE_UNISTD_H 1
| #define HAVE_STRING_H 1
| #define TIME_WITH_SYS_TIME 1
| #define HAVE_LOCALE_H 1
| #define HAVE_WCHAR_H 1
| #define HAVE_STDARG 1
| #define HAVE_SYS_TIME_H 1
| #define HAVE_ALLOCA_H 1
| #define HAVE_ALLOCA 1
| #define HAVE_STDINT_H 1
| #define HAVE_VA_COPY 1
| #define HAVE_MEMMOVE 1
| #define HAVE_MEMSET 1
| #define HAVE_SETLOCALE 1
| #define HAVE_STRTOL 1
| #define HAVE_GETTIMEOFDAY 1
| #define HAVE_LONG_LONG 1
| #define HAVE_INTMAX_T 1
| #define MPFR_HAVE_INTMAX_MAX 1
| /* end confdefs.h.  */
| 
| #if HAVE_SYS_FPU_H
| #  include <sys/fpu.h>
| #endif
| 
| 
| int
| main ()
| {
| if (sizeof (union fpc_csr))
| 	 return 0;
|   ;
|   return 0;
| }
configure:6082: result: no
configure:6095: checking for fesetround
configure:6114: cc -o conftest -O  -I/home/licj/software/netBSD/source/netBSD/usr/src/obj/tooldir.Linux-2.6.32-358.el6.x86_64-x86_64/include  -L/home/licj/software/netBSD/source/netBSD/usr/src/obj/tooldir.Linux-2.6.32-358.el6.x86_64-x86_64/lib conftest.c  -lm >&5
configure:6114: $? = 0
configure:6124: result: yes
configure:6133: checking for gcc float-conversion bug
configure:6173: cc -o conftest -O  -I/home/licj/software/netBSD/source/netBSD/usr/src/obj/tooldir.Linux-2.6.32-358.el6.x86_64-x86_64/include  -L/home/licj/software/netBSD/source/netBSD/usr/src/obj/tooldir.Linux-2.6.32-358.el6.x86_64-x86_64/lib conftest.c  -lm >&5
configure:6173: $? = 0
configure:6173: ./conftest
configure:6173: $? = 0
configure:6185: result: no
configure:6192: checking for denormalized numbers
configure:6213: cc -o conftest -O  -I/home/licj/software/netBSD/source/netBSD/usr/src/obj/tooldir.Linux-2.6.32-358.el6.x86_64-x86_64/include  -L/home/licj/software/netBSD/source/netBSD/usr/src/obj/tooldir.Linux-2.6.32-358.el6.x86_64-x86_64/lib conftest.c  >&5
configure:6213: $? = 0
configure:6213: ./conftest
1.112537e-308
configure:6213: $? = 0
configure:6224: result: yes
configure:6232: checking if NAN == NAN
configure:6256: cc -o conftest -O  -I/home/licj/software/netBSD/source/netBSD/usr/src/obj/tooldir.Linux-2.6.32-358.el6.x86_64-x86_64/include  -L/home/licj/software/netBSD/source/netBSD/usr/src/obj/tooldir.Linux-2.6.32-358.el6.x86_64-x86_64/lib conftest.c  >&5
configure:6256: $? = 0
configure:6256: ./conftest
configure:6256: $? = 1
configure: program exited with status 1
configure: failed program was:
| /* confdefs.h */
| #define PACKAGE_NAME "MPFR"
| #define PACKAGE_TARNAME "mpfr"
| #define PACKAGE_VERSION "3.0.1"
| #define PACKAGE_STRING "MPFR 3.0.1"
| #define PACKAGE_BUGREPORT ""
| #define PACKAGE_URL ""
| #define PROTOTYPES 1
| #define __PROTOTYPES 1
| #define STDC_HEADERS 1
| #define HAVE_SYS_TYPES_H 1
| #define HAVE_SYS_STAT_H 1
| #define HAVE_STDLIB_H 1
| #define HAVE_STRING_H 1
| #define HAVE_MEMORY_H 1
| #define HAVE_STRINGS_H 1
| #define HAVE_INTTYPES_H 1
| #define HAVE_STDINT_H 1
| #define HAVE_UNISTD_H 1
| #define HAVE_STRING_H 1
| #define TIME_WITH_SYS_TIME 1
| #define HAVE_LOCALE_H 1
| #define HAVE_WCHAR_H 1
| #define HAVE_STDARG 1
| #define HAVE_SYS_TIME_H 1
| #define HAVE_ALLOCA_H 1
| #define HAVE_ALLOCA 1
| #define HAVE_STDINT_H 1
| #define HAVE_VA_COPY 1
| #define HAVE_MEMMOVE 1
| #define HAVE_MEMSET 1
| #define HAVE_SETLOCALE 1
| #define HAVE_STRTOL 1
| #define HAVE_GETTIMEOFDAY 1
| #define HAVE_LONG_LONG 1
| #define HAVE_INTMAX_T 1
| #define MPFR_HAVE_INTMAX_MAX 1
| #define MPFR_HAVE_FESETROUND 1
| #define HAVE_DENORMS 1
| /* end confdefs.h.  */
| 
| #include <stdio.h>
| #include <math.h>
| #ifndef NAN
| # define NAN (0.0/0.0)
| #endif
| int main() {
|   double d;
|   d = NAN;
|   return d != d;
| }
| 
configure:6267: result: no
configure:6295: checking if charset has consecutive values
configure:6325: cc -o conftest -O  -I/home/licj/software/netBSD/source/netBSD/usr/src/obj/tooldir.Linux-2.6.32-358.el6.x86_64-x86_64/include  -L/home/licj/software/netBSD/source/netBSD/usr/src/obj/tooldir.Linux-2.6.32-358.el6.x86_64-x86_64/lib conftest.c  >&5
configure:6325: $? = 0
configure:6325: ./conftest
configure:6325: $? = 0
configure:6326: result: yes
configure:6344: checking for math/round
configure:6364: cc -o conftest -O  -I/home/licj/software/netBSD/source/netBSD/usr/src/obj/tooldir.Linux-2.6.32-358.el6.x86_64-x86_64/include  -L/home/licj/software/netBSD/source/netBSD/usr/src/obj/tooldir.Linux-2.6.32-358.el6.x86_64-x86_64/lib conftest.c  -lm >&5
configure:6364: $? = 0
configure:6366: result: yes
configure:6379: checking for math/trunc
configure:6399: cc -o conftest -O  -I/home/licj/software/netBSD/source/netBSD/usr/src/obj/tooldir.Linux-2.6.32-358.el6.x86_64-x86_64/include  -L/home/licj/software/netBSD/source/netBSD/usr/src/obj/tooldir.Linux-2.6.32-358.el6.x86_64-x86_64/lib conftest.c  -lm >&5
configure:6399: $? = 0
configure:6401: result: yes
configure:6414: checking for math/floor
configure:6434: cc -o conftest -O  -I/home/licj/software/netBSD/source/netBSD/usr/src/obj/tooldir.Linux-2.6.32-358.el6.x86_64-x86_64/include  -L/home/licj/software/netBSD/source/netBSD/usr/src/obj/tooldir.Linux-2.6.32-358.el6.x86_64-x86_64/lib conftest.c  -lm >&5
configure:6434: $? = 0
configure:6436: result: yes
configure:6449: checking for math/ceil
configure:6469: cc -o conftest -O  -I/home/licj/software/netBSD/source/netBSD/usr/src/obj/tooldir.Linux-2.6.32-358.el6.x86_64-x86_64/include  -L/home/licj/software/netBSD/source/netBSD/usr/src/obj/tooldir.Linux-2.6.32-358.el6.x86_64-x86_64/lib conftest.c  -lm >&5
configure:6469: $? = 0
configure:6471: result: yes
configure:6484: checking for math/rint
configure:6504: cc -o conftest -O  -I/home/licj/software/netBSD/source/netBSD/usr/src/obj/tooldir.Linux-2.6.32-358.el6.x86_64-x86_64/include  -L/home/licj/software/netBSD/source/netBSD/usr/src/obj/tooldir.Linux-2.6.32-358.el6.x86_64-x86_64/lib conftest.c  -lm >&5
configure:6504: $? = 0
configure:6506: result: yes
configure:6524: checking for long double
configure:6524: cc -c -O  -I/home/licj/software/netBSD/source/netBSD/usr/src/obj/tooldir.Linux-2.6.32-358.el6.x86_64-x86_64/include conftest.c >&5
configure:6524: $? = 0
configure:6524: cc -c -O  -I/home/licj/software/netBSD/source/netBSD/usr/src/obj/tooldir.Linux-2.6.32-358.el6.x86_64-x86_64/include conftest.c >&5
conftest.c: In function 'main':
conftest.c:82: error: expected expression before ')' token
configure:6524: $? = 1
configure: failed program was:
| /* confdefs.h */
| #define PACKAGE_NAME "MPFR"
| #define PACKAGE_TARNAME "mpfr"
| #define PACKAGE_VERSION "3.0.1"
| #define PACKAGE_STRING "MPFR 3.0.1"
| #define PACKAGE_BUGREPORT ""
| #define PACKAGE_URL ""
| #define PROTOTYPES 1
| #define __PROTOTYPES 1
| #define STDC_HEADERS 1
| #define HAVE_SYS_TYPES_H 1
| #define HAVE_SYS_STAT_H 1
| #define HAVE_STDLIB_H 1
| #define HAVE_STRING_H 1
| #define HAVE_MEMORY_H 1
| #define HAVE_STRINGS_H 1
| #define HAVE_INTTYPES_H 1
| #define HAVE_STDINT_H 1
| #define HAVE_UNISTD_H 1
| #define HAVE_STRING_H 1
| #define TIME_WITH_SYS_TIME 1
| #define HAVE_LOCALE_H 1
| #define HAVE_WCHAR_H 1
| #define HAVE_STDARG 1
| #define HAVE_SYS_TIME_H 1
| #define HAVE_ALLOCA_H 1
| #define HAVE_ALLOCA 1
| #define HAVE_STDINT_H 1
| #define HAVE_VA_COPY 1
| #define HAVE_MEMMOVE 1
| #define HAVE_MEMSET 1
| #define HAVE_SETLOCALE 1
| #define HAVE_STRTOL 1
| #define HAVE_GETTIMEOFDAY 1
| #define HAVE_LONG_LONG 1
| #define HAVE_INTMAX_T 1
| #define MPFR_HAVE_INTMAX_MAX 1
| #define MPFR_HAVE_FESETROUND 1
| #define HAVE_DENORMS 1
| #define HAVE_ROUND 1
| #define HAVE_TRUNC 1
| #define HAVE_FLOOR 1
| #define HAVE_CEIL 1
| #define HAVE_NEARBYINT 1
| /* end confdefs.h.  */
| #include <stdio.h>
| #ifdef HAVE_SYS_TYPES_H
| # include <sys/types.h>
| #endif
| #ifdef HAVE_SYS_STAT_H
| # include <sys/stat.h>
| #endif
| #ifdef STDC_HEADERS
| # include <stdlib.h>
| # include <stddef.h>
| #else
| # ifdef HAVE_STDLIB_H
| #  include <stdlib.h>
| # endif
| #endif
| #ifdef HAVE_STRING_H
| # if !defined STDC_HEADERS && defined HAVE_MEMORY_H
| #  include <memory.h>
| # endif
| # include <string.h>
| #endif
| #ifdef HAVE_STRINGS_H
| # include <strings.h>
| #endif
| #ifdef HAVE_INTTYPES_H
| # include <inttypes.h>
| #endif
| #ifdef HAVE_STDINT_H
| # include <stdint.h>
| #endif
| #ifdef HAVE_UNISTD_H
| # include <unistd.h>
| #endif
| int
| main ()
| {
| if (sizeof ((long double)))
| 	    return 0;
|   ;
|   return 0;
| }
configure:6524: result: yes
configure:6534: checking format of `long double' floating point
configure:6561: cc -O  -I/home/licj/software/netBSD/source/netBSD/usr/src/obj/tooldir.Linux-2.6.32-358.el6.x86_64-x86_64/include -c conftest.c >&5 2>&1
configure:6564: $? = 0
configure:6815: result: IEEE extended, little endian
configure:6895: checking for gmp.h
configure:6903: cc -c -O  -I/home/licj/software/netBSD/source/netBSD/usr/src/obj/tooldir.Linux-2.6.32-358.el6.x86_64-x86_64/include conftest.c >&5
configure:6903: $? = 0
configure:6904: result: yes
configure:7308: checking for a sed that does not truncate output
configure:7372: result: /bin/sed
configure:7390: checking for fgrep
configure:7452: result: /bin/grep -F
configure:7487: checking for ld used by cc
configure:7554: result: /usr/bin/ld
configure:7561: checking if the linker (/usr/bin/ld) is GNU ld
configure:7576: result: yes
configure:7588: checking for BSD- or MS-compatible name lister (nm)
configure:7637: result: /usr/bin/nm -B
configure:7755: checking the name lister (/usr/bin/nm -B) interface
configure:7762: cc -c -O  -I/home/licj/software/netBSD/source/netBSD/usr/src/obj/tooldir.Linux-2.6.32-358.el6.x86_64-x86_64/include conftest.c >&5
configure:7765: /usr/bin/nm -B "conftest.o"
configure:7768: output
0000000000000000 B some_variable
configure:7775: result: BSD nm
configure:7778: checking whether ln -s works
configure:7782: result: yes
configure:7790: checking the maximum length of command line arguments
configure:7910: result: 1966080
configure:7927: checking whether the shell understands some XSI constructs
configure:7937: result: yes
configure:7941: checking whether the shell understands "+="
configure:7947: result: yes
configure:7982: checking for /usr/bin/ld option to reload object files
configure:7989: result: -r
configure:8058: checking for objdump
configure:8085: result: objdump
configure:8114: checking how to recognize dependent libraries
configure:8310: result: pass_all
configure:8370: checking for ar
configure:8397: result: ar
configure:8475: checking for strip
configure:8491: found /usr/bin/strip
configure:8502: result: strip
configure:8574: checking for ranlib
configure:8601: result: ranlib
configure:8691: checking command to parse /usr/bin/nm -B output from cc object
configure:8809: cc -c -O  -I/home/licj/software/netBSD/source/netBSD/usr/src/obj/tooldir.Linux-2.6.32-358.el6.x86_64-x86_64/include conftest.c >&5
configure:8812: $? = 0
configure:8816: /usr/bin/nm -B conftest.o \| sed -n -e 's/^.*[	 ]\([ABCDGIRSTW][ABCDGIRSTW]*\)[	 ][	 ]*\([_A-Za-z][_A-Za-z0-9]*\)$/\1 \2 \2/p' \> conftest.nm
configure:8819: $? = 0
configure:8873: cc -o conftest -O  -I/home/licj/software/netBSD/source/netBSD/usr/src/obj/tooldir.Linux-2.6.32-358.el6.x86_64-x86_64/include  -L/home/licj/software/netBSD/source/netBSD/usr/src/obj/tooldir.Linux-2.6.32-358.el6.x86_64-x86_64/lib conftest.c conftstm.o >&5
configure:8876: $? = 0
configure:8914: result: ok
configure:9009: cc -c -O  -I/home/licj/software/netBSD/source/netBSD/usr/src/obj/tooldir.Linux-2.6.32-358.el6.x86_64-x86_64/include conftest.c >&5
configure:9012: $? = 0
configure:9719: checking for dlfcn.h
configure:9719: cc -c -O  -I/home/licj/software/netBSD/source/netBSD/usr/src/obj/tooldir.Linux-2.6.32-358.el6.x86_64-x86_64/include conftest.c >&5
configure:9719: $? = 0
configure:9719: result: yes
configure:9901: checking for objdir
configure:9916: result: .libs
configure:10212: checking if cc supports -fno-rtti -fno-exceptions
configure:10230: cc -c -O  -I/home/licj/software/netBSD/source/netBSD/usr/src/obj/tooldir.Linux-2.6.32-358.el6.x86_64-x86_64/include -fno-rtti -fno-exceptions conftest.c >&5
cc1: warning: command line option "-fno-rtti" is valid for C++/ObjC++ but not for C
configure:10234: $? = 0
configure:10247: result: no
configure:10267: checking for cc option to produce PIC
configure:10539: result: -fPIC -DPIC
configure:10551: checking if cc PIC flag -fPIC -DPIC works
configure:10569: cc -c -O  -I/home/licj/software/netBSD/source/netBSD/usr/src/obj/tooldir.Linux-2.6.32-358.el6.x86_64-x86_64/include -fPIC -DPIC -DPIC conftest.c >&5
configure:10573: $? = 0
configure:10586: result: yes
configure:10610: checking if cc static flag -static works
configure:10638: result: no
configure:10653: checking if cc supports -c -o file.o
configure:10674: cc -c -O  -I/home/licj/software/netBSD/source/netBSD/usr/src/obj/tooldir.Linux-2.6.32-358.el6.x86_64-x86_64/include -o out/conftest2.o conftest.c >&5
configure:10678: $? = 0
configure:10700: result: yes
configure:10708: checking if cc supports -c -o file.o
configure:10755: result: yes
configure:10788: checking whether the cc linker (/usr/bin/ld -m elf_x86_64) supports shared libraries
configure:11779: result: yes
configure:12018: checking dynamic linker characteristics
configure:12451: cc -o conftest -O  -I/home/licj/software/netBSD/source/netBSD/usr/src/obj/tooldir.Linux-2.6.32-358.el6.x86_64-x86_64/include  -L/home/licj/software/netBSD/source/netBSD/usr/src/obj/tooldir.Linux-2.6.32-358.el6.x86_64-x86_64/lib -Wl,-rpath -Wl,/foo conftest.c  >&5
configure:12451: $? = 0
configure:12681: result: GNU/Linux ld.so
configure:12783: checking how to hardcode library paths into programs
configure:12808: result: immediate
configure:13328: checking whether stripping libraries is possible
configure:13333: result: yes
configure:13368: checking if libtool supports shared libraries
configure:13370: result: yes
configure:13373: checking whether to build shared libraries
configure:13394: result: no
configure:13397: checking whether to build static libraries
configure:13401: result: yes
configure:13439: checking whether gcc __attribute__ ((mode (XX))) works
configure:13455: cc -c -O  -I/home/licj/software/netBSD/source/netBSD/usr/src/obj/tooldir.Linux-2.6.32-358.el6.x86_64-x86_64/include conftest.c >&5
configure:13455: $? = 0
configure:13463: result: yes
configure:13474: checking for recent GMP
configure:13486: cc -c -O  -I/home/licj/software/netBSD/source/netBSD/usr/src/obj/tooldir.Linux-2.6.32-358.el6.x86_64-x86_64/include conftest.c >&5
configure:13486: $? = 0
configure:13487: result: yes
configure:13571: checking for __gmpz_init in -lgmp
configure:13596: cc -o conftest -O  -I/home/licj/software/netBSD/source/netBSD/usr/src/obj/tooldir.Linux-2.6.32-358.el6.x86_64-x86_64/include  -L/home/licj/software/netBSD/source/netBSD/usr/src/obj/tooldir.Linux-2.6.32-358.el6.x86_64-x86_64/lib conftest.c -lgmp   >&5
configure:13596: $? = 0
configure:13605: result: yes
configure:13615: checking if gmp.h version and libgmp version are the same
configure:13651: cc -o conftest -O  -I/home/licj/software/netBSD/source/netBSD/usr/src/obj/tooldir.Linux-2.6.32-358.el6.x86_64-x86_64/include  -L/home/licj/software/netBSD/source/netBSD/usr/src/obj/tooldir.Linux-2.6.32-358.el6.x86_64-x86_64/lib conftest.c -lgmp  >&5
configure:13651: $? = 0
configure:13651: ./conftest
configure:13651: $? = 0
configure:13652: result: yes
configure:13657: checking if gmp_printf supports "%jd"
configure:13693: cc -o conftest -O  -I/home/licj/software/netBSD/source/netBSD/usr/src/obj/tooldir.Linux-2.6.32-358.el6.x86_64-x86_64/include  -L/home/licj/software/netBSD/source/netBSD/usr/src/obj/tooldir.Linux-2.6.32-358.el6.x86_64-x86_64/lib conftest.c -lgmp  >&5
configure:13693: $? = 0
configure:13693: ./conftest
configure:13693: $? = 0
configure:13694: result: yes
configure:13712: checking if gmp_printf supports "%hhd"
configure:13743: cc -o conftest -O  -I/home/licj/software/netBSD/source/netBSD/usr/src/obj/tooldir.Linux-2.6.32-358.el6.x86_64-x86_64/include  -L/home/licj/software/netBSD/source/netBSD/usr/src/obj/tooldir.Linux-2.6.32-358.el6.x86_64-x86_64/lib conftest.c -lgmp  >&5
configure:13743: $? = 0
configure:13743: ./conftest
configure:13743: $? = 0
configure:13744: result: yes
configure:13761: checking if gmp_printf supports "%lld"
configure:13792: cc -o conftest -O  -I/home/licj/software/netBSD/source/netBSD/usr/src/obj/tooldir.Linux-2.6.32-358.el6.x86_64-x86_64/include  -L/home/licj/software/netBSD/source/netBSD/usr/src/obj/tooldir.Linux-2.6.32-358.el6.x86_64-x86_64/lib conftest.c -lgmp  >&5
configure:13792: $? = 0
configure:13792: ./conftest
configure:13792: $? = 0
configure:13793: result: yes
configure:13810: checking if gmp_printf supports "%Lf"
configure:13841: cc -o conftest -O  -I/home/licj/software/netBSD/source/netBSD/usr/src/obj/tooldir.Linux-2.6.32-358.el6.x86_64-x86_64/include  -L/home/licj/software/netBSD/source/netBSD/usr/src/obj/tooldir.Linux-2.6.32-358.el6.x86_64-x86_64/lib conftest.c -lgmp  >&5
configure:13841: $? = 0
configure:13841: ./conftest
configure:13841: $? = 0
configure:13842: result: yes
configure:13859: checking if gmp_printf supports "%td"
configure:13895: cc -o conftest -O  -I/home/licj/software/netBSD/source/netBSD/usr/src/obj/tooldir.Linux-2.6.32-358.el6.x86_64-x86_64/include  -L/home/licj/software/netBSD/source/netBSD/usr/src/obj/tooldir.Linux-2.6.32-358.el6.x86_64-x86_64/lib conftest.c -lgmp  >&5
configure:13895: $? = 0
configure:13895: ./conftest
configure:13895: $? = 0
configure:13896: result: yes
configure:14117: creating ./config.status

## ---------------------- ##
## Running config.status. ##
## ---------------------- ##

This file was extended by MPFR config.status 3.0.1, which was
generated by GNU Autoconf 2.67.  Invocation command line was

  CONFIG_FILES    = 
  CONFIG_HEADERS  = 
  CONFIG_LINKS    = 
  CONFIG_COMMANDS = 
  $ ./config.status 

on out.lrserver

config.status:1004: creating Makefile
config.status:1004: creating tests/Makefile
config.status:1004: creating mparam.h
config.status:1160: executing depfiles commands
config.status:1160: executing libtool commands

## ---------------- ##
## Cache variables. ##
## ---------------- ##

ac_cv_build=x86_64-unknown-linux-gnu
ac_cv_c_compiler_gnu=yes
ac_cv_c_const=yes
ac_cv_c_volatile=yes
ac_cv_env_CC_set=set
ac_cv_env_CC_value=cc
ac_cv_env_CFLAGS_set=set
ac_cv_env_CFLAGS_value=-O
ac_cv_env_CPPFLAGS_set=set
ac_cv_env_CPPFLAGS_value=
ac_cv_env_CPP_set=
ac_cv_env_CPP_value=
ac_cv_env_LDFLAGS_set=set
ac_cv_env_LDFLAGS_value=
ac_cv_env_LIBS_set=
ac_cv_env_LIBS_value=
ac_cv_env_build_alias_set=
ac_cv_env_build_alias_value=
ac_cv_env_host_alias_set=
ac_cv_env_host_alias_value=
ac_cv_env_target_alias_set=
ac_cv_env_target_alias_value=
ac_cv_func_alloca_works=yes
ac_cv_func_gettimeofday=yes
ac_cv_func_memmove=yes
ac_cv_func_memset=yes
ac_cv_func_setlocale=yes
ac_cv_func_strtol=yes
ac_cv_header_dlfcn_h=yes
ac_cv_header_float_h=yes
ac_cv_header_inttypes_h=yes
ac_cv_header_limits_h=yes
ac_cv_header_locale_h=yes
ac_cv_header_memory_h=yes
ac_cv_header_stdarg_h=yes
ac_cv_header_stdc=yes
ac_cv_header_stdint_h=yes
ac_cv_header_stdlib_h=yes
ac_cv_header_string_h=yes
ac_cv_header_strings_h=yes
ac_cv_header_sys_fpu_h=no
ac_cv_header_sys_stat_h=yes
ac_cv_header_sys_time_h=yes
ac_cv_header_sys_types_h=yes
ac_cv_header_time=yes
ac_cv_header_unistd_h=yes
ac_cv_header_wchar_h=yes
ac_cv_host=x86_64-unknown-linux-gnu
ac_cv_lib_gmp___gmpz_init=yes
ac_cv_lib_m_main=yes
ac_cv_objext=o
ac_cv_path_EGREP='/bin/grep -E'
ac_cv_path_FGREP='/bin/grep -F'
ac_cv_path_GREP=/bin/grep
ac_cv_path_SED=/bin/sed
ac_cv_path_mkdir='/home/licj/software/netBSD/source/netBSD/usr/src/obj/tooldir.Linux-2.6.32-358.el6.x86_64-x86_64/bin/arm--netbsdelf-install -d'
ac_cv_prog_AWK=/home/licj/software/netBSD/source/netBSD/usr/src/obj/tooldir.Linux-2.6.32-358.el6.x86_64-x86_64/bin/nbawk
ac_cv_prog_CPP='cc -E'
ac_cv_prog_ac_ct_AR=ar
ac_cv_prog_ac_ct_CC=cc
ac_cv_prog_ac_ct_OBJDUMP=objdump
ac_cv_prog_ac_ct_RANLIB=ranlib
ac_cv_prog_ac_ct_STRIP=strip
ac_cv_prog_cc_c89=
ac_cv_prog_cc_cc_c_o=yes
ac_cv_prog_cc_g=yes
ac_cv_prog_make__home_licj_software_netBSD_source_netBSD_usr_src_obj_tooldir_Linux_2_6_32_358_el6_x86_64_x86_64_bin_nbmake_set=no
ac_cv_type_intmax_t=yes
ac_cv_type_long_double=yes
ac_cv_type_long_long_int=yes
ac_cv_type_union_fpc_csr=no
ac_cv_working_alloca_h=yes
am_cv_CC_dependencies_compiler_type=none
gl_cv_size_max=yes
gmp_cv_c_attribute_mode=yes
lt_cv_deplibs_check_method=pass_all
lt_cv_file_magic_cmd='$MAGIC_CMD'
lt_cv_file_magic_test_file=
lt_cv_ld_reload_flag=-r
lt_cv_nm_interface='BSD nm'
lt_cv_objdir=.libs
lt_cv_path_LD=/usr/bin/ld
lt_cv_path_NM='/usr/bin/nm -B'
lt_cv_prog_compiler_c_o=yes
lt_cv_prog_compiler_pic_works=yes
lt_cv_prog_compiler_rtti_exceptions=no
lt_cv_prog_compiler_static_works=no
lt_cv_prog_gnu_ld=yes
lt_cv_sys_global_symbol_pipe='sed -n -e '\''s/^.*[	 ]\([ABCDGIRSTW][ABCDGIRSTW]*\)[	 ][	 ]*\([_A-Za-z][_A-Za-z0-9]*\)$/\1 \2 \2/p'\'''
lt_cv_sys_global_symbol_to_c_name_address='sed -n -e '\''s/^: \([^ ]*\) $/  {\"\1\", (void *) 0},/p'\'' -e '\''s/^[ABCDGIRSTW]* \([^ ]*\) \([^ ]*\)$/  {"\2", (void *) \&\2},/p'\'''
lt_cv_sys_global_symbol_to_c_name_address_lib_prefix='sed -n -e '\''s/^: \([^ ]*\) $/  {\"\1\", (void *) 0},/p'\'' -e '\''s/^[ABCDGIRSTW]* \([^ ]*\) \(lib[^ ]*\)$/  {"\2", (void *) \&\2},/p'\'' -e '\''s/^[ABCDGIRSTW]* \([^ ]*\) \([^ ]*\)$/  {"lib\2", (void *) \&\2},/p'\'''
lt_cv_sys_global_symbol_to_cdecl='sed -n -e '\''s/^T .* \(.*\)$/extern int \1();/p'\'' -e '\''s/^[ABCDGIRSTW]* .* \(.*\)$/extern char \1;/p'\'''
lt_cv_sys_max_cmd_len=1966080
mpfr_cv_c_long_double_format='IEEE extended, little endian'
mpfr_cv_gcc_floatconv_bug=no
mpfr_cv_have_denorms=yes
mpfr_cv_have_fesetround=yes
mpfr_cv_have_intmax_max=yes
mpfr_cv_nanisnan=no

## ----------------- ##
## Output variables. ##
## ----------------- ##

ACLOCAL='${SHELL} /home/licj/software/netBSD/source/netBSD/usr/src/external/lgpl3/mpfr/dist/missing --run aclocal-1.11'
ALLOCA=''
AMDEPBACKSLASH='\'
AMDEP_FALSE='#'
AMDEP_TRUE=''
AMTAR='${SHELL} /home/licj/software/netBSD/source/netBSD/usr/src/external/lgpl3/mpfr/dist/missing --run tar'
ANSI2KNR=''
AR='ar'
AS='as'
AUTOCONF='${SHELL} /home/licj/software/netBSD/source/netBSD/usr/src/external/lgpl3/mpfr/dist/missing --run autoconf'
AUTOHEADER='${SHELL} /home/licj/software/netBSD/source/netBSD/usr/src/external/lgpl3/mpfr/dist/missing --run autoheader'
AUTOMAKE='${SHELL} /home/licj/software/netBSD/source/netBSD/usr/src/external/lgpl3/mpfr/dist/missing --run automake-1.11'
AWK='/home/licj/software/netBSD/source/netBSD/usr/src/obj/tooldir.Linux-2.6.32-358.el6.x86_64-x86_64/bin/nbawk'
CC='cc'
CCDEPMODE='depmode=none'
CFLAGS='-O'
CPP='cc -E'
CPPFLAGS=' -I/home/licj/software/netBSD/source/netBSD/usr/src/obj/tooldir.Linux-2.6.32-358.el6.x86_64-x86_64/include'
CYGPATH_W='echo'
DEFS='-DHAVE_INTTYPES_H=1 -DHAVE_STDINT_H=1 -DTIME_WITH_SYS_TIME=1 -DHAVE_LOCALE_H=1 -DHAVE_WCHAR_H=1 -DHAVE_STDARG=1 -DHAVE_SYS_TIME_H=1 -DHAVE_ALLOCA_H=1 -DHAVE_STDINT_H=1 -DHAVE_VA_COPY=1 -DHAVE_SETLOCALE=1 -DHAVE_GETTIMEOFDAY=1 -DHAVE_LONG_LONG=1 -DHAVE_INTMAX_T=1 -DMPFR_HAVE_INTMAX_MAX=1 -DMPFR_HAVE_FESETROUND=1 -DHAVE_DENORMS=1 -DHAVE_ROUND=1 -DHAVE_TRUNC=1 -DHAVE_FLOOR=1 -DHAVE_CEIL=1 -DHAVE_NEARBYINT=1 -DHAVE_LDOUBLE_IEEE_EXT_LITTLE=1 -DLT_OBJDIR=\".libs/\" -DHAVE_ATTRIBUTE_MODE=1'
DEPDIR='.deps'
DLLTOOL='dlltool'
DSYMUTIL=''
DUMPBIN=''
ECHO_C=''
ECHO_N='-n'
ECHO_T=''
EGREP='/bin/grep -E'
EXEEXT=''
FGREP='/bin/grep -F'
GREP='/bin/grep'
INSTALL_DATA='${INSTALL} -m 644'
INSTALL_PROGRAM='${INSTALL}'
INSTALL_SCRIPT='${INSTALL}'
INSTALL_STRIP_PROGRAM='$(install_sh) -c -s'
LD='/usr/bin/ld -m elf_x86_64'
LDFLAGS=' -L/home/licj/software/netBSD/source/netBSD/usr/src/obj/tooldir.Linux-2.6.32-358.el6.x86_64-x86_64/lib'
LIBOBJS=''
LIBS='-lgmp '
LIBTOOL='$(SHELL) $(top_builddir)/libtool'
LIPO=''
LN_S='ln -s'
LTLIBOBJS=''
MAINT=''
MAINTAINER_MODE_FALSE='#'
MAINTAINER_MODE_TRUE=''
MAKEINFO='${SHELL} /home/licj/software/netBSD/source/netBSD/usr/src/external/lgpl3/mpfr/dist/missing --run makeinfo'
MKDIR_P='/home/licj/software/netBSD/source/netBSD/usr/src/obj/tooldir.Linux-2.6.32-358.el6.x86_64-x86_64/bin/arm--netbsdelf-install -d -p'
MPFR_LIBM='-lm'
NM='/usr/bin/nm -B'
NMEDIT=''
OBJDUMP='objdump'
OBJEXT='o'
OTOOL64=''
OTOOL=''
PACKAGE='mpfr'
PACKAGE_BUGREPORT=''
PACKAGE_NAME='MPFR'
PACKAGE_STRING='MPFR 3.0.1'
PACKAGE_TARNAME='mpfr'
PACKAGE_URL=''
PACKAGE_VERSION='3.0.1'
PATH_SEPARATOR=':'
RANLIB='ranlib'
SED='/bin/sed'
SET_MAKE='MAKE=/home/licj/software/netBSD/source/netBSD/usr/src/obj/tooldir.Linux-2.6.32-358.el6.x86_64-x86_64/bin/nbmake'
SHELL='/bin/sh'
STRIP='strip'
U=''
VERSION='3.0.1'
ac_ct_CC='cc'
ac_ct_DUMPBIN=''
am__EXEEXT_FALSE=''
am__EXEEXT_TRUE='#'
am__fastdepCC_FALSE=''
am__fastdepCC_TRUE='#'
am__include='#'
am__isrc=' -I$(srcdir)'
am__leading_dot='.'
am__quote=''
am__tar='${AMTAR} chof - "$$tardir"'
am__untar='${AMTAR} xf -'
bindir='${exec_prefix}/bin'
build='x86_64-unknown-linux-gnu'
build_alias=''
build_cpu='x86_64'
build_os='linux-gnu'
build_vendor='unknown'
datadir='${datarootdir}'
datarootdir='${prefix}/share'
docdir='${datarootdir}/doc/${PACKAGE_TARNAME}'
dvidir='${docdir}'
exec_prefix='${prefix}'
host='x86_64-unknown-linux-gnu'
host_alias=''
host_cpu='x86_64'
host_os='linux-gnu'
host_vendor='unknown'
htmldir='${docdir}'
includedir='${prefix}/include'
infodir='${datarootdir}/info'
install_sh='${SHELL} /home/licj/software/netBSD/source/netBSD/usr/src/external/lgpl3/mpfr/dist/install-sh'
libdir='${exec_prefix}/lib'
libexecdir='${exec_prefix}/libexec'
localedir='${datarootdir}/locale'
localstatedir='${prefix}/var'
lt_ECHO='echo'
mandir='${datarootdir}/man'
mkdir_p='/home/licj/software/netBSD/source/netBSD/usr/src/obj/tooldir.Linux-2.6.32-358.el6.x86_64-x86_64/bin/arm--netbsdelf-install -d -p'
oldincludedir='/usr/include'
pdfdir='${docdir}'
prefix='/home/licj/software/netBSD/source/netBSD/usr/src/obj/tooldir.Linux-2.6.32-358.el6.x86_64-x86_64'
program_transform_name='s,x,x,'
psdir='${docdir}'
sbindir='${exec_prefix}/sbin'
sharedstatedir='${prefix}/com'
sysconfdir='${prefix}/etc'
target_alias=''

## ----------- ##
## confdefs.h. ##
## ----------- ##

/* confdefs.h */
#define HAVE_INTTYPES_H 1
#define HAVE_STDINT_H 1
#define TIME_WITH_SYS_TIME 1
#define HAVE_LOCALE_H 1
#define HAVE_WCHAR_H 1
#define HAVE_STDARG 1
#define HAVE_SYS_TIME_H 1
#define HAVE_ALLOCA_H 1
#define HAVE_STDINT_H 1
#define HAVE_VA_COPY 1
#define HAVE_SETLOCALE 1
#define HAVE_GETTIMEOFDAY 1
#define HAVE_LONG_LONG 1
#define HAVE_INTMAX_T 1
#define MPFR_HAVE_INTMAX_MAX 1
#define MPFR_HAVE_FESETROUND 1
#define HAVE_DENORMS 1
#define HAVE_ROUND 1
#define HAVE_TRUNC 1
#define HAVE_FLOOR 1
#define HAVE_CEIL 1
#define HAVE_NEARBYINT 1
#define HAVE_LDOUBLE_IEEE_EXT_LITTLE 1
#define LT_OBJDIR ".libs/"
#define HAVE_ATTRIBUTE_MODE 1

configure: exit 0
