This file contains any messages produced by compilers while
running configure, to aid debugging if configure makes a mistake.

It was created by file configure 5.11, which was
generated by GNU Autoconf 2.68.  Invocation command line was

  $ /home/licj/software/netBSD/source/netBSD/usr/src/tools/file/../../external/bsd/file/dist/configure --program-prefix=nb --disable-shared --disable-warnings --prefix=/home/licj/software/netBSD/source/netBSD/usr/src/obj/tooldir.Linux-2.6.32-358.el6.x86_64-x86_64

## --------- ##
## Platform. ##
## --------- ##

hostname = out.lrserver
uname -m = x86_64
uname -r = 2.6.32-358.el6.x86_64
uname -s = Linux
uname -v = #1 SMP Fri Feb 22 00:31:26 UTC 2013

/usr/bin/uname -p = unknown
/bin/uname -X     = unknown

/bin/arch              = x86_64
/usr/bin/arch -k       = unknown
/usr/convex/getsysinfo = unknown
/usr/bin/hostinfo      = unknown
/bin/machine           = unknown
/usr/bin/oslevel       = unknown
/bin/universe          = unknown

PATH: /home/licj/software/netBSD/source/netBSD/usr/src/obj/tooldir.Linux-2.6.32-358.el6.x86_64-x86_64/bin
PATH: /usr/lib64/qt-3.3/bin
PATH: /usr/local/bin
PATH: /bin
PATH: /usr/bin
PATH: /usr/local/sbin
PATH: /usr/sbin
PATH: /sbin
PATH: /home/licj/bin
PATH: /home/licj/prj/go/bin


## ----------- ##
## Core tests. ##
## ----------- ##

configure:2697: checking for a BSD-compatible install
configure:2765: result: /home/licj/software/netBSD/source/netBSD/usr/src/obj/tooldir.Linux-2.6.32-358.el6.x86_64-x86_64/bin/arm--netbsdelf-install -c  -r
configure:2776: checking whether build environment is sane
configure:2826: result: yes
configure:2967: checking for a thread-safe mkdir -p
configure:3006: result: /home/licj/software/netBSD/source/netBSD/usr/src/obj/tooldir.Linux-2.6.32-358.el6.x86_64-x86_64/bin/arm--netbsdelf-install -d -p
configure:3019: checking for gawk
configure:3046: result: /home/licj/software/netBSD/source/netBSD/usr/src/obj/tooldir.Linux-2.6.32-358.el6.x86_64-x86_64/bin/nbawk
configure:3057: checking whether /home/licj/software/netBSD/source/netBSD/usr/src/obj/tooldir.Linux-2.6.32-358.el6.x86_64-x86_64/bin/nbmake sets $(MAKE)
configure:3083: result: no
configure:3160: checking whether to enable maintainer-specific portions of Makefiles
configure:3169: result: no
configure:3199: checking for builtin ELF support
configure:3216: result: yes
configure:3225: checking for ELF core file support
configure:3242: result: yes
configure:3251: checking for file formats in man section 5
configure:3267: result: no
configure:3278: checking build system type
configure:3292: result: x86_64-unknown-linux-gnu
configure:3312: checking host system type
configure:3325: result: x86_64-unknown-linux-gnu
configure:3388: checking for style of include used by /home/licj/software/netBSD/source/netBSD/usr/src/obj/tooldir.Linux-2.6.32-358.el6.x86_64-x86_64/bin/nbmake
configure:3416: result: none
configure:3486: checking for gcc
configure:3513: result: cc
configure:3742: checking for C compiler version
configure:3751: cc --version >&5
cc (GCC) 4.4.7 20120313 (Red Hat 4.4.7-11)
Copyright (C) 2010 Free Software Foundation, Inc.
This is free software; see the source for copying conditions.  There is NO
warranty; not even for MERCHANTABILITY or FITNESS FOR A PARTICULAR PURPOSE.

configure:3762: $? = 0
configure:3751: cc -v >&5
Using built-in specs.
Target: x86_64-redhat-linux
Configured with: ../configure --prefix=/usr --mandir=/usr/share/man --infodir=/usr/share/info --with-bugurl=http://bugzilla.redhat.com/bugzilla --enable-bootstrap --enable-shared --enable-threads=posix --enable-checking=release --with-system-zlib --enable-__cxa_atexit --disable-libunwind-exceptions --enable-gnu-unique-object --enable-languages=c,c++,objc,obj-c++,java,fortran,ada --enable-java-awt=gtk --disable-dssi --with-java-home=/usr/lib/jvm/java-1.5.0-gcj-1.5.0.0/jre --enable-libgcj-multifile --enable-java-maintainer-mode --with-ecj-jar=/usr/share/java/eclipse-ecj.jar --disable-libjava-multilib --with-ppl --with-cloog --with-tune=generic --with-arch_32=i686 --build=x86_64-redhat-linux
Thread model: posix
gcc version 4.4.7 20120313 (Red Hat 4.4.7-11) (GCC) 
configure:3762: $? = 0
configure:3751: cc -V >&5
cc: '-V' option must have argument
configure:3762: $? = 1
configure:3751: cc -qversion >&5
cc: unrecognized option '-qversion'
cc: no input files
configure:3762: $? = 1
configure:3784: checking for C compiler default output file name
configure:3806: cc -O   conftest.c  >&5
configure:3810: $? = 0
configure:3847: result: a.out
configure:3863: checking whether the C compiler works
configure:3872: ./a.out
configure:3876: $? = 0
configure:3891: result: yes
configure:3898: checking whether we are cross compiling
configure:3900: result: no
configure:3903: checking for suffix of executables
configure:3910: cc -o conftest -O   conftest.c  >&5
configure:3914: $? = 0
configure:3936: result: 
configure:3942: checking for suffix of object files
configure:3964: cc -c -O  conftest.c >&5
configure:3968: $? = 0
configure:3989: result: o
configure:3993: checking whether we are using the GNU C compiler
configure:4012: cc -c -O  conftest.c >&5
configure:4012: $? = 0
configure:4021: result: yes
configure:4030: checking whether cc accepts -g
configure:4050: cc -c -g  conftest.c >&5
configure:4050: $? = 0
configure:4091: result: yes
configure:4108: checking for cc option to accept ISO C89
configure:4172: cc  -c -O  conftest.c >&5
configure:4172: $? = 0
configure:4185: result: none needed
configure:4207: checking dependency style of cc
configure:4317: result: none
configure:4338: checking how to run the C preprocessor
configure:4369: cc -E  conftest.c
configure:4369: $? = 0
configure:4383: cc -E  conftest.c
conftest.c:13:28: error: ac_nonexistent.h: No such file or directory
configure:4383: $? = 1
configure: failed program was:
| /* confdefs.h */
| #define PACKAGE_NAME "file"
| #define PACKAGE_TARNAME "file"
| #define PACKAGE_VERSION "5.11"
| #define PACKAGE_STRING "file 5.11"
| #define PACKAGE_BUGREPORT "christos@astron.com"
| #define PACKAGE_URL ""
| #define PACKAGE "file"
| #define VERSION "5.11"
| #define BUILTIN_ELF 1
| #define ELFCORE 1
| /* end confdefs.h.  */
| #include <ac_nonexistent.h>
configure:4408: result: cc -E
configure:4428: cc -E  conftest.c
configure:4428: $? = 0
configure:4442: cc -E  conftest.c
conftest.c:13:28: error: ac_nonexistent.h: No such file or directory
configure:4442: $? = 1
configure: failed program was:
| /* confdefs.h */
| #define PACKAGE_NAME "file"
| #define PACKAGE_TARNAME "file"
| #define PACKAGE_VERSION "5.11"
| #define PACKAGE_STRING "file 5.11"
| #define PACKAGE_BUGREPORT "christos@astron.com"
| #define PACKAGE_URL ""
| #define PACKAGE "file"
| #define VERSION "5.11"
| #define BUILTIN_ELF 1
| #define ELFCORE 1
| /* end confdefs.h.  */
| #include <ac_nonexistent.h>
configure:4471: checking for grep that handles long lines and -e
configure:4529: result: /bin/grep
configure:4534: checking for egrep
configure:4596: result: /bin/grep -E
configure:4601: checking for ANSI C header files
configure:4621: cc -c -O  conftest.c >&5
configure:4621: $? = 0
configure:4694: cc -o conftest -O   conftest.c  >&5
configure:4694: $? = 0
configure:4694: ./conftest
configure:4694: $? = 0
configure:4705: result: yes
configure:4718: checking for sys/types.h
configure:4718: cc -c -O  conftest.c >&5
configure:4718: $? = 0
configure:4718: result: yes
configure:4718: checking for sys/stat.h
configure:4718: cc -c -O  conftest.c >&5
configure:4718: $? = 0
configure:4718: result: yes
configure:4718: checking for stdlib.h
configure:4718: cc -c -O  conftest.c >&5
configure:4718: $? = 0
configure:4718: result: yes
configure:4718: checking for string.h
configure:4718: cc -c -O  conftest.c >&5
configure:4718: $? = 0
configure:4718: result: yes
configure:4718: checking for memory.h
configure:4718: cc -c -O  conftest.c >&5
configure:4718: $? = 0
configure:4718: result: yes
configure:4718: checking for strings.h
configure:4718: cc -c -O  conftest.c >&5
configure:4718: $? = 0
configure:4718: result: yes
configure:4718: checking for inttypes.h
configure:4718: cc -c -O  conftest.c >&5
configure:4718: $? = 0
configure:4718: result: yes
configure:4718: checking for stdint.h
configure:4718: cc -c -O  conftest.c >&5
configure:4718: $? = 0
configure:4718: result: yes
configure:4718: checking for unistd.h
configure:4718: cc -c -O  conftest.c >&5
configure:4718: $? = 0
configure:4718: result: yes
configure:4732: checking minix/config.h usability
configure:4732: cc -c -O  conftest.c >&5
conftest.c:56:26: error: minix/config.h: No such file or directory
configure:4732: $? = 1
configure: failed program was:
| /* confdefs.h */
| #define PACKAGE_NAME "file"
| #define PACKAGE_TARNAME "file"
| #define PACKAGE_VERSION "5.11"
| #define PACKAGE_STRING "file 5.11"
| #define PACKAGE_BUGREPORT "christos@astron.com"
| #define PACKAGE_URL ""
| #define PACKAGE "file"
| #define VERSION "5.11"
| #define BUILTIN_ELF 1
| #define ELFCORE 1
| #define STDC_HEADERS 1
| #define HAVE_SYS_TYPES_H 1
| #define HAVE_SYS_STAT_H 1
| #define HAVE_STDLIB_H 1
| #define HAVE_STRING_H 1
| #define HAVE_MEMORY_H 1
| #define HAVE_STRINGS_H 1
| #define HAVE_INTTYPES_H 1
| #define HAVE_STDINT_H 1
| #define HAVE_UNISTD_H 1
| /* end confdefs.h.  */
| #include <stdio.h>
| #ifdef HAVE_SYS_TYPES_H
| # include <sys/types.h>
| #endif
| #ifdef HAVE_SYS_STAT_H
| # include <sys/stat.h>
| #endif
| #ifdef STDC_HEADERS
| # include <stdlib.h>
| # include <stddef.h>
| #else
| # ifdef HAVE_STDLIB_H
| #  include <stdlib.h>
| # endif
| #endif
| #ifdef HAVE_STRING_H
| # if !defined STDC_HEADERS && defined HAVE_MEMORY_H
| #  include <memory.h>
| # endif
| # include <string.h>
| #endif
| #ifdef HAVE_STRINGS_H
| # include <strings.h>
| #endif
| #ifdef HAVE_INTTYPES_H
| # include <inttypes.h>
| #endif
| #ifdef HAVE_STDINT_H
| # include <stdint.h>
| #endif
| #ifdef HAVE_UNISTD_H
| # include <unistd.h>
| #endif
| #include <minix/config.h>
configure:4732: result: no
configure:4732: checking minix/config.h presence
configure:4732: cc -E  conftest.c
conftest.c:23:26: error: minix/config.h: No such file or directory
configure:4732: $? = 1
configure: failed program was:
| /* confdefs.h */
| #define PACKAGE_NAME "file"
| #define PACKAGE_TARNAME "file"
| #define PACKAGE_VERSION "5.11"
| #define PACKAGE_STRING "file 5.11"
| #define PACKAGE_BUGREPORT "christos@astron.com"
| #define PACKAGE_URL ""
| #define PACKAGE "file"
| #define VERSION "5.11"
| #define BUILTIN_ELF 1
| #define ELFCORE 1
| #define STDC_HEADERS 1
| #define HAVE_SYS_TYPES_H 1
| #define HAVE_SYS_STAT_H 1
| #define HAVE_STDLIB_H 1
| #define HAVE_STRING_H 1
| #define HAVE_MEMORY_H 1
| #define HAVE_STRINGS_H 1
| #define HAVE_INTTYPES_H 1
| #define HAVE_STDINT_H 1
| #define HAVE_UNISTD_H 1
| /* end confdefs.h.  */
| #include <minix/config.h>
configure:4732: result: no
configure:4732: checking for minix/config.h
configure:4732: result: no
configure:4753: checking whether it is safe to define __EXTENSIONS__
configure:4771: cc -c -O  conftest.c >&5
configure:4771: $? = 0
configure:4778: result: yes
configure:4842: checking for gcc
configure:4869: result: cc
configure:5098: checking for C compiler version
configure:5107: cc --version >&5
cc (GCC) 4.4.7 20120313 (Red Hat 4.4.7-11)
Copyright (C) 2010 Free Software Foundation, Inc.
This is free software; see the source for copying conditions.  There is NO
warranty; not even for MERCHANTABILITY or FITNESS FOR A PARTICULAR PURPOSE.

configure:5118: $? = 0
configure:5107: cc -v >&5
Using built-in specs.
Target: x86_64-redhat-linux
Configured with: ../configure --prefix=/usr --mandir=/usr/share/man --infodir=/usr/share/info --with-bugurl=http://bugzilla.redhat.com/bugzilla --enable-bootstrap --enable-shared --enable-threads=posix --enable-checking=release --with-system-zlib --enable-__cxa_atexit --disable-libunwind-exceptions --enable-gnu-unique-object --enable-languages=c,c++,objc,obj-c++,java,fortran,ada --enable-java-awt=gtk --disable-dssi --with-java-home=/usr/lib/jvm/java-1.5.0-gcj-1.5.0.0/jre --enable-libgcj-multifile --enable-java-maintainer-mode --with-ecj-jar=/usr/share/java/eclipse-ecj.jar --disable-libjava-multilib --with-ppl --with-cloog --with-tune=generic --with-arch_32=i686 --build=x86_64-redhat-linux
Thread model: posix
gcc version 4.4.7 20120313 (Red Hat 4.4.7-11) (GCC) 
configure:5118: $? = 0
configure:5107: cc -V >&5
cc: '-V' option must have argument
configure:5118: $? = 1
configure:5107: cc -qversion >&5
cc: unrecognized option '-qversion'
cc: no input files
configure:5118: $? = 1
configure:5122: checking whether we are using the GNU C compiler
configure:5150: result: yes
configure:5159: checking whether cc accepts -g
configure:5220: result: yes
configure:5237: checking for cc option to accept ISO C89
configure:5314: result: none needed
configure:5336: checking dependency style of cc
configure:5446: result: none
configure:5465: checking whether cc understands -c and -o together
configure:5493: cc -c conftest.c -o conftest2.o >&5
configure:5497: $? = 0
configure:5503: cc -c conftest.c -o conftest2.o >&5
configure:5507: $? = 0
configure:5562: result: yes
configure:5588: checking whether ln -s works
configure:5592: result: yes
configure:5624: checking for a sed that does not truncate output
configure:5688: result: /bin/sed
configure:5706: checking for fgrep
configure:5768: result: /bin/grep -F
configure:5803: checking for ld used by cc
configure:5870: result: /usr/bin/ld
configure:5877: checking if the linker (/usr/bin/ld) is GNU ld
configure:5892: result: yes
configure:5904: checking for BSD- or MS-compatible name lister (nm)
configure:5953: result: /usr/bin/nm -B
configure:6071: checking the name lister (/usr/bin/nm -B) interface
configure:6078: cc -c -O  conftest.c >&5
configure:6081: /usr/bin/nm -B "conftest.o"
configure:6084: output
0000000000000000 B some_variable
configure:6091: result: BSD nm
configure:6095: checking the maximum length of command line arguments
configure:6215: result: 1966080
configure:6232: checking whether the shell understands some XSI constructs
configure:6242: result: yes
configure:6246: checking whether the shell understands "+="
configure:6252: result: yes
configure:6287: checking for /usr/bin/ld option to reload object files
configure:6294: result: -r
configure:6363: checking for objdump
configure:6379: found /usr/bin/objdump
configure:6390: result: objdump
configure:6422: checking how to recognize dependent libraries
configure:6618: result: pass_all
configure:6678: checking for ar
configure:6705: result: ar
configure:6783: checking for strip
configure:6799: found /usr/bin/strip
configure:6810: result: strip
configure:6882: checking for ranlib
configure:6909: result: ranlib
configure:6999: checking command to parse /usr/bin/nm -B output from cc object
configure:7117: cc -c -O  conftest.c >&5
configure:7120: $? = 0
configure:7124: /usr/bin/nm -B conftest.o \| sed -n -e 's/^.*[	 ]\([ABCDGIRSTW][ABCDGIRSTW]*\)[	 ][	 ]*\([_A-Za-z][_A-Za-z0-9]*\)$/\1 \2 \2/p' \> conftest.nm
configure:7127: $? = 0
configure:7181: cc -o conftest -O   conftest.c conftstm.o >&5
configure:7184: $? = 0
configure:7222: result: ok
configure:7317: cc -c -O  conftest.c >&5
configure:7320: $? = 0
configure:8027: checking for dlfcn.h
configure:8027: cc -c -O  conftest.c >&5
configure:8027: $? = 0
configure:8027: result: yes
configure:8211: checking for objdir
configure:8226: result: .libs
configure:8522: checking if cc supports -fno-rtti -fno-exceptions
configure:8540: cc -c -O  -fno-rtti -fno-exceptions conftest.c >&5
cc1: warning: command line option "-fno-rtti" is valid for C++/ObjC++ but not for C
configure:8544: $? = 0
configure:8557: result: no
configure:8577: checking for cc option to produce PIC
configure:8849: result: -fPIC -DPIC
configure:8861: checking if cc PIC flag -fPIC -DPIC works
configure:8879: cc -c -O  -fPIC -DPIC -DPIC conftest.c >&5
configure:8883: $? = 0
configure:8896: result: yes
configure:8920: checking if cc static flag -static works
configure:8948: result: no
configure:8963: checking if cc supports -c -o file.o
configure:8984: cc -c -O  -o out/conftest2.o conftest.c >&5
configure:8988: $? = 0
configure:9010: result: yes
configure:9018: checking if cc supports -c -o file.o
configure:9065: result: yes
configure:9098: checking whether the cc linker (/usr/bin/ld -m elf_x86_64) supports shared libraries
configure:10084: result: yes
configure:10323: checking dynamic linker characteristics
configure:10756: cc -o conftest -O   -Wl,-rpath -Wl,/foo conftest.c  >&5
configure:10756: $? = 0
configure:10974: result: GNU/Linux ld.so
configure:11076: checking how to hardcode library paths into programs
configure:11101: result: immediate
configure:11621: checking whether stripping libraries is possible
configure:11626: result: yes
configure:11661: checking if libtool supports shared libraries
configure:11663: result: yes
configure:11666: checking whether to build shared libraries
configure:11687: result: no
configure:11690: checking whether to build static libraries
configure:11694: result: yes
configure:11730: checking for ANSI C header files
configure:11834: result: yes
configure:11842: checking whether sys/types.h defines makedev
configure:11858: cc -o conftest -O   conftest.c  >&5
configure:11858: $? = 0
configure:11867: result: yes
configure:11892: checking for sys/wait.h that is POSIX.1 compatible
configure:11918: cc -c -O  conftest.c >&5
configure:11918: $? = 0
configure:11925: result: yes
configure:11936: checking for stdint.h
configure:11936: result: yes
configure:11936: checking fcntl.h usability
configure:11936: cc -c -O  conftest.c >&5
configure:11936: $? = 0
configure:11936: result: yes
configure:11936: checking fcntl.h presence
configure:11936: cc -E  conftest.c
configure:11936: $? = 0
configure:11936: result: yes
configure:11936: checking for fcntl.h
configure:11936: result: yes
configure:11936: checking locale.h usability
configure:11936: cc -c -O  conftest.c >&5
configure:11936: $? = 0
configure:11936: result: yes
configure:11936: checking locale.h presence
configure:11936: cc -E  conftest.c
configure:11936: $? = 0
configure:11936: result: yes
configure:11936: checking for locale.h
configure:11936: result: yes
configure:11936: checking for stdint.h
configure:11936: result: yes
configure:11936: checking for inttypes.h
configure:11936: result: yes
configure:11936: checking for unistd.h
configure:11936: result: yes
configure:11950: checking utime.h usability
configure:11950: cc -c -O  conftest.c >&5
configure:11950: $? = 0
configure:11950: result: yes
configure:11950: checking utime.h presence
configure:11950: cc -E  conftest.c
configure:11950: $? = 0
configure:11950: result: yes
configure:11950: checking for utime.h
configure:11950: result: yes
configure:11950: checking wchar.h usability
configure:11950: cc -c -O  conftest.c >&5
configure:11950: $? = 0
configure:11950: result: yes
configure:11950: checking wchar.h presence
configure:11950: cc -E  conftest.c
configure:11950: $? = 0
configure:11950: result: yes
configure:11950: checking for wchar.h
configure:11950: result: yes
configure:11950: checking wctype.h usability
configure:11950: cc -c -O  conftest.c >&5
configure:11950: $? = 0
configure:11950: result: yes
configure:11950: checking wctype.h presence
configure:11950: cc -E  conftest.c
configure:11950: $? = 0
configure:11950: result: yes
configure:11950: checking for wctype.h
configure:11950: result: yes
configure:11950: checking limits.h usability
configure:11950: cc -c -O  conftest.c >&5
configure:11950: $? = 0
configure:11950: result: yes
configure:11950: checking limits.h presence
configure:11950: cc -E  conftest.c
configure:11950: $? = 0
configure:11950: result: yes
configure:11950: checking for limits.h
configure:11950: result: yes
configure:11964: checking getopt.h usability
configure:11964: cc -c -O  conftest.c >&5
configure:11964: $? = 0
configure:11964: result: yes
configure:11964: checking getopt.h presence
configure:11964: cc -E  conftest.c
configure:11964: $? = 0
configure:11964: result: yes
configure:11964: checking for getopt.h
configure:11964: result: yes
configure:11964: checking err.h usability
configure:11964: cc -c -O  conftest.c >&5
configure:11964: $? = 0
configure:11964: result: yes
configure:11964: checking err.h presence
configure:11964: cc -E  conftest.c
configure:11964: $? = 0
configure:11964: result: yes
configure:11964: checking for err.h
configure:11964: result: yes
configure:11978: checking sys/mman.h usability
configure:11978: cc -c -O  conftest.c >&5
configure:11978: $? = 0
configure:11978: result: yes
configure:11978: checking sys/mman.h presence
configure:11978: cc -E  conftest.c
configure:11978: $? = 0
configure:11978: result: yes
configure:11978: checking for sys/mman.h
configure:11978: result: yes
configure:11978: checking for sys/stat.h
configure:11978: result: yes
configure:11978: checking for sys/types.h
configure:11978: result: yes
configure:11978: checking sys/utime.h usability
configure:11978: cc -c -O  conftest.c >&5
conftest.c:80:23: error: sys/utime.h: No such file or directory
configure:11978: $? = 1
configure: failed program was:
| /* confdefs.h */
| #define PACKAGE_NAME "file"
| #define PACKAGE_TARNAME "file"
| #define PACKAGE_VERSION "5.11"
| #define PACKAGE_STRING "file 5.11"
| #define PACKAGE_BUGREPORT "christos@astron.com"
| #define PACKAGE_URL ""
| #define PACKAGE "file"
| #define VERSION "5.11"
| #define BUILTIN_ELF 1
| #define ELFCORE 1
| #define STDC_HEADERS 1
| #define HAVE_SYS_TYPES_H 1
| #define HAVE_SYS_STAT_H 1
| #define HAVE_STDLIB_H 1
| #define HAVE_STRING_H 1
| #define HAVE_MEMORY_H 1
| #define HAVE_STRINGS_H 1
| #define HAVE_INTTYPES_H 1
| #define HAVE_STDINT_H 1
| #define HAVE_UNISTD_H 1
| #define __EXTENSIONS__ 1
| #define _ALL_SOURCE 1
| #define _GNU_SOURCE 1
| #define _POSIX_PTHREAD_SEMANTICS 1
| #define _TANDEM_SOURCE 1
| #define HAVE_DLFCN_H 1
| #define LT_OBJDIR ".libs/"
| #define STDC_HEADERS 1
| #define HAVE_SYS_WAIT_H 1
| #define HAVE_STDINT_H 1
| #define HAVE_FCNTL_H 1
| #define HAVE_LOCALE_H 1
| #define HAVE_STDINT_H 1
| #define HAVE_INTTYPES_H 1
| #define HAVE_UNISTD_H 1
| #define HAVE_UTIME_H 1
| #define HAVE_WCHAR_H 1
| #define HAVE_WCTYPE_H 1
| #define HAVE_LIMITS_H 1
| #define HAVE_GETOPT_H 1
| #define HAVE_ERR_H 1
| #define HAVE_SYS_MMAN_H 1
| #define HAVE_SYS_STAT_H 1
| #define HAVE_SYS_TYPES_H 1
| /* end confdefs.h.  */
| #include <stdio.h>
| #ifdef HAVE_SYS_TYPES_H
| # include <sys/types.h>
| #endif
| #ifdef HAVE_SYS_STAT_H
| # include <sys/stat.h>
| #endif
| #ifdef STDC_HEADERS
| # include <stdlib.h>
| # include <stddef.h>
| #else
| # ifdef HAVE_STDLIB_H
| #  include <stdlib.h>
| # endif
| #endif
| #ifdef HAVE_STRING_H
| # if !defined STDC_HEADERS && defined HAVE_MEMORY_H
| #  include <memory.h>
| # endif
| # include <string.h>
| #endif
| #ifdef HAVE_STRINGS_H
| # include <strings.h>
| #endif
| #ifdef HAVE_INTTYPES_H
| # include <inttypes.h>
| #endif
| #ifdef HAVE_STDINT_H
| # include <stdint.h>
| #endif
| #ifdef HAVE_UNISTD_H
| # include <unistd.h>
| #endif
| #include <sys/utime.h>
configure:11978: result: no
configure:11978: checking sys/utime.h presence
configure:11978: cc -E  conftest.c
conftest.c:47:23: error: sys/utime.h: No such file or directory
configure:11978: $? = 1
configure: failed program was:
| /* confdefs.h */
| #define PACKAGE_NAME "file"
| #define PACKAGE_TARNAME "file"
| #define PACKAGE_VERSION "5.11"
| #define PACKAGE_STRING "file 5.11"
| #define PACKAGE_BUGREPORT "christos@astron.com"
| #define PACKAGE_URL ""
| #define PACKAGE "file"
| #define VERSION "5.11"
| #define BUILTIN_ELF 1
| #define ELFCORE 1
| #define STDC_HEADERS 1
| #define HAVE_SYS_TYPES_H 1
| #define HAVE_SYS_STAT_H 1
| #define HAVE_STDLIB_H 1
| #define HAVE_STRING_H 1
| #define HAVE_MEMORY_H 1
| #define HAVE_STRINGS_H 1
| #define HAVE_INTTYPES_H 1
| #define HAVE_STDINT_H 1
| #define HAVE_UNISTD_H 1
| #define __EXTENSIONS__ 1
| #define _ALL_SOURCE 1
| #define _GNU_SOURCE 1
| #define _POSIX_PTHREAD_SEMANTICS 1
| #define _TANDEM_SOURCE 1
| #define HAVE_DLFCN_H 1
| #define LT_OBJDIR ".libs/"
| #define STDC_HEADERS 1
| #define HAVE_SYS_WAIT_H 1
| #define HAVE_STDINT_H 1
| #define HAVE_FCNTL_H 1
| #define HAVE_LOCALE_H 1
| #define HAVE_STDINT_H 1
| #define HAVE_INTTYPES_H 1
| #define HAVE_UNISTD_H 1
| #define HAVE_UTIME_H 1
| #define HAVE_WCHAR_H 1
| #define HAVE_WCTYPE_H 1
| #define HAVE_LIMITS_H 1
| #define HAVE_GETOPT_H 1
| #define HAVE_ERR_H 1
| #define HAVE_SYS_MMAN_H 1
| #define HAVE_SYS_STAT_H 1
| #define HAVE_SYS_TYPES_H 1
| /* end confdefs.h.  */
| #include <sys/utime.h>
configure:11978: result: no
configure:11978: checking for sys/utime.h
configure:11978: result: no
configure:11978: checking sys/time.h usability
configure:11978: cc -c -O  conftest.c >&5
configure:11978: $? = 0
configure:11978: result: yes
configure:11978: checking sys/time.h presence
configure:11978: cc -E  conftest.c
configure:11978: $? = 0
configure:11978: result: yes
configure:11978: checking for sys/time.h
configure:11978: result: yes
configure:11991: checking zlib.h usability
configure:11991: cc -c -O  conftest.c >&5
configure:11991: $? = 0
configure:11991: result: yes
configure:11991: checking zlib.h presence
configure:11991: cc -E  conftest.c
configure:11991: $? = 0
configure:11991: result: yes
configure:11991: checking for zlib.h
configure:11991: result: yes
configure:12002: checking for an ANSI C-conforming const
configure:12067: cc -c -O  conftest.c >&5
configure:12067: $? = 0
configure:12074: result: yes
configure:12082: checking for off_t
configure:12082: cc -c -O  conftest.c >&5
configure:12082: $? = 0
configure:12082: cc -c -O  conftest.c >&5
conftest.c: In function 'main':
conftest.c:85: error: expected expression before ')' token
configure:12082: $? = 1
configure: failed program was:
| /* confdefs.h */
| #define PACKAGE_NAME "file"
| #define PACKAGE_TARNAME "file"
| #define PACKAGE_VERSION "5.11"
| #define PACKAGE_STRING "file 5.11"
| #define PACKAGE_BUGREPORT "christos@astron.com"
| #define PACKAGE_URL ""
| #define PACKAGE "file"
| #define VERSION "5.11"
| #define BUILTIN_ELF 1
| #define ELFCORE 1
| #define STDC_HEADERS 1
| #define HAVE_SYS_TYPES_H 1
| #define HAVE_SYS_STAT_H 1
| #define HAVE_STDLIB_H 1
| #define HAVE_STRING_H 1
| #define HAVE_MEMORY_H 1
| #define HAVE_STRINGS_H 1
| #define HAVE_INTTYPES_H 1
| #define HAVE_STDINT_H 1
| #define HAVE_UNISTD_H 1
| #define __EXTENSIONS__ 1
| #define _ALL_SOURCE 1
| #define _GNU_SOURCE 1
| #define _POSIX_PTHREAD_SEMANTICS 1
| #define _TANDEM_SOURCE 1
| #define HAVE_DLFCN_H 1
| #define LT_OBJDIR ".libs/"
| #define STDC_HEADERS 1
| #define HAVE_SYS_WAIT_H 1
| #define HAVE_STDINT_H 1
| #define HAVE_FCNTL_H 1
| #define HAVE_LOCALE_H 1
| #define HAVE_STDINT_H 1
| #define HAVE_INTTYPES_H 1
| #define HAVE_UNISTD_H 1
| #define HAVE_UTIME_H 1
| #define HAVE_WCHAR_H 1
| #define HAVE_WCTYPE_H 1
| #define HAVE_LIMITS_H 1
| #define HAVE_GETOPT_H 1
| #define HAVE_ERR_H 1
| #define HAVE_SYS_MMAN_H 1
| #define HAVE_SYS_STAT_H 1
| #define HAVE_SYS_TYPES_H 1
| #define HAVE_SYS_TIME_H 1
| #define HAVE_ZLIB_H 1
| /* end confdefs.h.  */
| #include <stdio.h>
| #ifdef HAVE_SYS_TYPES_H
| # include <sys/types.h>
| #endif
| #ifdef HAVE_SYS_STAT_H
| # include <sys/stat.h>
| #endif
| #ifdef STDC_HEADERS
| # include <stdlib.h>
| # include <stddef.h>
| #else
| # ifdef HAVE_STDLIB_H
| #  include <stdlib.h>
| # endif
| #endif
| #ifdef HAVE_STRING_H
| # if !defined STDC_HEADERS && defined HAVE_MEMORY_H
| #  include <memory.h>
| # endif
| # include <string.h>
| #endif
| #ifdef HAVE_STRINGS_H
| # include <strings.h>
| #endif
| #ifdef HAVE_INTTYPES_H
| # include <inttypes.h>
| #endif
| #ifdef HAVE_STDINT_H
| # include <stdint.h>
| #endif
| #ifdef HAVE_UNISTD_H
| # include <unistd.h>
| #endif
| int
| main ()
| {
| if (sizeof ((off_t)))
| 	    return 0;
|   ;
|   return 0;
| }
configure:12082: result: yes
configure:12093: checking for size_t
configure:12093: cc -c -O  conftest.c >&5
configure:12093: $? = 0
configure:12093: cc -c -O  conftest.c >&5
conftest.c: In function 'main':
conftest.c:85: error: expected expression before ')' token
configure:12093: $? = 1
configure: failed program was:
| /* confdefs.h */
| #define PACKAGE_NAME "file"
| #define PACKAGE_TARNAME "file"
| #define PACKAGE_VERSION "5.11"
| #define PACKAGE_STRING "file 5.11"
| #define PACKAGE_BUGREPORT "christos@astron.com"
| #define PACKAGE_URL ""
| #define PACKAGE "file"
| #define VERSION "5.11"
| #define BUILTIN_ELF 1
| #define ELFCORE 1
| #define STDC_HEADERS 1
| #define HAVE_SYS_TYPES_H 1
| #define HAVE_SYS_STAT_H 1
| #define HAVE_STDLIB_H 1
| #define HAVE_STRING_H 1
| #define HAVE_MEMORY_H 1
| #define HAVE_STRINGS_H 1
| #define HAVE_INTTYPES_H 1
| #define HAVE_STDINT_H 1
| #define HAVE_UNISTD_H 1
| #define __EXTENSIONS__ 1
| #define _ALL_SOURCE 1
| #define _GNU_SOURCE 1
| #define _POSIX_PTHREAD_SEMANTICS 1
| #define _TANDEM_SOURCE 1
| #define HAVE_DLFCN_H 1
| #define LT_OBJDIR ".libs/"
| #define STDC_HEADERS 1
| #define HAVE_SYS_WAIT_H 1
| #define HAVE_STDINT_H 1
| #define HAVE_FCNTL_H 1
| #define HAVE_LOCALE_H 1
| #define HAVE_STDINT_H 1
| #define HAVE_INTTYPES_H 1
| #define HAVE_UNISTD_H 1
| #define HAVE_UTIME_H 1
| #define HAVE_WCHAR_H 1
| #define HAVE_WCTYPE_H 1
| #define HAVE_LIMITS_H 1
| #define HAVE_GETOPT_H 1
| #define HAVE_ERR_H 1
| #define HAVE_SYS_MMAN_H 1
| #define HAVE_SYS_STAT_H 1
| #define HAVE_SYS_TYPES_H 1
| #define HAVE_SYS_TIME_H 1
| #define HAVE_ZLIB_H 1
| /* end confdefs.h.  */
| #include <stdio.h>
| #ifdef HAVE_SYS_TYPES_H
| # include <sys/types.h>
| #endif
| #ifdef HAVE_SYS_STAT_H
| # include <sys/stat.h>
| #endif
| #ifdef STDC_HEADERS
| # include <stdlib.h>
| # include <stddef.h>
| #else
| # ifdef HAVE_STDLIB_H
| #  include <stdlib.h>
| # endif
| #endif
| #ifdef HAVE_STRING_H
| # if !defined STDC_HEADERS && defined HAVE_MEMORY_H
| #  include <memory.h>
| # endif
| # include <string.h>
| #endif
| #ifdef HAVE_STRINGS_H
| # include <strings.h>
| #endif
| #ifdef HAVE_INTTYPES_H
| # include <inttypes.h>
| #endif
| #ifdef HAVE_STDINT_H
| # include <stdint.h>
| #endif
| #ifdef HAVE_UNISTD_H
| # include <unistd.h>
| #endif
| int
| main ()
| {
| if (sizeof ((size_t)))
| 	    return 0;
|   ;
|   return 0;
| }
configure:12093: result: yes
configure:12104: checking for struct stat.st_rdev
configure:12104: cc -c -O  conftest.c >&5
configure:12104: $? = 0
configure:12104: result: yes
configure:12115: checking whether struct tm is in sys/time.h or time.h
configure:12135: cc -c -O  conftest.c >&5
configure:12135: $? = 0
configure:12142: result: time.h
configure:12150: checking for struct tm.tm_gmtoff
configure:12150: cc -c -O  conftest.c >&5
conftest.c: In function 'main':
conftest.c:86: error: storage size of 'ac_aggr' isn't known
configure:12150: $? = 1
configure: failed program was:
| /* confdefs.h */
| #define PACKAGE_NAME "file"
| #define PACKAGE_TARNAME "file"
| #define PACKAGE_VERSION "5.11"
| #define PACKAGE_STRING "file 5.11"
| #define PACKAGE_BUGREPORT "christos@astron.com"
| #define PACKAGE_URL ""
| #define PACKAGE "file"
| #define VERSION "5.11"
| #define BUILTIN_ELF 1
| #define ELFCORE 1
| #define STDC_HEADERS 1
| #define HAVE_SYS_TYPES_H 1
| #define HAVE_SYS_STAT_H 1
| #define HAVE_STDLIB_H 1
| #define HAVE_STRING_H 1
| #define HAVE_MEMORY_H 1
| #define HAVE_STRINGS_H 1
| #define HAVE_INTTYPES_H 1
| #define HAVE_STDINT_H 1
| #define HAVE_UNISTD_H 1
| #define __EXTENSIONS__ 1
| #define _ALL_SOURCE 1
| #define _GNU_SOURCE 1
| #define _POSIX_PTHREAD_SEMANTICS 1
| #define _TANDEM_SOURCE 1
| #define HAVE_DLFCN_H 1
| #define LT_OBJDIR ".libs/"
| #define STDC_HEADERS 1
| #define HAVE_SYS_WAIT_H 1
| #define HAVE_STDINT_H 1
| #define HAVE_FCNTL_H 1
| #define HAVE_LOCALE_H 1
| #define HAVE_STDINT_H 1
| #define HAVE_INTTYPES_H 1
| #define HAVE_UNISTD_H 1
| #define HAVE_UTIME_H 1
| #define HAVE_WCHAR_H 1
| #define HAVE_WCTYPE_H 1
| #define HAVE_LIMITS_H 1
| #define HAVE_GETOPT_H 1
| #define HAVE_ERR_H 1
| #define HAVE_SYS_MMAN_H 1
| #define HAVE_SYS_STAT_H 1
| #define HAVE_SYS_TYPES_H 1
| #define HAVE_SYS_TIME_H 1
| #define HAVE_ZLIB_H 1
| #define HAVE_STRUCT_STAT_ST_RDEV 1
| /* end confdefs.h.  */
| #include <stdio.h>
| #ifdef HAVE_SYS_TYPES_H
| # include <sys/types.h>
| #endif
| #ifdef HAVE_SYS_STAT_H
| # include <sys/stat.h>
| #endif
| #ifdef STDC_HEADERS
| # include <stdlib.h>
| # include <stddef.h>
| #else
| # ifdef HAVE_STDLIB_H
| #  include <stdlib.h>
| # endif
| #endif
| #ifdef HAVE_STRING_H
| # if !defined STDC_HEADERS && defined HAVE_MEMORY_H
| #  include <memory.h>
| # endif
| # include <string.h>
| #endif
| #ifdef HAVE_STRINGS_H
| # include <strings.h>
| #endif
| #ifdef HAVE_INTTYPES_H
| # include <inttypes.h>
| #endif
| #ifdef HAVE_STDINT_H
| # include <stdint.h>
| #endif
| #ifdef HAVE_UNISTD_H
| # include <unistd.h>
| #endif
| int
| main ()
| {
| static struct tm ac_aggr;
| if (ac_aggr.tm_gmtoff)
| return 0;
|   ;
|   return 0;
| }
configure:12150: cc -c -O  conftest.c >&5
conftest.c: In function 'main':
conftest.c:86: error: storage size of 'ac_aggr' isn't known
configure:12150: $? = 1
configure: failed program was:
| /* confdefs.h */
| #define PACKAGE_NAME "file"
| #define PACKAGE_TARNAME "file"
| #define PACKAGE_VERSION "5.11"
| #define PACKAGE_STRING "file 5.11"
| #define PACKAGE_BUGREPORT "christos@astron.com"
| #define PACKAGE_URL ""
| #define PACKAGE "file"
| #define VERSION "5.11"
| #define BUILTIN_ELF 1
| #define ELFCORE 1
| #define STDC_HEADERS 1
| #define HAVE_SYS_TYPES_H 1
| #define HAVE_SYS_STAT_H 1
| #define HAVE_STDLIB_H 1
| #define HAVE_STRING_H 1
| #define HAVE_MEMORY_H 1
| #define HAVE_STRINGS_H 1
| #define HAVE_INTTYPES_H 1
| #define HAVE_STDINT_H 1
| #define HAVE_UNISTD_H 1
| #define __EXTENSIONS__ 1
| #define _ALL_SOURCE 1
| #define _GNU_SOURCE 1
| #define _POSIX_PTHREAD_SEMANTICS 1
| #define _TANDEM_SOURCE 1
| #define HAVE_DLFCN_H 1
| #define LT_OBJDIR ".libs/"
| #define STDC_HEADERS 1
| #define HAVE_SYS_WAIT_H 1
| #define HAVE_STDINT_H 1
| #define HAVE_FCNTL_H 1
| #define HAVE_LOCALE_H 1
| #define HAVE_STDINT_H 1
| #define HAVE_INTTYPES_H 1
| #define HAVE_UNISTD_H 1
| #define HAVE_UTIME_H 1
| #define HAVE_WCHAR_H 1
| #define HAVE_WCTYPE_H 1
| #define HAVE_LIMITS_H 1
| #define HAVE_GETOPT_H 1
| #define HAVE_ERR_H 1
| #define HAVE_SYS_MMAN_H 1
| #define HAVE_SYS_STAT_H 1
| #define HAVE_SYS_TYPES_H 1
| #define HAVE_SYS_TIME_H 1
| #define HAVE_ZLIB_H 1
| #define HAVE_STRUCT_STAT_ST_RDEV 1
| /* end confdefs.h.  */
| #include <stdio.h>
| #ifdef HAVE_SYS_TYPES_H
| # include <sys/types.h>
| #endif
| #ifdef HAVE_SYS_STAT_H
| # include <sys/stat.h>
| #endif
| #ifdef STDC_HEADERS
| # include <stdlib.h>
| # include <stddef.h>
| #else
| # ifdef HAVE_STDLIB_H
| #  include <stdlib.h>
| # endif
| #endif
| #ifdef HAVE_STRING_H
| # if !defined STDC_HEADERS && defined HAVE_MEMORY_H
| #  include <memory.h>
| # endif
| # include <string.h>
| #endif
| #ifdef HAVE_STRINGS_H
| # include <strings.h>
| #endif
| #ifdef HAVE_INTTYPES_H
| # include <inttypes.h>
| #endif
| #ifdef HAVE_STDINT_H
| # include <stdint.h>
| #endif
| #ifdef HAVE_UNISTD_H
| # include <unistd.h>
| #endif
| int
| main ()
| {
| static struct tm ac_aggr;
| if (sizeof ac_aggr.tm_gmtoff)
| return 0;
|   ;
|   return 0;
| }
configure:12150: result: no
configure:12159: checking for struct tm.tm_zone
configure:12159: cc -c -O  conftest.c >&5
conftest.c: In function 'main':
conftest.c:86: error: storage size of 'ac_aggr' isn't known
configure:12159: $? = 1
configure: failed program was:
| /* confdefs.h */
| #define PACKAGE_NAME "file"
| #define PACKAGE_TARNAME "file"
| #define PACKAGE_VERSION "5.11"
| #define PACKAGE_STRING "file 5.11"
| #define PACKAGE_BUGREPORT "christos@astron.com"
| #define PACKAGE_URL ""
| #define PACKAGE "file"
| #define VERSION "5.11"
| #define BUILTIN_ELF 1
| #define ELFCORE 1
| #define STDC_HEADERS 1
| #define HAVE_SYS_TYPES_H 1
| #define HAVE_SYS_STAT_H 1
| #define HAVE_STDLIB_H 1
| #define HAVE_STRING_H 1
| #define HAVE_MEMORY_H 1
| #define HAVE_STRINGS_H 1
| #define HAVE_INTTYPES_H 1
| #define HAVE_STDINT_H 1
| #define HAVE_UNISTD_H 1
| #define __EXTENSIONS__ 1
| #define _ALL_SOURCE 1
| #define _GNU_SOURCE 1
| #define _POSIX_PTHREAD_SEMANTICS 1
| #define _TANDEM_SOURCE 1
| #define HAVE_DLFCN_H 1
| #define LT_OBJDIR ".libs/"
| #define STDC_HEADERS 1
| #define HAVE_SYS_WAIT_H 1
| #define HAVE_STDINT_H 1
| #define HAVE_FCNTL_H 1
| #define HAVE_LOCALE_H 1
| #define HAVE_STDINT_H 1
| #define HAVE_INTTYPES_H 1
| #define HAVE_UNISTD_H 1
| #define HAVE_UTIME_H 1
| #define HAVE_WCHAR_H 1
| #define HAVE_WCTYPE_H 1
| #define HAVE_LIMITS_H 1
| #define HAVE_GETOPT_H 1
| #define HAVE_ERR_H 1
| #define HAVE_SYS_MMAN_H 1
| #define HAVE_SYS_STAT_H 1
| #define HAVE_SYS_TYPES_H 1
| #define HAVE_SYS_TIME_H 1
| #define HAVE_ZLIB_H 1
| #define HAVE_STRUCT_STAT_ST_RDEV 1
| /* end confdefs.h.  */
| #include <stdio.h>
| #ifdef HAVE_SYS_TYPES_H
| # include <sys/types.h>
| #endif
| #ifdef HAVE_SYS_STAT_H
| # include <sys/stat.h>
| #endif
| #ifdef STDC_HEADERS
| # include <stdlib.h>
| # include <stddef.h>
| #else
| # ifdef HAVE_STDLIB_H
| #  include <stdlib.h>
| # endif
| #endif
| #ifdef HAVE_STRING_H
| # if !defined STDC_HEADERS && defined HAVE_MEMORY_H
| #  include <memory.h>
| # endif
| # include <string.h>
| #endif
| #ifdef HAVE_STRINGS_H
| # include <strings.h>
| #endif
| #ifdef HAVE_INTTYPES_H
| # include <inttypes.h>
| #endif
| #ifdef HAVE_STDINT_H
| # include <stdint.h>
| #endif
| #ifdef HAVE_UNISTD_H
| # include <unistd.h>
| #endif
| int
| main ()
| {
| static struct tm ac_aggr;
| if (ac_aggr.tm_zone)
| return 0;
|   ;
|   return 0;
| }
configure:12159: cc -c -O  conftest.c >&5
conftest.c: In function 'main':
conftest.c:86: error: storage size of 'ac_aggr' isn't known
configure:12159: $? = 1
configure: failed program was:
| /* confdefs.h */
| #define PACKAGE_NAME "file"
| #define PACKAGE_TARNAME "file"
| #define PACKAGE_VERSION "5.11"
| #define PACKAGE_STRING "file 5.11"
| #define PACKAGE_BUGREPORT "christos@astron.com"
| #define PACKAGE_URL ""
| #define PACKAGE "file"
| #define VERSION "5.11"
| #define BUILTIN_ELF 1
| #define ELFCORE 1
| #define STDC_HEADERS 1
| #define HAVE_SYS_TYPES_H 1
| #define HAVE_SYS_STAT_H 1
| #define HAVE_STDLIB_H 1
| #define HAVE_STRING_H 1
| #define HAVE_MEMORY_H 1
| #define HAVE_STRINGS_H 1
| #define HAVE_INTTYPES_H 1
| #define HAVE_STDINT_H 1
| #define HAVE_UNISTD_H 1
| #define __EXTENSIONS__ 1
| #define _ALL_SOURCE 1
| #define _GNU_SOURCE 1
| #define _POSIX_PTHREAD_SEMANTICS 1
| #define _TANDEM_SOURCE 1
| #define HAVE_DLFCN_H 1
| #define LT_OBJDIR ".libs/"
| #define STDC_HEADERS 1
| #define HAVE_SYS_WAIT_H 1
| #define HAVE_STDINT_H 1
| #define HAVE_FCNTL_H 1
| #define HAVE_LOCALE_H 1
| #define HAVE_STDINT_H 1
| #define HAVE_INTTYPES_H 1
| #define HAVE_UNISTD_H 1
| #define HAVE_UTIME_H 1
| #define HAVE_WCHAR_H 1
| #define HAVE_WCTYPE_H 1
| #define HAVE_LIMITS_H 1
| #define HAVE_GETOPT_H 1
| #define HAVE_ERR_H 1
| #define HAVE_SYS_MMAN_H 1
| #define HAVE_SYS_STAT_H 1
| #define HAVE_SYS_TYPES_H 1
| #define HAVE_SYS_TIME_H 1
| #define HAVE_ZLIB_H 1
| #define HAVE_STRUCT_STAT_ST_RDEV 1
| /* end confdefs.h.  */
| #include <stdio.h>
| #ifdef HAVE_SYS_TYPES_H
| # include <sys/types.h>
| #endif
| #ifdef HAVE_SYS_STAT_H
| # include <sys/stat.h>
| #endif
| #ifdef STDC_HEADERS
| # include <stdlib.h>
| # include <stddef.h>
| #else
| # ifdef HAVE_STDLIB_H
| #  include <stdlib.h>
| # endif
| #endif
| #ifdef HAVE_STRING_H
| # if !defined STDC_HEADERS && defined HAVE_MEMORY_H
| #  include <memory.h>
| # endif
| # include <string.h>
| #endif
| #ifdef HAVE_STRINGS_H
| # include <strings.h>
| #endif
| #ifdef HAVE_INTTYPES_H
| # include <inttypes.h>
| #endif
| #ifdef HAVE_STDINT_H
| # include <stdint.h>
| #endif
| #ifdef HAVE_UNISTD_H
| # include <unistd.h>
| #endif
| int
| main ()
| {
| static struct tm ac_aggr;
| if (sizeof ac_aggr.tm_zone)
| return 0;
|   ;
|   return 0;
| }
configure:12159: result: no
configure:12169: checking for tm_zone in struct tm
configure:12186: cc -c -O  conftest.c >&5
configure:12186: $? = 0
configure:12193: result: yes
configure:12203: checking whether tzname is declared
configure:12203: cc -c -O  conftest.c >&5
configure:12203: $? = 0
configure:12203: result: yes
configure:12215: checking for tzname
configure:12234: cc -o conftest -O   conftest.c  >&5
configure:12234: $? = 0
configure:12242: result: yes
configure:12250: checking for tm_isdst in struct tm
configure:12267: cc -c -O  conftest.c >&5
configure:12267: $? = 0
configure:12274: result: yes
configure:12283: checking whether daylight is declared
configure:12283: cc -c -O  conftest.c >&5
configure:12283: $? = 0
configure:12283: result: yes
configure:12295: checking for daylight
configure:12314: cc -o conftest -O   conftest.c  >&5
configure:12314: $? = 0
configure:12322: result: yes
configure:12337: checking for special C compiler options needed for large files
configure:12382: result: no
configure:12388: checking for _FILE_OFFSET_BITS value needed for large files
configure:12413: cc -c -O  conftest.c >&5
configure:12413: $? = 0
configure:12445: result: no
configure:12528: checking for _LARGEFILE_SOURCE value needed for large files
configure:12547: cc -o conftest -O   conftest.c  >&5
configure:12547: $? = 0
configure:12575: result: no
configure:12596: checking for mbstate_t
configure:12613: cc -c -O  conftest.c >&5
configure:12613: $? = 0
configure:12620: result: yes
configure:12632: checking for struct option in getopt
configure:12648: cc -c -O  conftest.c >&5
configure:12648: $? = 0
configure:12655: result: yes
configure:12664: checking for pid_t
configure:12664: cc -c -O  conftest.c >&5
configure:12664: $? = 0
configure:12664: cc -c -O  conftest.c >&5
conftest.c: In function 'main':
conftest.c:95: error: expected expression before ')' token
configure:12664: $? = 1
configure: failed program was:
| /* confdefs.h */
| #define PACKAGE_NAME "file"
| #define PACKAGE_TARNAME "file"
| #define PACKAGE_VERSION "5.11"
| #define PACKAGE_STRING "file 5.11"
| #define PACKAGE_BUGREPORT "christos@astron.com"
| #define PACKAGE_URL ""
| #define PACKAGE "file"
| #define VERSION "5.11"
| #define BUILTIN_ELF 1
| #define ELFCORE 1
| #define STDC_HEADERS 1
| #define HAVE_SYS_TYPES_H 1
| #define HAVE_SYS_STAT_H 1
| #define HAVE_STDLIB_H 1
| #define HAVE_STRING_H 1
| #define HAVE_MEMORY_H 1
| #define HAVE_STRINGS_H 1
| #define HAVE_INTTYPES_H 1
| #define HAVE_STDINT_H 1
| #define HAVE_UNISTD_H 1
| #define __EXTENSIONS__ 1
| #define _ALL_SOURCE 1
| #define _GNU_SOURCE 1
| #define _POSIX_PTHREAD_SEMANTICS 1
| #define _TANDEM_SOURCE 1
| #define HAVE_DLFCN_H 1
| #define LT_OBJDIR ".libs/"
| #define STDC_HEADERS 1
| #define HAVE_SYS_WAIT_H 1
| #define HAVE_STDINT_H 1
| #define HAVE_FCNTL_H 1
| #define HAVE_LOCALE_H 1
| #define HAVE_STDINT_H 1
| #define HAVE_INTTYPES_H 1
| #define HAVE_UNISTD_H 1
| #define HAVE_UTIME_H 1
| #define HAVE_WCHAR_H 1
| #define HAVE_WCTYPE_H 1
| #define HAVE_LIMITS_H 1
| #define HAVE_GETOPT_H 1
| #define HAVE_ERR_H 1
| #define HAVE_SYS_MMAN_H 1
| #define HAVE_SYS_STAT_H 1
| #define HAVE_SYS_TYPES_H 1
| #define HAVE_SYS_TIME_H 1
| #define HAVE_ZLIB_H 1
| #define HAVE_STRUCT_STAT_ST_RDEV 1
| #define HAVE_TM_ZONE 1
| #define HAVE_DECL_TZNAME 1
| #define HAVE_TZNAME 1
| #define HAVE_TM_ISDST 1
| #define HAVE_DECL_DAYLIGHT 1
| #define HAVE_DAYLIGHT 1
| #define HAVE_FSEEKO 1
| #define HAVE_MBSTATE_T 1
| #define HAVE_STRUCT_OPTION 1
| /* end confdefs.h.  */
| #include <stdio.h>
| #ifdef HAVE_SYS_TYPES_H
| # include <sys/types.h>
| #endif
| #ifdef HAVE_SYS_STAT_H
| # include <sys/stat.h>
| #endif
| #ifdef STDC_HEADERS
| # include <stdlib.h>
| # include <stddef.h>
| #else
| # ifdef HAVE_STDLIB_H
| #  include <stdlib.h>
| # endif
| #endif
| #ifdef HAVE_STRING_H
| # if !defined STDC_HEADERS && defined HAVE_MEMORY_H
| #  include <memory.h>
| # endif
| # include <string.h>
| #endif
| #ifdef HAVE_STRINGS_H
| # include <strings.h>
| #endif
| #ifdef HAVE_INTTYPES_H
| # include <inttypes.h>
| #endif
| #ifdef HAVE_STDINT_H
| # include <stdint.h>
| #endif
| #ifdef HAVE_UNISTD_H
| # include <unistd.h>
| #endif
| int
| main ()
| {
| if (sizeof ((pid_t)))
| 	    return 0;
|   ;
|   return 0;
| }
configure:12664: result: yes
configure:12673: checking for uint8_t
configure:12673: cc -c -O  conftest.c >&5
configure:12673: $? = 0
configure:12673: cc -c -O  conftest.c >&5
conftest.c: In function 'main':
conftest.c:96: error: expected expression before ')' token
configure:12673: $? = 1
configure: failed program was:
| /* confdefs.h */
| #define PACKAGE_NAME "file"
| #define PACKAGE_TARNAME "file"
| #define PACKAGE_VERSION "5.11"
| #define PACKAGE_STRING "file 5.11"
| #define PACKAGE_BUGREPORT "christos@astron.com"
| #define PACKAGE_URL ""
| #define PACKAGE "file"
| #define VERSION "5.11"
| #define BUILTIN_ELF 1
| #define ELFCORE 1
| #define STDC_HEADERS 1
| #define HAVE_SYS_TYPES_H 1
| #define HAVE_SYS_STAT_H 1
| #define HAVE_STDLIB_H 1
| #define HAVE_STRING_H 1
| #define HAVE_MEMORY_H 1
| #define HAVE_STRINGS_H 1
| #define HAVE_INTTYPES_H 1
| #define HAVE_STDINT_H 1
| #define HAVE_UNISTD_H 1
| #define __EXTENSIONS__ 1
| #define _ALL_SOURCE 1
| #define _GNU_SOURCE 1
| #define _POSIX_PTHREAD_SEMANTICS 1
| #define _TANDEM_SOURCE 1
| #define HAVE_DLFCN_H 1
| #define LT_OBJDIR ".libs/"
| #define STDC_HEADERS 1
| #define HAVE_SYS_WAIT_H 1
| #define HAVE_STDINT_H 1
| #define HAVE_FCNTL_H 1
| #define HAVE_LOCALE_H 1
| #define HAVE_STDINT_H 1
| #define HAVE_INTTYPES_H 1
| #define HAVE_UNISTD_H 1
| #define HAVE_UTIME_H 1
| #define HAVE_WCHAR_H 1
| #define HAVE_WCTYPE_H 1
| #define HAVE_LIMITS_H 1
| #define HAVE_GETOPT_H 1
| #define HAVE_ERR_H 1
| #define HAVE_SYS_MMAN_H 1
| #define HAVE_SYS_STAT_H 1
| #define HAVE_SYS_TYPES_H 1
| #define HAVE_SYS_TIME_H 1
| #define HAVE_ZLIB_H 1
| #define HAVE_STRUCT_STAT_ST_RDEV 1
| #define HAVE_TM_ZONE 1
| #define HAVE_DECL_TZNAME 1
| #define HAVE_TZNAME 1
| #define HAVE_TM_ISDST 1
| #define HAVE_DECL_DAYLIGHT 1
| #define HAVE_DAYLIGHT 1
| #define HAVE_FSEEKO 1
| #define HAVE_MBSTATE_T 1
| #define HAVE_STRUCT_OPTION 1
| #define HAVE_PID_T 1
| /* end confdefs.h.  */
| #include <stdio.h>
| #ifdef HAVE_SYS_TYPES_H
| # include <sys/types.h>
| #endif
| #ifdef HAVE_SYS_STAT_H
| # include <sys/stat.h>
| #endif
| #ifdef STDC_HEADERS
| # include <stdlib.h>
| # include <stddef.h>
| #else
| # ifdef HAVE_STDLIB_H
| #  include <stdlib.h>
| # endif
| #endif
| #ifdef HAVE_STRING_H
| # if !defined STDC_HEADERS && defined HAVE_MEMORY_H
| #  include <memory.h>
| # endif
| # include <string.h>
| #endif
| #ifdef HAVE_STRINGS_H
| # include <strings.h>
| #endif
| #ifdef HAVE_INTTYPES_H
| # include <inttypes.h>
| #endif
| #ifdef HAVE_STDINT_H
| # include <stdint.h>
| #endif
| #ifdef HAVE_UNISTD_H
| # include <unistd.h>
| #endif
| int
| main ()
| {
| if (sizeof ((uint8_t)))
| 	    return 0;
|   ;
|   return 0;
| }
configure:12673: result: yes
configure:12682: checking for uint16_t
configure:12682: cc -c -O  conftest.c >&5
configure:12682: $? = 0
configure:12682: cc -c -O  conftest.c >&5
conftest.c: In function 'main':
conftest.c:97: error: expected expression before ')' token
configure:12682: $? = 1
configure: failed program was:
| /* confdefs.h */
| #define PACKAGE_NAME "file"
| #define PACKAGE_TARNAME "file"
| #define PACKAGE_VERSION "5.11"
| #define PACKAGE_STRING "file 5.11"
| #define PACKAGE_BUGREPORT "christos@astron.com"
| #define PACKAGE_URL ""
| #define PACKAGE "file"
| #define VERSION "5.11"
| #define BUILTIN_ELF 1
| #define ELFCORE 1
| #define STDC_HEADERS 1
| #define HAVE_SYS_TYPES_H 1
| #define HAVE_SYS_STAT_H 1
| #define HAVE_STDLIB_H 1
| #define HAVE_STRING_H 1
| #define HAVE_MEMORY_H 1
| #define HAVE_STRINGS_H 1
| #define HAVE_INTTYPES_H 1
| #define HAVE_STDINT_H 1
| #define HAVE_UNISTD_H 1
| #define __EXTENSIONS__ 1
| #define _ALL_SOURCE 1
| #define _GNU_SOURCE 1
| #define _POSIX_PTHREAD_SEMANTICS 1
| #define _TANDEM_SOURCE 1
| #define HAVE_DLFCN_H 1
| #define LT_OBJDIR ".libs/"
| #define STDC_HEADERS 1
| #define HAVE_SYS_WAIT_H 1
| #define HAVE_STDINT_H 1
| #define HAVE_FCNTL_H 1
| #define HAVE_LOCALE_H 1
| #define HAVE_STDINT_H 1
| #define HAVE_INTTYPES_H 1
| #define HAVE_UNISTD_H 1
| #define HAVE_UTIME_H 1
| #define HAVE_WCHAR_H 1
| #define HAVE_WCTYPE_H 1
| #define HAVE_LIMITS_H 1
| #define HAVE_GETOPT_H 1
| #define HAVE_ERR_H 1
| #define HAVE_SYS_MMAN_H 1
| #define HAVE_SYS_STAT_H 1
| #define HAVE_SYS_TYPES_H 1
| #define HAVE_SYS_TIME_H 1
| #define HAVE_ZLIB_H 1
| #define HAVE_STRUCT_STAT_ST_RDEV 1
| #define HAVE_TM_ZONE 1
| #define HAVE_DECL_TZNAME 1
| #define HAVE_TZNAME 1
| #define HAVE_TM_ISDST 1
| #define HAVE_DECL_DAYLIGHT 1
| #define HAVE_DAYLIGHT 1
| #define HAVE_FSEEKO 1
| #define HAVE_MBSTATE_T 1
| #define HAVE_STRUCT_OPTION 1
| #define HAVE_PID_T 1
| #define HAVE_UINT8_T 1
| /* end confdefs.h.  */
| #include <stdio.h>
| #ifdef HAVE_SYS_TYPES_H
| # include <sys/types.h>
| #endif
| #ifdef HAVE_SYS_STAT_H
| # include <sys/stat.h>
| #endif
| #ifdef STDC_HEADERS
| # include <stdlib.h>
| # include <stddef.h>
| #else
| # ifdef HAVE_STDLIB_H
| #  include <stdlib.h>
| # endif
| #endif
| #ifdef HAVE_STRING_H
| # if !defined STDC_HEADERS && defined HAVE_MEMORY_H
| #  include <memory.h>
| # endif
| # include <string.h>
| #endif
| #ifdef HAVE_STRINGS_H
| # include <strings.h>
| #endif
| #ifdef HAVE_INTTYPES_H
| # include <inttypes.h>
| #endif
| #ifdef HAVE_STDINT_H
| # include <stdint.h>
| #endif
| #ifdef HAVE_UNISTD_H
| # include <unistd.h>
| #endif
| int
| main ()
| {
| if (sizeof ((uint16_t)))
| 	    return 0;
|   ;
|   return 0;
| }
configure:12682: result: yes
configure:12691: checking for uint32_t
configure:12691: cc -c -O  conftest.c >&5
configure:12691: $? = 0
configure:12691: cc -c -O  conftest.c >&5
conftest.c: In function 'main':
conftest.c:98: error: expected expression before ')' token
configure:12691: $? = 1
configure: failed program was:
| /* confdefs.h */
| #define PACKAGE_NAME "file"
| #define PACKAGE_TARNAME "file"
| #define PACKAGE_VERSION "5.11"
| #define PACKAGE_STRING "file 5.11"
| #define PACKAGE_BUGREPORT "christos@astron.com"
| #define PACKAGE_URL ""
| #define PACKAGE "file"
| #define VERSION "5.11"
| #define BUILTIN_ELF 1
| #define ELFCORE 1
| #define STDC_HEADERS 1
| #define HAVE_SYS_TYPES_H 1
| #define HAVE_SYS_STAT_H 1
| #define HAVE_STDLIB_H 1
| #define HAVE_STRING_H 1
| #define HAVE_MEMORY_H 1
| #define HAVE_STRINGS_H 1
| #define HAVE_INTTYPES_H 1
| #define HAVE_STDINT_H 1
| #define HAVE_UNISTD_H 1
| #define __EXTENSIONS__ 1
| #define _ALL_SOURCE 1
| #define _GNU_SOURCE 1
| #define _POSIX_PTHREAD_SEMANTICS 1
| #define _TANDEM_SOURCE 1
| #define HAVE_DLFCN_H 1
| #define LT_OBJDIR ".libs/"
| #define STDC_HEADERS 1
| #define HAVE_SYS_WAIT_H 1
| #define HAVE_STDINT_H 1
| #define HAVE_FCNTL_H 1
| #define HAVE_LOCALE_H 1
| #define HAVE_STDINT_H 1
| #define HAVE_INTTYPES_H 1
| #define HAVE_UNISTD_H 1
| #define HAVE_UTIME_H 1
| #define HAVE_WCHAR_H 1
| #define HAVE_WCTYPE_H 1
| #define HAVE_LIMITS_H 1
| #define HAVE_GETOPT_H 1
| #define HAVE_ERR_H 1
| #define HAVE_SYS_MMAN_H 1
| #define HAVE_SYS_STAT_H 1
| #define HAVE_SYS_TYPES_H 1
| #define HAVE_SYS_TIME_H 1
| #define HAVE_ZLIB_H 1
| #define HAVE_STRUCT_STAT_ST_RDEV 1
| #define HAVE_TM_ZONE 1
| #define HAVE_DECL_TZNAME 1
| #define HAVE_TZNAME 1
| #define HAVE_TM_ISDST 1
| #define HAVE_DECL_DAYLIGHT 1
| #define HAVE_DAYLIGHT 1
| #define HAVE_FSEEKO 1
| #define HAVE_MBSTATE_T 1
| #define HAVE_STRUCT_OPTION 1
| #define HAVE_PID_T 1
| #define HAVE_UINT8_T 1
| #define HAVE_UINT16_T 1
| /* end confdefs.h.  */
| #include <stdio.h>
| #ifdef HAVE_SYS_TYPES_H
| # include <sys/types.h>
| #endif
| #ifdef HAVE_SYS_STAT_H
| # include <sys/stat.h>
| #endif
| #ifdef STDC_HEADERS
| # include <stdlib.h>
| # include <stddef.h>
| #else
| # ifdef HAVE_STDLIB_H
| #  include <stdlib.h>
| # endif
| #endif
| #ifdef HAVE_STRING_H
| # if !defined STDC_HEADERS && defined HAVE_MEMORY_H
| #  include <memory.h>
| # endif
| # include <string.h>
| #endif
| #ifdef HAVE_STRINGS_H
| # include <strings.h>
| #endif
| #ifdef HAVE_INTTYPES_H
| # include <inttypes.h>
| #endif
| #ifdef HAVE_STDINT_H
| # include <stdint.h>
| #endif
| #ifdef HAVE_UNISTD_H
| # include <unistd.h>
| #endif
| int
| main ()
| {
| if (sizeof ((uint32_t)))
| 	    return 0;
|   ;
|   return 0;
| }
configure:12691: result: yes
configure:12700: checking for int32_t
configure:12700: cc -c -O  conftest.c >&5
configure:12700: $? = 0
configure:12700: cc -c -O  conftest.c >&5
conftest.c: In function 'main':
conftest.c:99: error: expected expression before ')' token
configure:12700: $? = 1
configure: failed program was:
| /* confdefs.h */
| #define PACKAGE_NAME "file"
| #define PACKAGE_TARNAME "file"
| #define PACKAGE_VERSION "5.11"
| #define PACKAGE_STRING "file 5.11"
| #define PACKAGE_BUGREPORT "christos@astron.com"
| #define PACKAGE_URL ""
| #define PACKAGE "file"
| #define VERSION "5.11"
| #define BUILTIN_ELF 1
| #define ELFCORE 1
| #define STDC_HEADERS 1
| #define HAVE_SYS_TYPES_H 1
| #define HAVE_SYS_STAT_H 1
| #define HAVE_STDLIB_H 1
| #define HAVE_STRING_H 1
| #define HAVE_MEMORY_H 1
| #define HAVE_STRINGS_H 1
| #define HAVE_INTTYPES_H 1
| #define HAVE_STDINT_H 1
| #define HAVE_UNISTD_H 1
| #define __EXTENSIONS__ 1
| #define _ALL_SOURCE 1
| #define _GNU_SOURCE 1
| #define _POSIX_PTHREAD_SEMANTICS 1
| #define _TANDEM_SOURCE 1
| #define HAVE_DLFCN_H 1
| #define LT_OBJDIR ".libs/"
| #define STDC_HEADERS 1
| #define HAVE_SYS_WAIT_H 1
| #define HAVE_STDINT_H 1
| #define HAVE_FCNTL_H 1
| #define HAVE_LOCALE_H 1
| #define HAVE_STDINT_H 1
| #define HAVE_INTTYPES_H 1
| #define HAVE_UNISTD_H 1
| #define HAVE_UTIME_H 1
| #define HAVE_WCHAR_H 1
| #define HAVE_WCTYPE_H 1
| #define HAVE_LIMITS_H 1
| #define HAVE_GETOPT_H 1
| #define HAVE_ERR_H 1
| #define HAVE_SYS_MMAN_H 1
| #define HAVE_SYS_STAT_H 1
| #define HAVE_SYS_TYPES_H 1
| #define HAVE_SYS_TIME_H 1
| #define HAVE_ZLIB_H 1
| #define HAVE_STRUCT_STAT_ST_RDEV 1
| #define HAVE_TM_ZONE 1
| #define HAVE_DECL_TZNAME 1
| #define HAVE_TZNAME 1
| #define HAVE_TM_ISDST 1
| #define HAVE_DECL_DAYLIGHT 1
| #define HAVE_DAYLIGHT 1
| #define HAVE_FSEEKO 1
| #define HAVE_MBSTATE_T 1
| #define HAVE_STRUCT_OPTION 1
| #define HAVE_PID_T 1
| #define HAVE_UINT8_T 1
| #define HAVE_UINT16_T 1
| #define HAVE_UINT32_T 1
| /* end confdefs.h.  */
| #include <stdio.h>
| #ifdef HAVE_SYS_TYPES_H
| # include <sys/types.h>
| #endif
| #ifdef HAVE_SYS_STAT_H
| # include <sys/stat.h>
| #endif
| #ifdef STDC_HEADERS
| # include <stdlib.h>
| # include <stddef.h>
| #else
| # ifdef HAVE_STDLIB_H
| #  include <stdlib.h>
| # endif
| #endif
| #ifdef HAVE_STRING_H
| # if !defined STDC_HEADERS && defined HAVE_MEMORY_H
| #  include <memory.h>
| # endif
| # include <string.h>
| #endif
| #ifdef HAVE_STRINGS_H
| # include <strings.h>
| #endif
| #ifdef HAVE_INTTYPES_H
| # include <inttypes.h>
| #endif
| #ifdef HAVE_STDINT_H
| # include <stdint.h>
| #endif
| #ifdef HAVE_UNISTD_H
| # include <unistd.h>
| #endif
| int
| main ()
| {
| if (sizeof ((int32_t)))
| 	    return 0;
|   ;
|   return 0;
| }
configure:12700: result: yes
configure:12709: checking for uint64_t
configure:12709: cc -c -O  conftest.c >&5
configure:12709: $? = 0
configure:12709: cc -c -O  conftest.c >&5
conftest.c: In function 'main':
conftest.c:100: error: expected expression before ')' token
configure:12709: $? = 1
configure: failed program was:
| /* confdefs.h */
| #define PACKAGE_NAME "file"
| #define PACKAGE_TARNAME "file"
| #define PACKAGE_VERSION "5.11"
| #define PACKAGE_STRING "file 5.11"
| #define PACKAGE_BUGREPORT "christos@astron.com"
| #define PACKAGE_URL ""
| #define PACKAGE "file"
| #define VERSION "5.11"
| #define BUILTIN_ELF 1
| #define ELFCORE 1
| #define STDC_HEADERS 1
| #define HAVE_SYS_TYPES_H 1
| #define HAVE_SYS_STAT_H 1
| #define HAVE_STDLIB_H 1
| #define HAVE_STRING_H 1
| #define HAVE_MEMORY_H 1
| #define HAVE_STRINGS_H 1
| #define HAVE_INTTYPES_H 1
| #define HAVE_STDINT_H 1
| #define HAVE_UNISTD_H 1
| #define __EXTENSIONS__ 1
| #define _ALL_SOURCE 1
| #define _GNU_SOURCE 1
| #define _POSIX_PTHREAD_SEMANTICS 1
| #define _TANDEM_SOURCE 1
| #define HAVE_DLFCN_H 1
| #define LT_OBJDIR ".libs/"
| #define STDC_HEADERS 1
| #define HAVE_SYS_WAIT_H 1
| #define HAVE_STDINT_H 1
| #define HAVE_FCNTL_H 1
| #define HAVE_LOCALE_H 1
| #define HAVE_STDINT_H 1
| #define HAVE_INTTYPES_H 1
| #define HAVE_UNISTD_H 1
| #define HAVE_UTIME_H 1
| #define HAVE_WCHAR_H 1
| #define HAVE_WCTYPE_H 1
| #define HAVE_LIMITS_H 1
| #define HAVE_GETOPT_H 1
| #define HAVE_ERR_H 1
| #define HAVE_SYS_MMAN_H 1
| #define HAVE_SYS_STAT_H 1
| #define HAVE_SYS_TYPES_H 1
| #define HAVE_SYS_TIME_H 1
| #define HAVE_ZLIB_H 1
| #define HAVE_STRUCT_STAT_ST_RDEV 1
| #define HAVE_TM_ZONE 1
| #define HAVE_DECL_TZNAME 1
| #define HAVE_TZNAME 1
| #define HAVE_TM_ISDST 1
| #define HAVE_DECL_DAYLIGHT 1
| #define HAVE_DAYLIGHT 1
| #define HAVE_FSEEKO 1
| #define HAVE_MBSTATE_T 1
| #define HAVE_STRUCT_OPTION 1
| #define HAVE_PID_T 1
| #define HAVE_UINT8_T 1
| #define HAVE_UINT16_T 1
| #define HAVE_UINT32_T 1
| #define HAVE_INT32_T 1
| /* end confdefs.h.  */
| #include <stdio.h>
| #ifdef HAVE_SYS_TYPES_H
| # include <sys/types.h>
| #endif
| #ifdef HAVE_SYS_STAT_H
| # include <sys/stat.h>
| #endif
| #ifdef STDC_HEADERS
| # include <stdlib.h>
| # include <stddef.h>
| #else
| # ifdef HAVE_STDLIB_H
| #  include <stdlib.h>
| # endif
| #endif
| #ifdef HAVE_STRING_H
| # if !defined STDC_HEADERS && defined HAVE_MEMORY_H
| #  include <memory.h>
| # endif
| # include <string.h>
| #endif
| #ifdef HAVE_STRINGS_H
| # include <strings.h>
| #endif
| #ifdef HAVE_INTTYPES_H
| # include <inttypes.h>
| #endif
| #ifdef HAVE_STDINT_H
| # include <stdint.h>
| #endif
| #ifdef HAVE_UNISTD_H
| # include <unistd.h>
| #endif
| int
| main ()
| {
| if (sizeof ((uint64_t)))
| 	    return 0;
|   ;
|   return 0;
| }
configure:12709: result: yes
configure:12718: checking for int64_t
configure:12718: cc -c -O  conftest.c >&5
configure:12718: $? = 0
configure:12718: cc -c -O  conftest.c >&5
conftest.c: In function 'main':
conftest.c:101: error: expected expression before ')' token
configure:12718: $? = 1
configure: failed program was:
| /* confdefs.h */
| #define PACKAGE_NAME "file"
| #define PACKAGE_TARNAME "file"
| #define PACKAGE_VERSION "5.11"
| #define PACKAGE_STRING "file 5.11"
| #define PACKAGE_BUGREPORT "christos@astron.com"
| #define PACKAGE_URL ""
| #define PACKAGE "file"
| #define VERSION "5.11"
| #define BUILTIN_ELF 1
| #define ELFCORE 1
| #define STDC_HEADERS 1
| #define HAVE_SYS_TYPES_H 1
| #define HAVE_SYS_STAT_H 1
| #define HAVE_STDLIB_H 1
| #define HAVE_STRING_H 1
| #define HAVE_MEMORY_H 1
| #define HAVE_STRINGS_H 1
| #define HAVE_INTTYPES_H 1
| #define HAVE_STDINT_H 1
| #define HAVE_UNISTD_H 1
| #define __EXTENSIONS__ 1
| #define _ALL_SOURCE 1
| #define _GNU_SOURCE 1
| #define _POSIX_PTHREAD_SEMANTICS 1
| #define _TANDEM_SOURCE 1
| #define HAVE_DLFCN_H 1
| #define LT_OBJDIR ".libs/"
| #define STDC_HEADERS 1
| #define HAVE_SYS_WAIT_H 1
| #define HAVE_STDINT_H 1
| #define HAVE_FCNTL_H 1
| #define HAVE_LOCALE_H 1
| #define HAVE_STDINT_H 1
| #define HAVE_INTTYPES_H 1
| #define HAVE_UNISTD_H 1
| #define HAVE_UTIME_H 1
| #define HAVE_WCHAR_H 1
| #define HAVE_WCTYPE_H 1
| #define HAVE_LIMITS_H 1
| #define HAVE_GETOPT_H 1
| #define HAVE_ERR_H 1
| #define HAVE_SYS_MMAN_H 1
| #define HAVE_SYS_STAT_H 1
| #define HAVE_SYS_TYPES_H 1
| #define HAVE_SYS_TIME_H 1
| #define HAVE_ZLIB_H 1
| #define HAVE_STRUCT_STAT_ST_RDEV 1
| #define HAVE_TM_ZONE 1
| #define HAVE_DECL_TZNAME 1
| #define HAVE_TZNAME 1
| #define HAVE_TM_ISDST 1
| #define HAVE_DECL_DAYLIGHT 1
| #define HAVE_DAYLIGHT 1
| #define HAVE_FSEEKO 1
| #define HAVE_MBSTATE_T 1
| #define HAVE_STRUCT_OPTION 1
| #define HAVE_PID_T 1
| #define HAVE_UINT8_T 1
| #define HAVE_UINT16_T 1
| #define HAVE_UINT32_T 1
| #define HAVE_INT32_T 1
| #define HAVE_UINT64_T 1
| /* end confdefs.h.  */
| #include <stdio.h>
| #ifdef HAVE_SYS_TYPES_H
| # include <sys/types.h>
| #endif
| #ifdef HAVE_SYS_STAT_H
| # include <sys/stat.h>
| #endif
| #ifdef STDC_HEADERS
| # include <stdlib.h>
| # include <stddef.h>
| #else
| # ifdef HAVE_STDLIB_H
| #  include <stdlib.h>
| # endif
| #endif
| #ifdef HAVE_STRING_H
| # if !defined STDC_HEADERS && defined HAVE_MEMORY_H
| #  include <memory.h>
| # endif
| # include <string.h>
| #endif
| #ifdef HAVE_STRINGS_H
| # include <strings.h>
| #endif
| #ifdef HAVE_INTTYPES_H
| # include <inttypes.h>
| #endif
| #ifdef HAVE_STDINT_H
| # include <stdint.h>
| #endif
| #ifdef HAVE_UNISTD_H
| # include <unistd.h>
| #endif
| int
| main ()
| {
| if (sizeof ((int64_t)))
| 	    return 0;
|   ;
|   return 0;
| }
configure:12718: result: yes
configure:12732: checking size of long long
configure:12737: cc -o conftest -O   conftest.c  >&5
configure:12737: $? = 0
configure:12737: ./conftest
configure:12737: $? = 0
configure:12752: result: 8
configure:12764: checking for gcc compiler warnings
configure:12769: result: no
configure:12800: checking for mmap
configure:12800: cc -o conftest -O   conftest.c  >&5
configure:12800: $? = 0
configure:12800: result: yes
configure:12800: checking for strerror
configure:12800: cc -o conftest -O   conftest.c  >&5
configure:12800: $? = 0
configure:12800: result: yes
configure:12800: checking for strndup
configure:12800: cc -o conftest -O   conftest.c  >&5
conftest.c:92: warning: conflicting types for built-in function 'strndup'
configure:12800: $? = 0
configure:12800: result: yes
configure:12800: checking for strtoul
configure:12800: cc -o conftest -O   conftest.c  >&5
configure:12800: $? = 0
configure:12800: result: yes
configure:12800: checking for mbrtowc
configure:12800: cc -o conftest -O   conftest.c  >&5
configure:12800: $? = 0
configure:12800: result: yes
configure:12800: checking for mkstemp
configure:12800: cc -o conftest -O   conftest.c  >&5
configure:12800: $? = 0
configure:12800: result: yes
configure:12800: checking for utimes
configure:12800: cc -o conftest -O   conftest.c  >&5
configure:12800: $? = 0
configure:12800: result: yes
configure:12800: checking for utime
configure:12800: cc -o conftest -O   conftest.c  >&5
configure:12800: $? = 0
configure:12800: result: yes
configure:12800: checking for wcwidth
configure:12800: cc -o conftest -O   conftest.c  >&5
configure:12800: $? = 0
configure:12800: result: yes
configure:12800: checking for strtof
configure:12800: cc -o conftest -O   conftest.c  >&5
configure:12800: $? = 0
configure:12800: result: yes
configure:12800: checking for fork
configure:12800: cc -o conftest -O   conftest.c  >&5
conftest.c:100: warning: conflicting types for built-in function 'fork'
configure:12800: $? = 0
configure:12800: result: yes
configure:12814: checking for getopt_long
configure:12814: cc -o conftest -O   conftest.c  >&5
configure:12814: $? = 0
configure:12814: result: yes
configure:12814: checking for asprintf
configure:12814: cc -o conftest -O   conftest.c  >&5
configure:12814: $? = 0
configure:12814: result: yes
configure:12814: checking for vasprintf
configure:12814: cc -o conftest -O   conftest.c  >&5
configure:12814: $? = 0
configure:12814: result: yes
configure:12814: checking for strlcpy
configure:12814: cc -o conftest -O   conftest.c  >&5
/tmp/cc06sPEe.o: In function `main':
conftest.c:(.text+0xa): undefined reference to `strlcpy'
collect2: ld returned 1 exit status
configure:12814: $? = 1
configure: failed program was:
| /* confdefs.h */
| #define PACKAGE_NAME "file"
| #define PACKAGE_TARNAME "file"
| #define PACKAGE_VERSION "5.11"
| #define PACKAGE_STRING "file 5.11"
| #define PACKAGE_BUGREPORT "christos@astron.com"
| #define PACKAGE_URL ""
| #define PACKAGE "file"
| #define VERSION "5.11"
| #define BUILTIN_ELF 1
| #define ELFCORE 1
| #define STDC_HEADERS 1
| #define HAVE_SYS_TYPES_H 1
| #define HAVE_SYS_STAT_H 1
| #define HAVE_STDLIB_H 1
| #define HAVE_STRING_H 1
| #define HAVE_MEMORY_H 1
| #define HAVE_STRINGS_H 1
| #define HAVE_INTTYPES_H 1
| #define HAVE_STDINT_H 1
| #define HAVE_UNISTD_H 1
| #define __EXTENSIONS__ 1
| #define _ALL_SOURCE 1
| #define _GNU_SOURCE 1
| #define _POSIX_PTHREAD_SEMANTICS 1
| #define _TANDEM_SOURCE 1
| #define HAVE_DLFCN_H 1
| #define LT_OBJDIR ".libs/"
| #define STDC_HEADERS 1
| #define HAVE_SYS_WAIT_H 1
| #define HAVE_STDINT_H 1
| #define HAVE_FCNTL_H 1
| #define HAVE_LOCALE_H 1
| #define HAVE_STDINT_H 1
| #define HAVE_INTTYPES_H 1
| #define HAVE_UNISTD_H 1
| #define HAVE_UTIME_H 1
| #define HAVE_WCHAR_H 1
| #define HAVE_WCTYPE_H 1
| #define HAVE_LIMITS_H 1
| #define HAVE_GETOPT_H 1
| #define HAVE_ERR_H 1
| #define HAVE_SYS_MMAN_H 1
| #define HAVE_SYS_STAT_H 1
| #define HAVE_SYS_TYPES_H 1
| #define HAVE_SYS_TIME_H 1
| #define HAVE_ZLIB_H 1
| #define HAVE_STRUCT_STAT_ST_RDEV 1
| #define HAVE_TM_ZONE 1
| #define HAVE_DECL_TZNAME 1
| #define HAVE_TZNAME 1
| #define HAVE_TM_ISDST 1
| #define HAVE_DECL_DAYLIGHT 1
| #define HAVE_DAYLIGHT 1
| #define HAVE_FSEEKO 1
| #define HAVE_MBSTATE_T 1
| #define HAVE_STRUCT_OPTION 1
| #define HAVE_PID_T 1
| #define HAVE_UINT8_T 1
| #define HAVE_UINT16_T 1
| #define HAVE_UINT32_T 1
| #define HAVE_INT32_T 1
| #define HAVE_UINT64_T 1
| #define HAVE_INT64_T 1
| #define SIZEOF_LONG_LONG 8
| #define HAVE_MMAP 1
| #define HAVE_STRERROR 1
| #define HAVE_STRNDUP 1
| #define HAVE_STRTOUL 1
| #define HAVE_MBRTOWC 1
| #define HAVE_MKSTEMP 1
| #define HAVE_UTIMES 1
| #define HAVE_UTIME 1
| #define HAVE_WCWIDTH 1
| #define HAVE_STRTOF 1
| #define HAVE_FORK 1
| #define HAVE_GETOPT_LONG 1
| #define HAVE_ASPRINTF 1
| #define HAVE_VASPRINTF 1
| /* end confdefs.h.  */
| /* Define strlcpy to an innocuous variant, in case <limits.h> declares strlcpy.
|    For example, HP-UX 11i <limits.h> declares gettimeofday.  */
| #define strlcpy innocuous_strlcpy
| 
| /* System header to define __stub macros and hopefully few prototypes,
|     which can conflict with char strlcpy (); below.
|     Prefer <limits.h> to <assert.h> if __STDC__ is defined, since
|     <limits.h> exists even on freestanding compilers.  */
| 
| #ifdef __STDC__
| # include <limits.h>
| #else
| # include <assert.h>
| #endif
| 
| #undef strlcpy
| 
| /* Override any GCC internal prototype to avoid an error.
|    Use char because int might match the return type of a GCC
|    builtin and then its argument prototype would still apply.  */
| #ifdef __cplusplus
| extern "C"
| #endif
| char strlcpy ();
| /* The GNU C library defines this for functions which it implements
|     to always fail with ENOSYS.  Some functions are actually named
|     something starting with __ and the normal name is an alias.  */
| #if defined __stub_strlcpy || defined __stub___strlcpy
| choke me
| #endif
| 
| int
| main ()
| {
| return strlcpy ();
|   ;
|   return 0;
| }
configure:12814: result: no
configure:12814: checking for strlcat
configure:12814: cc -o conftest -O   conftest.c  >&5
/tmp/cckLptqh.o: In function `main':
conftest.c:(.text+0xa): undefined reference to `strlcat'
collect2: ld returned 1 exit status
configure:12814: $? = 1
configure: failed program was:
| /* confdefs.h */
| #define PACKAGE_NAME "file"
| #define PACKAGE_TARNAME "file"
| #define PACKAGE_VERSION "5.11"
| #define PACKAGE_STRING "file 5.11"
| #define PACKAGE_BUGREPORT "christos@astron.com"
| #define PACKAGE_URL ""
| #define PACKAGE "file"
| #define VERSION "5.11"
| #define BUILTIN_ELF 1
| #define ELFCORE 1
| #define STDC_HEADERS 1
| #define HAVE_SYS_TYPES_H 1
| #define HAVE_SYS_STAT_H 1
| #define HAVE_STDLIB_H 1
| #define HAVE_STRING_H 1
| #define HAVE_MEMORY_H 1
| #define HAVE_STRINGS_H 1
| #define HAVE_INTTYPES_H 1
| #define HAVE_STDINT_H 1
| #define HAVE_UNISTD_H 1
| #define __EXTENSIONS__ 1
| #define _ALL_SOURCE 1
| #define _GNU_SOURCE 1
| #define _POSIX_PTHREAD_SEMANTICS 1
| #define _TANDEM_SOURCE 1
| #define HAVE_DLFCN_H 1
| #define LT_OBJDIR ".libs/"
| #define STDC_HEADERS 1
| #define HAVE_SYS_WAIT_H 1
| #define HAVE_STDINT_H 1
| #define HAVE_FCNTL_H 1
| #define HAVE_LOCALE_H 1
| #define HAVE_STDINT_H 1
| #define HAVE_INTTYPES_H 1
| #define HAVE_UNISTD_H 1
| #define HAVE_UTIME_H 1
| #define HAVE_WCHAR_H 1
| #define HAVE_WCTYPE_H 1
| #define HAVE_LIMITS_H 1
| #define HAVE_GETOPT_H 1
| #define HAVE_ERR_H 1
| #define HAVE_SYS_MMAN_H 1
| #define HAVE_SYS_STAT_H 1
| #define HAVE_SYS_TYPES_H 1
| #define HAVE_SYS_TIME_H 1
| #define HAVE_ZLIB_H 1
| #define HAVE_STRUCT_STAT_ST_RDEV 1
| #define HAVE_TM_ZONE 1
| #define HAVE_DECL_TZNAME 1
| #define HAVE_TZNAME 1
| #define HAVE_TM_ISDST 1
| #define HAVE_DECL_DAYLIGHT 1
| #define HAVE_DAYLIGHT 1
| #define HAVE_FSEEKO 1
| #define HAVE_MBSTATE_T 1
| #define HAVE_STRUCT_OPTION 1
| #define HAVE_PID_T 1
| #define HAVE_UINT8_T 1
| #define HAVE_UINT16_T 1
| #define HAVE_UINT32_T 1
| #define HAVE_INT32_T 1
| #define HAVE_UINT64_T 1
| #define HAVE_INT64_T 1
| #define SIZEOF_LONG_LONG 8
| #define HAVE_MMAP 1
| #define HAVE_STRERROR 1
| #define HAVE_STRNDUP 1
| #define HAVE_STRTOUL 1
| #define HAVE_MBRTOWC 1
| #define HAVE_MKSTEMP 1
| #define HAVE_UTIMES 1
| #define HAVE_UTIME 1
| #define HAVE_WCWIDTH 1
| #define HAVE_STRTOF 1
| #define HAVE_FORK 1
| #define HAVE_GETOPT_LONG 1
| #define HAVE_ASPRINTF 1
| #define HAVE_VASPRINTF 1
| /* end confdefs.h.  */
| /* Define strlcat to an innocuous variant, in case <limits.h> declares strlcat.
|    For example, HP-UX 11i <limits.h> declares gettimeofday.  */
| #define strlcat innocuous_strlcat
| 
| /* System header to define __stub macros and hopefully few prototypes,
|     which can conflict with char strlcat (); below.
|     Prefer <limits.h> to <assert.h> if __STDC__ is defined, since
|     <limits.h> exists even on freestanding compilers.  */
| 
| #ifdef __STDC__
| # include <limits.h>
| #else
| # include <assert.h>
| #endif
| 
| #undef strlcat
| 
| /* Override any GCC internal prototype to avoid an error.
|    Use char because int might match the return type of a GCC
|    builtin and then its argument prototype would still apply.  */
| #ifdef __cplusplus
| extern "C"
| #endif
| char strlcat ();
| /* The GNU C library defines this for functions which it implements
|     to always fail with ENOSYS.  Some functions are actually named
|     something starting with __ and the normal name is an alias.  */
| #if defined __stub_strlcat || defined __stub___strlcat
| choke me
| #endif
| 
| int
| main ()
| {
| return strlcat ();
|   ;
|   return 0;
| }
configure:12814: result: no
configure:12814: checking for getline
configure:12814: cc -o conftest -O   conftest.c  >&5
configure:12814: $? = 0
configure:12814: result: yes
configure:12833: checking for gzopen in -lz
configure:12858: cc -o conftest -O   conftest.c -lz   >&5
configure:12858: $? = 0
configure:12867: result: yes
configure:13077: creating ./config.status

## ---------------------- ##
## Running config.status. ##
## ---------------------- ##

This file was extended by file config.status 5.11, which was
generated by GNU Autoconf 2.68.  Invocation command line was

  CONFIG_FILES    = 
  CONFIG_HEADERS  = 
  CONFIG_LINKS    = 
  CONFIG_COMMANDS = 
  $ ./config.status 

on out.lrserver

config.status:1138: creating Makefile
config.status:1138: creating src/Makefile
config.status:1138: creating magic/Makefile
config.status:1138: creating tests/Makefile
config.status:1138: creating doc/Makefile
config.status:1138: creating python/Makefile
config.status:1138: creating config.h
config.status:1351: executing depfiles commands
config.status:1351: executing libtool commands

## ---------------- ##
## Cache variables. ##
## ---------------- ##

ac_cv_build=x86_64-unknown-linux-gnu
ac_cv_c_compiler_gnu=yes
ac_cv_c_const=yes
ac_cv_env_CC_set=set
ac_cv_env_CC_value=cc
ac_cv_env_CFLAGS_set=set
ac_cv_env_CFLAGS_value=-O
ac_cv_env_CPPFLAGS_set=set
ac_cv_env_CPPFLAGS_value=
ac_cv_env_CPP_set=
ac_cv_env_CPP_value=
ac_cv_env_LDFLAGS_set=set
ac_cv_env_LDFLAGS_value=
ac_cv_env_LIBS_set=
ac_cv_env_LIBS_value=
ac_cv_env_build_alias_set=
ac_cv_env_build_alias_value=
ac_cv_env_host_alias_set=
ac_cv_env_host_alias_value=
ac_cv_env_target_alias_set=
ac_cv_env_target_alias_value=
ac_cv_func_asprintf=yes
ac_cv_func_fork=yes
ac_cv_func_getline=yes
ac_cv_func_getopt_long=yes
ac_cv_func_mbrtowc=yes
ac_cv_func_mkstemp=yes
ac_cv_func_mmap=yes
ac_cv_func_strerror=yes
ac_cv_func_strlcat=no
ac_cv_func_strlcpy=no
ac_cv_func_strndup=yes
ac_cv_func_strtof=yes
ac_cv_func_strtoul=yes
ac_cv_func_utime=yes
ac_cv_func_utimes=yes
ac_cv_func_vasprintf=yes
ac_cv_func_wcwidth=yes
ac_cv_have_decl_daylight=yes
ac_cv_have_decl_tzname=yes
ac_cv_header_dlfcn_h=yes
ac_cv_header_err_h=yes
ac_cv_header_fcntl_h=yes
ac_cv_header_getopt_h=yes
ac_cv_header_inttypes_h=yes
ac_cv_header_limits_h=yes
ac_cv_header_locale_h=yes
ac_cv_header_memory_h=yes
ac_cv_header_minix_config_h=no
ac_cv_header_stdc=yes
ac_cv_header_stdint_h=yes
ac_cv_header_stdlib_h=yes
ac_cv_header_string_h=yes
ac_cv_header_strings_h=yes
ac_cv_header_sys_mman_h=yes
ac_cv_header_sys_stat_h=yes
ac_cv_header_sys_time_h=yes
ac_cv_header_sys_types_h=yes
ac_cv_header_sys_types_h_makedev=yes
ac_cv_header_sys_utime_h=no
ac_cv_header_sys_wait_h=yes
ac_cv_header_unistd_h=yes
ac_cv_header_utime_h=yes
ac_cv_header_wchar_h=yes
ac_cv_header_wctype_h=yes
ac_cv_header_zlib_h=yes
ac_cv_host=x86_64-unknown-linux-gnu
ac_cv_lib_z_gzopen=yes
ac_cv_member_struct_stat_st_rdev=yes
ac_cv_member_struct_tm_tm_gmtoff=no
ac_cv_member_struct_tm_tm_zone=no
ac_cv_objext=o
ac_cv_path_EGREP='/bin/grep -E'
ac_cv_path_FGREP='/bin/grep -F'
ac_cv_path_GREP=/bin/grep
ac_cv_path_SED=/bin/sed
ac_cv_path_mkdir='/home/licj/software/netBSD/source/netBSD/usr/src/obj/tooldir.Linux-2.6.32-358.el6.x86_64-x86_64/bin/arm--netbsdelf-install -d'
ac_cv_prog_AWK=/home/licj/software/netBSD/source/netBSD/usr/src/obj/tooldir.Linux-2.6.32-358.el6.x86_64-x86_64/bin/nbawk
ac_cv_prog_CPP='cc -E'
ac_cv_prog_ac_ct_AR=ar
ac_cv_prog_ac_ct_CC=cc
ac_cv_prog_ac_ct_OBJDUMP=objdump
ac_cv_prog_ac_ct_RANLIB=ranlib
ac_cv_prog_ac_ct_STRIP=strip
ac_cv_prog_cc_c89=
ac_cv_prog_cc_cc_c_o=yes
ac_cv_prog_cc_g=yes
ac_cv_prog_make__home_licj_software_netBSD_source_netBSD_usr_src_obj_tooldir_Linux_2_6_32_358_el6_x86_64_x86_64_bin_nbmake_set=no
ac_cv_safe_to_define___extensions__=yes
ac_cv_sizeof_long_long=8
ac_cv_struct_option_getopt_h=yes
ac_cv_struct_tm=time.h
ac_cv_struct_tm_isdst=yes
ac_cv_struct_tm_zone=yes
ac_cv_sys_file_offset_bits=no
ac_cv_sys_largefile_CC=no
ac_cv_sys_largefile_source=no
ac_cv_type_int32_t=yes
ac_cv_type_int64_t=yes
ac_cv_type_mbstate_t=yes
ac_cv_type_off_t=yes
ac_cv_type_pid_t=yes
ac_cv_type_size_t=yes
ac_cv_type_uint16_t=yes
ac_cv_type_uint32_t=yes
ac_cv_type_uint64_t=yes
ac_cv_type_uint8_t=yes
ac_cv_var_daylight=yes
ac_cv_var_tzname=yes
am_cv_CC_dependencies_compiler_type=none
lt_cv_deplibs_check_method=pass_all
lt_cv_file_magic_cmd='$MAGIC_CMD'
lt_cv_file_magic_test_file=
lt_cv_ld_reload_flag=-r
lt_cv_nm_interface='BSD nm'
lt_cv_objdir=.libs
lt_cv_path_LD=/usr/bin/ld
lt_cv_path_NM='/usr/bin/nm -B'
lt_cv_prog_compiler_c_o=yes
lt_cv_prog_compiler_pic_works=yes
lt_cv_prog_compiler_rtti_exceptions=no
lt_cv_prog_compiler_static_works=no
lt_cv_prog_gnu_ld=yes
lt_cv_sys_global_symbol_pipe='sed -n -e '\''s/^.*[	 ]\([ABCDGIRSTW][ABCDGIRSTW]*\)[	 ][	 ]*\([_A-Za-z][_A-Za-z0-9]*\)$/\1 \2 \2/p'\'''
lt_cv_sys_global_symbol_to_c_name_address='sed -n -e '\''s/^: \([^ ]*\) $/  {\"\1\", (void *) 0},/p'\'' -e '\''s/^[ABCDGIRSTW]* \([^ ]*\) \([^ ]*\)$/  {"\2", (void *) \&\2},/p'\'''
lt_cv_sys_global_symbol_to_c_name_address_lib_prefix='sed -n -e '\''s/^: \([^ ]*\) $/  {\"\1\", (void *) 0},/p'\'' -e '\''s/^[ABCDGIRSTW]* \([^ ]*\) \(lib[^ ]*\)$/  {"\2", (void *) \&\2},/p'\'' -e '\''s/^[ABCDGIRSTW]* \([^ ]*\) \([^ ]*\)$/  {"lib\2", (void *) \&\2},/p'\'''
lt_cv_sys_global_symbol_to_cdecl='sed -n -e '\''s/^T .* \(.*\)$/extern int \1();/p'\'' -e '\''s/^[ABCDGIRSTW]* .* \(.*\)$/extern char \1;/p'\'''
lt_cv_sys_max_cmd_len=1966080

## ----------------- ##
## Output variables. ##
## ----------------- ##

ACLOCAL='${SHELL} /home/licj/software/netBSD/source/netBSD/usr/src/external/bsd/file/dist/missing --run aclocal-1.11'
AMDEPBACKSLASH='\'
AMDEP_FALSE='#'
AMDEP_TRUE=''
AMTAR='${SHELL} /home/licj/software/netBSD/source/netBSD/usr/src/external/bsd/file/dist/missing --run tar'
AM_BACKSLASH='\'
AM_DEFAULT_VERBOSITY='0'
AR='ar'
AUTOCONF='${SHELL} /home/licj/software/netBSD/source/netBSD/usr/src/external/bsd/file/dist/missing --run autoconf'
AUTOHEADER='${SHELL} /home/licj/software/netBSD/source/netBSD/usr/src/external/bsd/file/dist/missing --run autoheader'
AUTOMAKE='${SHELL} /home/licj/software/netBSD/source/netBSD/usr/src/external/bsd/file/dist/missing --run automake-1.11'
AWK='/home/licj/software/netBSD/source/netBSD/usr/src/obj/tooldir.Linux-2.6.32-358.el6.x86_64-x86_64/bin/nbawk'
CC='cc'
CCDEPMODE='depmode=none'
CFLAGS='-O'
CPP='cc -E'
CPPFLAGS=''
CYGPATH_W='echo'
DEFS='-DHAVE_CONFIG_H'
DEPDIR='.deps'
DSYMUTIL=''
DUMPBIN=''
ECHO_C=''
ECHO_N='-n'
ECHO_T=''
EGREP='/bin/grep -E'
EXEEXT=''
FGREP='/bin/grep -F'
FSECT5_FALSE=''
FSECT5_TRUE='#'
GREP='/bin/grep'
INSTALL_DATA='${INSTALL} -m 644'
INSTALL_PROGRAM='${INSTALL}'
INSTALL_SCRIPT='${INSTALL}'
INSTALL_STRIP_PROGRAM='$(install_sh) -c -s'
IS_CROSS_COMPILE_FALSE=''
IS_CROSS_COMPILE_TRUE='#'
LD='/usr/bin/ld -m elf_x86_64'
LDFLAGS=''
LIBOBJS=' ${LIBOBJDIR}strlcpy$U.o ${LIBOBJDIR}strlcat$U.o'
LIBS='-lz '
LIBTOOL='$(SHELL) $(top_builddir)/libtool'
LIPO=''
LN_S='ln -s'
LTLIBOBJS=' ${LIBOBJDIR}strlcpy$U.lo ${LIBOBJDIR}strlcat$U.lo'
MAINT='#'
MAINTAINER_MODE_FALSE=''
MAINTAINER_MODE_TRUE='#'
MAKEINFO='${SHELL} /home/licj/software/netBSD/source/netBSD/usr/src/external/bsd/file/dist/missing --run makeinfo'
MINGW='0'
MINGW_FALSE=''
MINGW_TRUE='#'
MKDIR_P='/home/licj/software/netBSD/source/netBSD/usr/src/obj/tooldir.Linux-2.6.32-358.el6.x86_64-x86_64/bin/arm--netbsdelf-install -d -p'
NM='/usr/bin/nm -B'
NMEDIT=''
OBJDUMP='objdump'
OBJEXT='o'
OTOOL64=''
OTOOL=''
PACKAGE='file'
PACKAGE_BUGREPORT='christos@astron.com'
PACKAGE_NAME='file'
PACKAGE_STRING='file 5.11'
PACKAGE_TARNAME='file'
PACKAGE_URL=''
PACKAGE_VERSION='5.11'
PATH_SEPARATOR=':'
RANLIB='ranlib'
SED='/bin/sed'
SET_MAKE='MAKE=/home/licj/software/netBSD/source/netBSD/usr/src/obj/tooldir.Linux-2.6.32-358.el6.x86_64-x86_64/bin/nbmake'
SHELL='/bin/sh'
STRIP='strip'
VERSION='5.11'
WARNINGS=''
ac_ct_CC='cc'
ac_ct_DUMPBIN=''
am__EXEEXT_FALSE=''
am__EXEEXT_TRUE='#'
am__fastdepCC_FALSE=''
am__fastdepCC_TRUE='#'
am__include='#'
am__isrc=' -I$(srcdir)'
am__leading_dot='.'
am__quote=''
am__tar='${AMTAR} chof - "$$tardir"'
am__untar='${AMTAR} xf -'
bindir='${exec_prefix}/bin'
build='x86_64-unknown-linux-gnu'
build_alias=''
build_cpu='x86_64'
build_os='linux-gnu'
build_vendor='unknown'
datadir='${datarootdir}'
datarootdir='${prefix}/share'
docdir='${datarootdir}/doc/${PACKAGE_TARNAME}'
dvidir='${docdir}'
exec_prefix='${prefix}'
fsect='4'
host='x86_64-unknown-linux-gnu'
host_alias=''
host_cpu='x86_64'
host_os='linux-gnu'
host_vendor='unknown'
htmldir='${docdir}'
includedir='${prefix}/include'
infodir='${datarootdir}/info'
install_sh='${SHELL} /home/licj/software/netBSD/source/netBSD/usr/src/external/bsd/file/dist/install-sh'
libdir='${exec_prefix}/lib'
libexecdir='${exec_prefix}/libexec'
localedir='${datarootdir}/locale'
localstatedir='${prefix}/var'
lt_ECHO='echo'
mandir='${datarootdir}/man'
mkdir_p='/home/licj/software/netBSD/source/netBSD/usr/src/obj/tooldir.Linux-2.6.32-358.el6.x86_64-x86_64/bin/arm--netbsdelf-install -d -p'
oldincludedir='/usr/include'
pdfdir='${docdir}'
pkgdatadir='$(datadir)/misc'
prefix='/home/licj/software/netBSD/source/netBSD/usr/src/obj/tooldir.Linux-2.6.32-358.el6.x86_64-x86_64'
program_transform_name='s&^&nb&'
psdir='${docdir}'
sbindir='${exec_prefix}/sbin'
sharedstatedir='${prefix}/com'
sysconfdir='${prefix}/etc'
target_alias=''

## ----------- ##
## confdefs.h. ##
## ----------- ##

/* confdefs.h */
#define PACKAGE_NAME "file"
#define PACKAGE_TARNAME "file"
#define PACKAGE_VERSION "5.11"
#define PACKAGE_STRING "file 5.11"
#define PACKAGE_BUGREPORT "christos@astron.com"
#define PACKAGE_URL ""
#define PACKAGE "file"
#define VERSION "5.11"
#define BUILTIN_ELF 1
#define ELFCORE 1
#define STDC_HEADERS 1
#define HAVE_SYS_TYPES_H 1
#define HAVE_SYS_STAT_H 1
#define HAVE_STDLIB_H 1
#define HAVE_STRING_H 1
#define HAVE_MEMORY_H 1
#define HAVE_STRINGS_H 1
#define HAVE_INTTYPES_H 1
#define HAVE_STDINT_H 1
#define HAVE_UNISTD_H 1
#define __EXTENSIONS__ 1
#define _ALL_SOURCE 1
#define _GNU_SOURCE 1
#define _POSIX_PTHREAD_SEMANTICS 1
#define _TANDEM_SOURCE 1
#define HAVE_DLFCN_H 1
#define LT_OBJDIR ".libs/"
#define STDC_HEADERS 1
#define HAVE_SYS_WAIT_H 1
#define HAVE_STDINT_H 1
#define HAVE_FCNTL_H 1
#define HAVE_LOCALE_H 1
#define HAVE_STDINT_H 1
#define HAVE_INTTYPES_H 1
#define HAVE_UNISTD_H 1
#define HAVE_UTIME_H 1
#define HAVE_WCHAR_H 1
#define HAVE_WCTYPE_H 1
#define HAVE_LIMITS_H 1
#define HAVE_GETOPT_H 1
#define HAVE_ERR_H 1
#define HAVE_SYS_MMAN_H 1
#define HAVE_SYS_STAT_H 1
#define HAVE_SYS_TYPES_H 1
#define HAVE_SYS_TIME_H 1
#define HAVE_ZLIB_H 1
#define HAVE_STRUCT_STAT_ST_RDEV 1
#define HAVE_TM_ZONE 1
#define HAVE_DECL_TZNAME 1
#define HAVE_TZNAME 1
#define HAVE_TM_ISDST 1
#define HAVE_DECL_DAYLIGHT 1
#define HAVE_DAYLIGHT 1
#define HAVE_FSEEKO 1
#define HAVE_MBSTATE_T 1
#define HAVE_STRUCT_OPTION 1
#define HAVE_PID_T 1
#define HAVE_UINT8_T 1
#define HAVE_UINT16_T 1
#define HAVE_UINT32_T 1
#define HAVE_INT32_T 1
#define HAVE_UINT64_T 1
#define HAVE_INT64_T 1
#define SIZEOF_LONG_LONG 8
#define HAVE_MMAP 1
#define HAVE_STRERROR 1
#define HAVE_STRNDUP 1
#define HAVE_STRTOUL 1
#define HAVE_MBRTOWC 1
#define HAVE_MKSTEMP 1
#define HAVE_UTIMES 1
#define HAVE_UTIME 1
#define HAVE_WCWIDTH 1
#define HAVE_STRTOF 1
#define HAVE_FORK 1
#define HAVE_GETOPT_LONG 1
#define HAVE_ASPRINTF 1
#define HAVE_VASPRINTF 1
#define HAVE_GETLINE 1
#define HAVE_LIBZ 1

configure: exit 0
