This file contains any messages produced by compilers while
running configure, to aid debugging if configure makes a mistake.

It was created by GNU make configure 3.80, which was
generated by GNU Autoconf 2.54.  Invocation command line was

  $ /home/licj/software/netBSD/source/netBSD/usr/src/tools/gmake/../../gnu/dist/gmake/configure --program-prefix=nbg --disable-nls --prefix=/home/licj/software/netBSD/source/netBSD/usr/src/obj/tooldir.Linux-2.6.32-358.el6.x86_64-x86_64

## --------- ##
## Platform. ##
## --------- ##

hostname = out.lrserver
uname -m = x86_64
uname -r = 2.6.32-358.el6.x86_64
uname -s = Linux
uname -v = #1 SMP Fri Feb 22 00:31:26 UTC 2013

/usr/bin/uname -p = unknown
/bin/uname -X     = unknown

/bin/arch              = x86_64
/usr/bin/arch -k       = unknown
/usr/convex/getsysinfo = unknown
hostinfo               = unknown
/bin/machine           = unknown
/usr/bin/oslevel       = unknown
/bin/universe          = unknown

PATH: /home/licj/software/netBSD/source/netBSD/usr/src/obj/tooldir.Linux-2.6.32-358.el6.x86_64-x86_64/bin
PATH: /usr/lib64/qt-3.3/bin
PATH: /usr/local/bin
PATH: /bin
PATH: /usr/bin
PATH: /usr/local/sbin
PATH: /usr/sbin
PATH: /sbin
PATH: /home/licj/bin
PATH: /home/licj/prj/go/bin


## ----------- ##
## Core tests. ##
## ----------- ##

configure:1317: checking for a BSD-compatible install
configure:1371: result: /home/licj/software/netBSD/source/netBSD/usr/src/obj/tooldir.Linux-2.6.32-358.el6.x86_64-x86_64/bin/arm--netbsdelf-install -c  -r
configure:1382: checking whether build environment is sane
configure:1425: result: yes
configure:1458: checking for gawk
configure:1484: result: /home/licj/software/netBSD/source/netBSD/usr/src/obj/tooldir.Linux-2.6.32-358.el6.x86_64-x86_64/bin/nbawk
configure:1494: checking whether /home/licj/software/netBSD/source/netBSD/usr/src/obj/tooldir.Linux-2.6.32-358.el6.x86_64-x86_64/bin/nbmake sets ${MAKE}
configure:1518: result: no
configure:1669: checking whether /home/licj/software/netBSD/source/netBSD/usr/src/obj/tooldir.Linux-2.6.32-358.el6.x86_64-x86_64/bin/nbmake sets ${MAKE}
configure:1693: result: no
configure:1746: checking for gcc
configure:1772: result: cc
configure:2014: checking for C compiler version
configure:2017: cc --version </dev/null >&5
cc (GCC) 4.4.7 20120313 (Red Hat 4.4.7-11)
Copyright (C) 2010 Free Software Foundation, Inc.
This is free software; see the source for copying conditions.  There is NO
warranty; not even for MERCHANTABILITY or FITNESS FOR A PARTICULAR PURPOSE.

configure:2020: $? = 0
configure:2022: cc -v </dev/null >&5
Using built-in specs.
Target: x86_64-redhat-linux
Configured with: ../configure --prefix=/usr --mandir=/usr/share/man --infodir=/usr/share/info --with-bugurl=http://bugzilla.redhat.com/bugzilla --enable-bootstrap --enable-shared --enable-threads=posix --enable-checking=release --with-system-zlib --enable-__cxa_atexit --disable-libunwind-exceptions --enable-gnu-unique-object --enable-languages=c,c++,objc,obj-c++,java,fortran,ada --enable-java-awt=gtk --disable-dssi --with-java-home=/usr/lib/jvm/java-1.5.0-gcj-1.5.0.0/jre --enable-libgcj-multifile --enable-java-maintainer-mode --with-ecj-jar=/usr/share/java/eclipse-ecj.jar --disable-libjava-multilib --with-ppl --with-cloog --with-tune=generic --with-arch_32=i686 --build=x86_64-redhat-linux
Thread model: posix
gcc version 4.4.7 20120313 (Red Hat 4.4.7-11) (GCC) 
configure:2025: $? = 0
configure:2027: cc -V </dev/null >&5
cc: '-V' option must have argument
configure:2030: $? = 1
configure:2050: checking for C compiler default output
configure:2053: cc -O   conftest.c  >&5
configure:2056: $? = 0
configure:2090: result: a.out
configure:2095: checking whether the C compiler works
configure:2101: ./a.out
configure:2104: $? = 0
configure:2119: result: yes
configure:2126: checking whether we are cross compiling
configure:2128: result: no
configure:2131: checking for suffix of executables
configure:2133: cc -o conftest -O   conftest.c  >&5
configure:2136: $? = 0
configure:2159: result: 
configure:2165: checking for suffix of object files
configure:2183: cc -c -O  conftest.c >&5
configure:2186: $? = 0
configure:2205: result: o
configure:2209: checking whether we are using the GNU C compiler
configure:2230: cc -c -O  conftest.c >&5
configure:2233: $? = 0
configure:2236: test -s conftest.o
configure:2239: $? = 0
configure:2251: result: yes
configure:2257: checking whether cc accepts -g
configure:2275: cc -c -g  conftest.c >&5
configure:2278: $? = 0
configure:2281: test -s conftest.o
configure:2284: $? = 0
configure:2294: result: yes
configure:2311: checking for cc option to accept ANSI C
configure:2368: cc  -c -O  conftest.c >&5
configure:2371: $? = 0
configure:2374: test -s conftest.o
configure:2377: $? = 0
configure:2394: result: none needed
configure:2412: cc -c -O  conftest.c >&5
conftest.c:2: error: expected '=', ',', ';', 'asm' or '__attribute__' before 'me'
configure:2415: $? = 1
configure: failed program was:
#ifndef __cplusplus
  choke me
#endif
configure:2532: checking for style of include used by /home/licj/software/netBSD/source/netBSD/usr/src/obj/tooldir.Linux-2.6.32-358.el6.x86_64-x86_64/bin/nbmake
configure:2560: result: none
configure:2588: checking dependency style of cc
configure:2650: result: none
configure:2679: checking for a BSD-compatible install
configure:2733: result: /home/licj/software/netBSD/source/netBSD/usr/src/obj/tooldir.Linux-2.6.32-358.el6.x86_64-x86_64/bin/arm--netbsdelf-install -c  -r
configure:2785: checking for ranlib
configure:2812: result: ranlib
configure:2829: checking how to run the C preprocessor
configure:2855: cc -E  conftest.c
configure:2861: $? = 0
configure:2888: cc -E  conftest.c
configure:2884:28: error: ac_nonexistent.h: No such file or directory
configure:2894: $? = 1
configure: failed program was:
#line 2883 "configure"
#include "confdefs.h"
#include <ac_nonexistent.h>
configure:2931: result: cc -E
configure:2946: cc -E  conftest.c
configure:2952: $? = 0
configure:2979: cc -E  conftest.c
configure:2975:28: error: ac_nonexistent.h: No such file or directory
configure:2985: $? = 1
configure: failed program was:
#line 2974 "configure"
#include "confdefs.h"
#include <ac_nonexistent.h>
configure:3026: checking for ar
configure:3053: result: ar
configure:3063: checking for perl
configure:3079: found /usr/bin/perl
configure:3090: result: perl
configure:3105: checking build system type
configure:3123: result: x86_64-unknown-linux-gnu
configure:3131: checking host system type
configure:3145: result: x86_64-unknown-linux-gnu
configure:3155: checking for egrep
configure:3165: result: grep -E
configure:3171: checking for AIX
configure:3190: result: no
configure:3197: checking for strerror in -lcposix
configure:3224: cc -o conftest -O   conftest.c -lcposix   >&5
/usr/bin/ld: cannot find -lcposix
collect2: ld returned 1 exit status
configure:3227: $? = 1
configure: failed program was:
#line 3204 "configure"
#include "confdefs.h"

/* Override any gcc2 internal prototype to avoid an error.  */
#ifdef __cplusplus
extern "C"
#endif
/* We use char because int might match the return type of a gcc2
   builtin and then its argument prototype would still apply.  */
char strerror ();
int
main ()
{
strerror ();
  ;
  return 0;
}
configure:3244: result: no
configure:3252: checking for ANSI C header files
configure:3266: cc -E  conftest.c
configure:3272: $? = 0
configure:3359: cc -o conftest -O   conftest.c  >&5
configure: In function 'main':
configure:3350: warning: incompatible implicit declaration of built-in function 'exit'
configure:3362: $? = 0
configure:3364: ./conftest
configure:3367: $? = 0
configure:3381: result: yes
configure:3405: checking for sys/types.h
configure:3418: cc -c -O  conftest.c >&5
configure:3421: $? = 0
configure:3424: test -s conftest.o
configure:3427: $? = 0
configure:3437: result: yes
configure:3405: checking for sys/stat.h
configure:3418: cc -c -O  conftest.c >&5
configure:3421: $? = 0
configure:3424: test -s conftest.o
configure:3427: $? = 0
configure:3437: result: yes
configure:3405: checking for stdlib.h
configure:3418: cc -c -O  conftest.c >&5
configure:3421: $? = 0
configure:3424: test -s conftest.o
configure:3427: $? = 0
configure:3437: result: yes
configure:3405: checking for string.h
configure:3418: cc -c -O  conftest.c >&5
configure:3421: $? = 0
configure:3424: test -s conftest.o
configure:3427: $? = 0
configure:3437: result: yes
configure:3405: checking for memory.h
configure:3418: cc -c -O  conftest.c >&5
configure:3421: $? = 0
configure:3424: test -s conftest.o
configure:3427: $? = 0
configure:3437: result: yes
configure:3405: checking for strings.h
configure:3418: cc -c -O  conftest.c >&5
configure:3421: $? = 0
configure:3424: test -s conftest.o
configure:3427: $? = 0
configure:3437: result: yes
configure:3405: checking for inttypes.h
configure:3418: cc -c -O  conftest.c >&5
configure:3421: $? = 0
configure:3424: test -s conftest.o
configure:3427: $? = 0
configure:3437: result: yes
configure:3405: checking for stdint.h
configure:3418: cc -c -O  conftest.c >&5
configure:3421: $? = 0
configure:3424: test -s conftest.o
configure:3427: $? = 0
configure:3437: result: yes
configure:3405: checking for unistd.h
configure:3418: cc -c -O  conftest.c >&5
configure:3421: $? = 0
configure:3424: test -s conftest.o
configure:3427: $? = 0
configure:3437: result: yes
configure:3459: checking minix/config.h usability
configure:3468: cc -c -O  conftest.c >&5
configure:3496:26: error: minix/config.h: No such file or directory
configure:3471: $? = 1
configure: failed program was:
#line 3461 "configure"
#include "confdefs.h"
#include <stdio.h>
#if HAVE_SYS_TYPES_H
# include <sys/types.h>
#endif
#if HAVE_SYS_STAT_H
# include <sys/stat.h>
#endif
#if STDC_HEADERS
# include <stdlib.h>
# include <stddef.h>
#else
# if HAVE_STDLIB_H
#  include <stdlib.h>
# endif
#endif
#if HAVE_STRING_H
# if !STDC_HEADERS && HAVE_MEMORY_H
#  include <memory.h>
# endif
# include <string.h>
#endif
#if HAVE_STRINGS_H
# include <strings.h>
#endif
#if HAVE_INTTYPES_H
# include <inttypes.h>
#else
# if HAVE_STDINT_H
#  include <stdint.h>
# endif
#endif
#if HAVE_UNISTD_H
# include <unistd.h>
#endif
#include <minix/config.h>
configure:3486: result: no
configure:3490: checking minix/config.h presence
configure:3497: cc -E  conftest.c
configure:3493:26: error: minix/config.h: No such file or directory
configure:3503: $? = 1
configure: failed program was:
#line 3492 "configure"
#include "confdefs.h"
#include <minix/config.h>
configure:3521: result: no
configure:3539: checking for minix/config.h
configure:3546: result: no
configure:3594: checking for msgfmt
configure:3622: result: /usr/bin/msgfmt
configure:3631: checking for gmsgfmt
configure:3662: result: /usr/bin/msgfmt
configure:3672: checking for xgettext
configure:3700: result: /usr/bin/xgettext
configure:3711: checking for msgmerge
configure:3738: result: /usr/bin/msgmerge
configure:3800: checking for ld used by GCC
configure:3863: result: /usr/bin/ld
configure:3872: checking if the linker (/usr/bin/ld) is GNU ld
GNU ld version 2.20.51.0.2-5.36.el6 20100205
configure:3884: result: yes
configure:3890: checking for shared library run path origin
configure:3903: result: done
configure:4320: checking whether NLS is requested
configure:4329: result: no
configure:5092: checking for special C compiler options needed for large files
configure:5166: result: no
configure:5172: checking for _FILE_OFFSET_BITS value needed for large files
configure:5200: cc -c -O  conftest.c >&5
configure:5203: $? = 0
configure:5206: test -s conftest.o
configure:5209: $? = 0
configure:5259: result: no
configure:5269: checking for _LARGE_FILES value needed for large files
configure:5297: cc -c -O  conftest.c >&5
configure:5300: $? = 0
configure:5303: test -s conftest.o
configure:5306: $? = 0
configure:5356: result: no
configure:5370: checking for library containing getpwnam
configure:5397: cc -o conftest -O   conftest.c  >&5
configure:5400: $? = 0
configure:5403: test -s conftest
configure:5406: $? = 0
configure:5459: result: none required
configure:5468: checking for ANSI C header files
configure:5597: result: yes
configure:5615: checking for dirent.h that defines DIR
configure:5636: cc -c -O  conftest.c >&5
configure:5639: $? = 0
configure:5642: test -s conftest.o
configure:5645: $? = 0
configure:5655: result: yes
configure:5668: checking for library containing opendir
configure:5695: cc -o conftest -O   conftest.c  >&5
configure:5698: $? = 0
configure:5701: test -s conftest
configure:5704: $? = 0
configure:5757: result: none required
configure:5863: checking whether stat file-mode macros are broken
configure:5908: result: no
configure:5918: checking whether time.h and sys/time.h may both be included
configure:5940: cc -c -O  conftest.c >&5
configure:5943: $? = 0
configure:5946: test -s conftest.o
configure:5949: $? = 0
configure:5959: result: yes
configure:5984: checking for stdlib.h
configure:5989: result: yes
configure:5993: checking locale.h usability
configure:6002: cc -c -O  conftest.c >&5
configure:6005: $? = 0
configure:6008: test -s conftest.o
configure:6011: $? = 0
configure:6020: result: yes
configure:6024: checking locale.h presence
configure:6031: cc -E  conftest.c
configure:6037: $? = 0
configure:6055: result: yes
configure:6073: checking for locale.h
configure:6080: result: yes
configure:5984: checking for unistd.h
configure:5989: result: yes
configure:5993: checking limits.h usability
configure:6002: cc -c -O  conftest.c >&5
configure:6005: $? = 0
configure:6008: test -s conftest.o
configure:6011: $? = 0
configure:6020: result: yes
configure:6024: checking limits.h presence
configure:6031: cc -E  conftest.c
configure:6037: $? = 0
configure:6055: result: yes
configure:6073: checking for limits.h
configure:6080: result: yes
configure:5993: checking fcntl.h usability
configure:6002: cc -c -O  conftest.c >&5
configure:6005: $? = 0
configure:6008: test -s conftest.o
configure:6011: $? = 0
configure:6020: result: yes
configure:6024: checking fcntl.h presence
configure:6031: cc -E  conftest.c
configure:6037: $? = 0
configure:6055: result: yes
configure:6073: checking for fcntl.h
configure:6080: result: yes
configure:5984: checking for string.h
configure:5989: result: yes
configure:5984: checking for memory.h
configure:5989: result: yes
configure:5993: checking sys/param.h usability
configure:6002: cc -c -O  conftest.c >&5
configure:6005: $? = 0
configure:6008: test -s conftest.o
configure:6011: $? = 0
configure:6020: result: yes
configure:6024: checking sys/param.h presence
configure:6031: cc -E  conftest.c
configure:6037: $? = 0
configure:6055: result: yes
configure:6073: checking for sys/param.h
configure:6080: result: yes
configure:5993: checking sys/time.h usability
configure:6002: cc -c -O  conftest.c >&5
configure:6005: $? = 0
configure:6008: test -s conftest.o
configure:6011: $? = 0
configure:6020: result: yes
configure:6024: checking sys/time.h presence
configure:6031: cc -E  conftest.c
configure:6037: $? = 0
configure:6055: result: yes
configure:6073: checking for sys/time.h
configure:6080: result: yes
configure:5993: checking sys/timeb.h usability
configure:6002: cc -c -O  conftest.c >&5
configure:6005: $? = 0
configure:6008: test -s conftest.o
configure:6011: $? = 0
configure:6020: result: yes
configure:6024: checking sys/timeb.h presence
configure:6031: cc -E  conftest.c
configure:6037: $? = 0
configure:6055: result: yes
configure:6073: checking for sys/timeb.h
configure:6080: result: yes
configure:6098: checking whether cc understands -c and -o together
configure:6122: cc -c conftest.c -o conftest.o >&5
configure:6125: $? = 0
configure:6127: cc -c conftest.c -o conftest.o >&5
configure:6130: $? = 0
configure:6169: result: yes
configure:6197: checking for cc option to accept ANSI C
configure:6257: cc  -c -O  conftest.c >&5
configure:6260: $? = 0
configure:6263: test -s conftest.o
configure:6266: $? = 0
configure:6280: result: none needed
configure:6291: checking for an ANSI C-conforming const
configure:6355: cc -c -O  conftest.c >&5
configure:6358: $? = 0
configure:6361: test -s conftest.o
configure:6364: $? = 0
configure:6374: result: yes
configure:6384: checking return type of signal handlers
configure:6412: cc -c -O  conftest.c >&5
configure:6415: $? = 0
configure:6418: test -s conftest.o
configure:6421: $? = 0
configure:6431: result: void
configure:6439: checking for uid_t in sys/types.h
configure:6459: result: yes
configure:6474: checking for pid_t
configure:6495: cc -c -O  conftest.c >&5
configure:6498: $? = 0
configure:6501: test -s conftest.o
configure:6504: $? = 0
configure:6514: result: yes
configure:6529: checking for uintmax_t
configure:6550: cc -c -O  conftest.c >&5
configure:6553: $? = 0
configure:6556: test -s conftest.o
configure:6559: $? = 0
configure:6569: result: yes
configure:6632: checking for nanoseconds field of struct stat.st_mtim
configure:6660: cc -c -O  -DST_MTIM_NSEC=tv_nsec conftest.c >&5
configure:6663: $? = 0
configure:6666: test -s conftest.o
configure:6669: $? = 0
configure:6680: result: tv_nsec
configure:6692: checking whether to use high resolution file timestamps
configure:6716: cc -c -O  conftest.c >&5
configure:6719: $? = 0
configure:6722: test -s conftest.o
configure:6725: $? = 0
configure:6736: result: yes
configure:6752: checking for library containing clock_gettime
configure:6779: cc -o conftest -O   conftest.c  >&5
/tmp/ccEvLuWp.o: In function `main':
conftest.c:(.text+0xa): undefined reference to `clock_gettime'
collect2: ld returned 1 exit status
configure:6782: $? = 1
configure: failed program was:
#line 6759 "configure"
#include "confdefs.h"

/* Override any gcc2 internal prototype to avoid an error.  */
#ifdef __cplusplus
extern "C"
#endif
/* We use char because int might match the return type of a gcc2
   builtin and then its argument prototype would still apply.  */
char clock_gettime ();
int
main ()
{
clock_gettime ();
  ;
  return 0;
}
configure:6819: cc -o conftest -O   conftest.c -lrt   >&5
configure:6822: $? = 0
configure:6825: test -s conftest
configure:6828: $? = 0
configure:6841: result: -lrt
configure:6861: checking for standard gettimeofday
configure:6882: cc -o conftest -O   conftest.c -lrt  >&5
configure: In function 'main':
configure:6875: warning: incompatible implicit declaration of built-in function 'exit'
configure:6885: $? = 0
configure:6887: ./conftest
configure:6890: $? = 0
configure:6903: result: yes
configure:6941: checking for memcpy
configure:6978: cc -o conftest -O   conftest.c -lrt  >&5
configure:6956: warning: conflicting types for built-in function 'memcpy'
configure:6981: $? = 0
configure:6984: test -s conftest
configure:6987: $? = 0
configure:6997: result: yes
configure:6941: checking for memmove
configure:6978: cc -o conftest -O   conftest.c -lrt  >&5
configure:6956: warning: conflicting types for built-in function 'memmove'
configure:6981: $? = 0
configure:6984: test -s conftest
configure:6987: $? = 0
configure:6997: result: yes
configure:6941: checking for strchr
configure:6978: cc -o conftest -O   conftest.c -lrt  >&5
configure:6956: warning: conflicting types for built-in function 'strchr'
configure:6981: $? = 0
configure:6984: test -s conftest
configure:6987: $? = 0
configure:6997: result: yes
configure:6941: checking for strdup
configure:6978: cc -o conftest -O   conftest.c -lrt  >&5
configure:6956: warning: conflicting types for built-in function 'strdup'
configure:6981: $? = 0
configure:6984: test -s conftest
configure:6987: $? = 0
configure:6997: result: yes
configure:6941: checking for mkstemp
configure:6978: cc -o conftest -O   conftest.c -lrt  >&5
configure:6981: $? = 0
configure:6984: test -s conftest
configure:6987: $? = 0
configure:6997: result: yes
configure:6941: checking for mktemp
configure:6978: cc -o conftest -O   conftest.c -lrt  >&5
/tmp/ccO7mOIM.o: In function `main':
conftest.c:(.text+0x7): warning: the use of `mktemp' is dangerous, better use `mkstemp'
configure:6981: $? = 0
configure:6984: test -s conftest
configure:6987: $? = 0
configure:6997: result: yes
configure:6941: checking for fdopen
configure:6978: cc -o conftest -O   conftest.c -lrt  >&5
configure:6981: $? = 0
configure:6984: test -s conftest
configure:6987: $? = 0
configure:6997: result: yes
configure:6941: checking for bsd_signal
configure:6978: cc -o conftest -O   conftest.c -lrt  >&5
configure:6981: $? = 0
configure:6984: test -s conftest
configure:6987: $? = 0
configure:6997: result: yes
configure:6941: checking for dup2
configure:6978: cc -o conftest -O   conftest.c -lrt  >&5
configure:6981: $? = 0
configure:6984: test -s conftest
configure:6987: $? = 0
configure:6997: result: yes
configure:6941: checking for getcwd
configure:6978: cc -o conftest -O   conftest.c -lrt  >&5
configure:6981: $? = 0
configure:6984: test -s conftest
configure:6987: $? = 0
configure:6997: result: yes
configure:6941: checking for sigsetmask
configure:6978: cc -o conftest -O   conftest.c -lrt  >&5
configure:6981: $? = 0
configure:6984: test -s conftest
configure:6987: $? = 0
configure:6997: result: yes
configure:6941: checking for sigaction
configure:6978: cc -o conftest -O   conftest.c -lrt  >&5
configure:6981: $? = 0
configure:6984: test -s conftest
configure:6987: $? = 0
configure:6997: result: yes
configure:6941: checking for getgroups
configure:6978: cc -o conftest -O   conftest.c -lrt  >&5
configure:6981: $? = 0
configure:6984: test -s conftest
configure:6987: $? = 0
configure:6997: result: yes
configure:6941: checking for seteuid
configure:6978: cc -o conftest -O   conftest.c -lrt  >&5
configure:6981: $? = 0
configure:6984: test -s conftest
configure:6987: $? = 0
configure:6997: result: yes
configure:6941: checking for setegid
configure:6978: cc -o conftest -O   conftest.c -lrt  >&5
configure:6981: $? = 0
configure:6984: test -s conftest
configure:6987: $? = 0
configure:6997: result: yes
configure:6941: checking for setlinebuf
configure:6978: cc -o conftest -O   conftest.c -lrt  >&5
configure:6981: $? = 0
configure:6984: test -s conftest
configure:6987: $? = 0
configure:6997: result: yes
configure:6941: checking for setreuid
configure:6978: cc -o conftest -O   conftest.c -lrt  >&5
configure:6981: $? = 0
configure:6984: test -s conftest
configure:6987: $? = 0
configure:6997: result: yes
configure:6941: checking for setregid
configure:6978: cc -o conftest -O   conftest.c -lrt  >&5
configure:6981: $? = 0
configure:6984: test -s conftest
configure:6987: $? = 0
configure:6997: result: yes
configure:6941: checking for setvbuf
configure:6978: cc -o conftest -O   conftest.c -lrt  >&5
configure:6981: $? = 0
configure:6984: test -s conftest
configure:6987: $? = 0
configure:6997: result: yes
configure:6941: checking for pipe
configure:6978: cc -o conftest -O   conftest.c -lrt  >&5
configure:6981: $? = 0
configure:6984: test -s conftest
configure:6987: $? = 0
configure:6997: result: yes
configure:6941: checking for strerror
configure:6978: cc -o conftest -O   conftest.c -lrt  >&5
configure:6981: $? = 0
configure:6984: test -s conftest
configure:6987: $? = 0
configure:6997: result: yes
configure:6941: checking for strsignal
configure:6978: cc -o conftest -O   conftest.c -lrt  >&5
configure:6981: $? = 0
configure:6984: test -s conftest
configure:6987: $? = 0
configure:6997: result: yes
configure:7008: checking for function prototypes
configure:7011: result: yes
configure:7028: checking whether setvbuf arguments are reversed
configure:7050: cc -o conftest -O   conftest.c -lrt  >&5
configure:7037: error: conflicting types for 'setvbuf'
/usr/include/stdio.h:335: note: previous declaration of 'setvbuf' was here
configure:7053: $? = 1
configure: failed program was:
#line 7034 "configure"
#include "confdefs.h"
#include <stdio.h>
#	  if PROTOTYPES
	   int (setvbuf) (FILE *, int, char *, size_t);
#	  endif
int
main ()
{
char buf; return setvbuf (stdout, _IOLBF, &buf, 1);
  ;
  return 0;
}
configure:7146: result: no
configure:7158: checking for working strcoll
configure:7181: cc -o conftest -O   conftest.c -lrt  >&5
configure:7184: $? = 0
configure:7186: ./conftest
configure:7189: $? = 0
configure:7202: result: yes
configure:7215: checking for working alloca.h
configure:7233: cc -o conftest -O   conftest.c -lrt  >&5
configure:7236: $? = 0
configure:7239: test -s conftest
configure:7242: $? = 0
configure:7252: result: yes
configure:7262: checking for alloca
configure:7300: cc -o conftest -O   conftest.c -lrt  >&5
configure:7303: $? = 0
configure:7306: test -s conftest
configure:7309: $? = 0
configure:7319: result: yes
configure:7509: checking for unistd.h
configure:7514: result: yes
configure:7518: checking vfork.h usability
configure:7527: cc -c -O  conftest.c >&5
configure:7555:19: error: vfork.h: No such file or directory
configure:7530: $? = 1
configure: failed program was:
#line 7520 "configure"
#include "confdefs.h"
#include <stdio.h>
#if HAVE_SYS_TYPES_H
# include <sys/types.h>
#endif
#if HAVE_SYS_STAT_H
# include <sys/stat.h>
#endif
#if STDC_HEADERS
# include <stdlib.h>
# include <stddef.h>
#else
# if HAVE_STDLIB_H
#  include <stdlib.h>
# endif
#endif
#if HAVE_STRING_H
# if !STDC_HEADERS && HAVE_MEMORY_H
#  include <memory.h>
# endif
# include <string.h>
#endif
#if HAVE_STRINGS_H
# include <strings.h>
#endif
#if HAVE_INTTYPES_H
# include <inttypes.h>
#else
# if HAVE_STDINT_H
#  include <stdint.h>
# endif
#endif
#if HAVE_UNISTD_H
# include <unistd.h>
#endif
#include <vfork.h>
configure:7545: result: no
configure:7549: checking vfork.h presence
configure:7556: cc -E  conftest.c
configure:7552:19: error: vfork.h: No such file or directory
configure:7562: $? = 1
configure: failed program was:
#line 7551 "configure"
#include "confdefs.h"
#include <vfork.h>
configure:7580: result: no
configure:7598: checking for vfork.h
configure:7605: result: no
configure:7623: checking for fork
configure:7660: cc -o conftest -O   conftest.c -lrt  >&5
configure:7638: warning: conflicting types for built-in function 'fork'
configure:7663: $? = 0
configure:7666: test -s conftest
configure:7669: $? = 0
configure:7679: result: yes
configure:7623: checking for vfork
configure:7660: cc -o conftest -O   conftest.c -lrt  >&5
configure:7663: $? = 0
configure:7666: test -s conftest
configure:7669: $? = 0
configure:7679: result: yes
configure:7690: checking for working fork
configure:7713: cc -o conftest -O   conftest.c -lrt  >&5
conftest.c: In function 'main':
conftest.c:10: warning: incompatible implicit declaration of built-in function 'exit'
configure:7716: $? = 0
configure:7718: ./conftest
configure:7721: $? = 0
configure:7734: result: yes
configure:7755: checking for working vfork
configure:7882: result: yes
configure:7917: checking for vprintf
configure:7954: cc -o conftest -O   conftest.c -lrt  >&5
configure:7932: warning: conflicting types for built-in function 'vprintf'
configure:7957: $? = 0
configure:7960: test -s conftest
configure:7963: $? = 0
configure:7973: result: yes
configure:7980: checking for _doprnt
configure:8017: cc -o conftest -O   conftest.c -lrt  >&5
/tmp/ccRmeY8K.o: In function `main':
conftest.c:(.text+0x7): undefined reference to `_doprnt'
collect2: ld returned 1 exit status
configure:8020: $? = 1
configure: failed program was:
#line 7985 "configure"
#include "confdefs.h"
/* System header to define __stub macros and hopefully few prototypes,
    which can conflict with char _doprnt (); below.  */
#include <assert.h>
/* Override any gcc2 internal prototype to avoid an error.  */
#ifdef __cplusplus
extern "C"
#endif
/* We use char because int might match the return type of a gcc2
   builtin and then its argument prototype would still apply.  */
char _doprnt ();
char (*f) ();

int
main ()
{
/* The GNU C library defines this for functions which it implements
    to always fail with ENOSYS.  Some functions are actually named
    something starting with __ and the normal name is an alias.  */
#if defined (__stub__doprnt) || defined (__stub____doprnt)
choke me
#else
f = _doprnt;
#endif

  ;
  return 0;
}
configure:8036: result: no
configure:8050: checking whether closedir returns void
configure:8076: cc -o conftest -O   conftest.c -lrt  >&5
configure:8079: $? = 0
configure:8081: ./conftest
configure:8084: $? = 0
configure:8097: result: no
configure:8119: checking for getloadavg
configure:8156: cc -o conftest -O   conftest.c -lrt  >&5
configure:8159: $? = 0
configure:8162: test -s conftest
configure:8165: $? = 0
configure:8175: result: yes
configure:8189: checking for pstat_getdynamic
configure:8226: cc -o conftest -O   conftest.c -lrt  >&5
/tmp/ccdx2rOR.o: In function `main':
conftest.c:(.text+0x7): undefined reference to `pstat_getdynamic'
collect2: ld returned 1 exit status
configure:8229: $? = 1
configure: failed program was:
#line 8194 "configure"
#include "confdefs.h"
/* System header to define __stub macros and hopefully few prototypes,
    which can conflict with char pstat_getdynamic (); below.  */
#include <assert.h>
/* Override any gcc2 internal prototype to avoid an error.  */
#ifdef __cplusplus
extern "C"
#endif
/* We use char because int might match the return type of a gcc2
   builtin and then its argument prototype would still apply.  */
char pstat_getdynamic ();
char (*f) ();

int
main ()
{
/* The GNU C library defines this for functions which it implements
    to always fail with ENOSYS.  Some functions are actually named
    something starting with __ and the normal name is an alias.  */
#if defined (__stub_pstat_getdynamic) || defined (__stub___pstat_getdynamic)
choke me
#else
f = pstat_getdynamic;
#endif

  ;
  return 0;
}
configure:8245: result: no
configure:8258: checking for kstat_open in -lkstat
configure:8285: cc -o conftest -O   conftest.c -lkstat  -lrt  >&5
/usr/bin/ld: cannot find -lkstat
collect2: ld returned 1 exit status
configure:8288: $? = 1
configure: failed program was:
#line 8265 "configure"
#include "confdefs.h"

/* Override any gcc2 internal prototype to avoid an error.  */
#ifdef __cplusplus
extern "C"
#endif
/* We use char because int might match the return type of a gcc2
   builtin and then its argument prototype would still apply.  */
char kstat_open ();
int
main ()
{
kstat_open ();
  ;
  return 0;
}
configure:8305: result: no
configure:8555: checking for getloadavg
configure:8592: cc -o conftest -O   conftest.c -lrt  >&5
configure:8595: $? = 0
configure:8598: test -s conftest
configure:8601: $? = 0
configure:8611: result: yes
configure:9539: checking whether getloadavg requires setgid
configure:9561: result: no
configure:9649: checking for sys_siglist declaration in signal.h or unistd.h
configure:9673: cc -c -O  conftest.c >&5
configure: In function 'main':
configure:9665: warning: initialization discards qualifiers from pointer target type
configure:9676: $? = 0
configure:9679: test -s conftest.o
configure:9682: $? = 0
configure:9692: result: yes
configure:9718: checking sys/wait.h usability
configure:9727: cc -c -O  conftest.c >&5
configure:9730: $? = 0
configure:9733: test -s conftest.o
configure:9736: $? = 0
configure:9745: result: yes
configure:9749: checking sys/wait.h presence
configure:9756: cc -E  conftest.c
configure:9762: $? = 0
configure:9780: result: yes
configure:9798: checking for sys/wait.h
configure:9805: result: yes
configure:9823: checking for waitpid
configure:9860: cc -o conftest -O   conftest.c -lrt  >&5
configure:9863: $? = 0
configure:9866: test -s conftest
configure:9869: $? = 0
configure:9879: result: yes
configure:9823: checking for wait3
configure:9860: cc -o conftest -O   conftest.c -lrt  >&5
configure:9863: $? = 0
configure:9866: test -s conftest
configure:9869: $? = 0
configure:9879: result: yes
configure:9889: checking for union wait
configure:9923: cc -o conftest -O   conftest.c -lrt  >&5
configure: In function 'main':
configure:9908: error: 'blow' undeclared (first use in this function)
configure:9908: error: (Each undeclared identifier is reported only once
configure:9908: error: for each function it appears in.)
configure:9908: error: expected ';' before 'chunks'
configure:9926: $? = 1
configure: failed program was:
#line 9894 "configure"
#include "confdefs.h"
#include <sys/types.h>
#include <sys/wait.h>
int
main ()
{
union wait status; int pid; pid = wait (&status);
#ifdef WEXITSTATUS
/* Some POSIXoid systems have both the new-style macros and the old
   union wait type, and they do not work together.  If union wait
   conflicts with WEXITSTATUS et al, we don't want to use it at all.  */
if (WEXITSTATUS (status) != 0) pid = -1;
#ifdef WTERMSIG
/* If we have WEXITSTATUS and WTERMSIG, just use them on ints.  */
-- blow chunks here --
#endif
#endif
#ifdef HAVE_WAITPID
/* Make sure union wait works with waitpid.  */
pid = waitpid (-1, &status, 0);
#endif

  ;
  return 0;
}
configure:9950: result: no
configure:10890: checking for SA_RESTART
configure:10909: cc -c -O  conftest.c >&5
configure:10912: $? = 0
configure:10915: test -s conftest.o
configure:10918: $? = 0
configure:10928: result: yes
configure:10949: checking for location of SCCS get command
configure:10961: result: get
configure:11001: checking if system libc has GNU glob
configure:11026: result: yes
configure:11090: checking if malloc debugging is wanted
configure:11111: result: no
configure:11297: creating ./config.status

## ---------------------- ##
## Running config.status. ##
## ---------------------- ##

This file was extended by GNU make config.status 3.80, which was
generated by GNU Autoconf 2.54.  Invocation command line was

  CONFIG_FILES    = 
  CONFIG_HEADERS  = 
  CONFIG_LINKS    = 
  CONFIG_COMMANDS = 
  $ ./config.status 

on out.lrserver

config.status:678: creating Makefile
config.status:678: creating glob/Makefile
config.status:678: creating po/Makefile.in
config.status:678: creating config/Makefile
config.status:678: creating doc/Makefile
config.status:678: creating build.sh
config.status:775: creating config.h
config.status:1149: executing depfiles commands
config.status:1149: executing default-1 commands

## ---------------- ##
## Cache variables. ##
## ---------------- ##

ac_cv_build=x86_64-unknown-linux-gnu
ac_cv_build_alias=x86_64-unknown-linux-gnu
ac_cv_c_compiler_gnu=yes
ac_cv_c_const=yes
ac_cv_decl_sys_siglist=yes
ac_cv_env_CC_set=set
ac_cv_env_CC_value=cc
ac_cv_env_CFLAGS_set=set
ac_cv_env_CFLAGS_value=-O
ac_cv_env_CPPFLAGS_set=set
ac_cv_env_CPPFLAGS_value=
ac_cv_env_CPP_set=
ac_cv_env_CPP_value=
ac_cv_env_LDFLAGS_set=set
ac_cv_env_LDFLAGS_value=
ac_cv_env_build_alias_set=
ac_cv_env_build_alias_value=
ac_cv_env_host_alias_set=
ac_cv_env_host_alias_value=
ac_cv_env_target_alias_set=
ac_cv_env_target_alias_value=
ac_cv_exeext=
ac_cv_func__doprnt=no
ac_cv_func_alloca_works=yes
ac_cv_func_bsd_signal=yes
ac_cv_func_closedir_void=no
ac_cv_func_dup2=yes
ac_cv_func_fdopen=yes
ac_cv_func_fork=yes
ac_cv_func_fork_works=yes
ac_cv_func_getcwd=yes
ac_cv_func_getgroups=yes
ac_cv_func_getloadavg=yes
ac_cv_func_getloadavg_setgid=no
ac_cv_func_gettimeofday=yes
ac_cv_func_memcpy=yes
ac_cv_func_memmove=yes
ac_cv_func_mkstemp=yes
ac_cv_func_mktemp=yes
ac_cv_func_pipe=yes
ac_cv_func_pstat_getdynamic=no
ac_cv_func_setegid=yes
ac_cv_func_seteuid=yes
ac_cv_func_setlinebuf=yes
ac_cv_func_setregid=yes
ac_cv_func_setreuid=yes
ac_cv_func_setvbuf=yes
ac_cv_func_setvbuf_reversed=no
ac_cv_func_sigaction=yes
ac_cv_func_sigsetmask=yes
ac_cv_func_strchr=yes
ac_cv_func_strcoll_works=yes
ac_cv_func_strdup=yes
ac_cv_func_strerror=yes
ac_cv_func_strsignal=yes
ac_cv_func_vfork=yes
ac_cv_func_vfork_works=yes
ac_cv_func_vprintf=yes
ac_cv_func_wait3=yes
ac_cv_func_waitpid=yes
ac_cv_header_dirent_dirent_h=yes
ac_cv_header_fcntl_h=yes
ac_cv_header_inttypes_h=yes
ac_cv_header_limits_h=yes
ac_cv_header_locale_h=yes
ac_cv_header_memory_h=yes
ac_cv_header_minix_config_h=no
ac_cv_header_stat_broken=no
ac_cv_header_stdc=yes
ac_cv_header_stdint_h=yes
ac_cv_header_stdlib_h=yes
ac_cv_header_string_h=yes
ac_cv_header_strings_h=yes
ac_cv_header_sys_param_h=yes
ac_cv_header_sys_stat_h=yes
ac_cv_header_sys_time_h=yes
ac_cv_header_sys_timeb_h=yes
ac_cv_header_sys_types_h=yes
ac_cv_header_sys_wait_h=yes
ac_cv_header_time=yes
ac_cv_header_unistd_h=yes
ac_cv_header_vfork_h=no
ac_cv_host=x86_64-unknown-linux-gnu
ac_cv_host_alias=x86_64-unknown-linux-gnu
ac_cv_lib_cposix_strerror=no
ac_cv_lib_kstat_kstat_open=no
ac_cv_objext=o
ac_cv_path_GMSGFMT=/usr/bin/msgfmt
ac_cv_path_MSGFMT=/usr/bin/msgfmt
ac_cv_path_MSGMERGE=/usr/bin/msgmerge
ac_cv_path_XGETTEXT=/usr/bin/xgettext
ac_cv_prog_AR=ar
ac_cv_prog_AWK=/home/licj/software/netBSD/source/netBSD/usr/src/obj/tooldir.Linux-2.6.32-358.el6.x86_64-x86_64/bin/nbawk
ac_cv_prog_CPP='cc -E'
ac_cv_prog_PERL=perl
ac_cv_prog_ac_ct_CC=cc
ac_cv_prog_ac_ct_RANLIB=ranlib
ac_cv_prog_cc_cc_c_o=yes
ac_cv_prog_cc_g=yes
ac_cv_prog_cc_stdc=
ac_cv_prog_egrep='grep -E'
ac_cv_prog_make__home_licj_software_netBSD_source_netBSD_usr_src_obj_tooldir_Linux_2_6_32_358_el6_x86_64_x86_64_bin_nbmake_set=no
ac_cv_search_clock_gettime=-lrt
ac_cv_search_getpwnam='none required'
ac_cv_search_opendir='none required'
ac_cv_struct_st_mtim_nsec=tv_nsec
ac_cv_sys_file_offset_bits=no
ac_cv_sys_large_files=no
ac_cv_sys_largefile_CC=no
ac_cv_type_pid_t=yes
ac_cv_type_signal=void
ac_cv_type_uid_t=yes
ac_cv_type_uintmax_t=yes
ac_cv_working_alloca_h=yes
acl_cv_hardcode_direct=no
acl_cv_hardcode_libdir_flag_spec='${wl}-rpath ${wl}$libdir'
acl_cv_hardcode_libdir_separator=
acl_cv_hardcode_minus_L=no
acl_cv_libext=a
acl_cv_path_LD=/usr/bin/ld
acl_cv_prog_gnu_ld=yes
acl_cv_rpath=done
acl_cv_shlibext=so
acl_cv_sys_lib_dlsearch_path_spec='/lib /usr/lib'
acl_cv_sys_lib_search_path_spec='/lib /usr/lib /usr/local/lib'
acl_cv_wl=-Wl,
am_cv_CC_dependencies_compiler_type=none
am_cv_prog_cc_stdc=
make_cv_file_timestamp_hi_res=yes
make_cv_job_server=yes
make_cv_path_sccs_get=get
make_cv_sa_restart=yes
make_cv_sys_gnu_glob=yes
make_cv_union_wait=no

## ----------------- ##
## Output variables. ##
## ----------------- ##

ACLOCAL='${SHELL} /home/licj/software/netBSD/source/netBSD/usr/src/gnu/dist/gmake/config/missing --run aclocal-1.7'
ALLOCA=''
AMDEPBACKSLASH='\'
AMDEP_FALSE='#'
AMDEP_TRUE=''
AMTAR='${SHELL} /home/licj/software/netBSD/source/netBSD/usr/src/gnu/dist/gmake/config/missing --run tar'
AR='ar'
AUTOCONF='${SHELL} /home/licj/software/netBSD/source/netBSD/usr/src/gnu/dist/gmake/config/missing --run autoconf'
AUTOHEADER='${SHELL} /home/licj/software/netBSD/source/netBSD/usr/src/gnu/dist/gmake/config/missing --run autoheader'
AUTOMAKE='${SHELL} /home/licj/software/netBSD/source/netBSD/usr/src/gnu/dist/gmake/config/missing --run automake-1.7'
AWK='/home/licj/software/netBSD/source/netBSD/usr/src/obj/tooldir.Linux-2.6.32-358.el6.x86_64-x86_64/bin/nbawk'
CC='cc'
CCDEPMODE='depmode=none'
CFLAGS='-O'
CPP='cc -E'
CPPFLAGS=''
CYGPATH_W='echo'
DEFS='-DHAVE_CONFIG_H'
DEPDIR='.deps'
ECHO_C=''
ECHO_N='-n'
ECHO_T=''
EGREP='grep -E'
EXEEXT=''
GETLOADAVG_LIBS=''
GLOBINC=''
GLOBLIB=''
GMSGFMT='/usr/bin/msgfmt'
INSTALL_DATA='${INSTALL} -m 644'
INSTALL_PROGRAM='${INSTALL}'
INSTALL_SCRIPT='${INSTALL}'
INSTALL_STRIP_PROGRAM='${SHELL} $(install_sh) -c -s'
INTLLIBS=''
KMEM_GROUP=''
LDFLAGS=''
LIBICONV='-liconv'
LIBINTL=''
LIBOBJS=''
LIBS='-lrt '
LTLIBICONV='-liconv'
LTLIBINTL=''
LTLIBOBJS=''
MAKEINFO='${SHELL} /home/licj/software/netBSD/source/netBSD/usr/src/gnu/dist/gmake/config/missing --run makeinfo'
MAKE_HOST='x86_64-unknown-linux-gnu'
MKINSTALLDIRS='/home/licj/software/netBSD/source/netBSD/usr/src/tools/gmake/../../gnu/dist/gmake/config/mkinstalldirs'
MSGFMT='/usr/bin/msgfmt'
MSGMERGE='/usr/bin/msgmerge'
NEED_SETGID='false'
OBJEXT='o'
PACKAGE='make'
PACKAGE_BUGREPORT='bug-make@gnu.org'
PACKAGE_NAME='GNU make'
PACKAGE_STRING='GNU make 3.80'
PACKAGE_TARNAME='make'
PACKAGE_VERSION='3.80'
PATH_SEPARATOR=':'
PERL='perl'
POSUB=''
RANLIB='ranlib'
SET_MAKE='MAKE=/home/licj/software/netBSD/source/netBSD/usr/src/obj/tooldir.Linux-2.6.32-358.el6.x86_64-x86_64/bin/nbmake'
SHELL='/bin/sh'
STRIP=''
USE_CUSTOMS_FALSE=''
USE_CUSTOMS_TRUE='#'
USE_LOCAL_GLOB_FALSE=''
USE_LOCAL_GLOB_TRUE='#'
USE_NLS='no'
VERSION='3.80'
XGETTEXT='/usr/bin/xgettext'
ac_ct_CC='cc'
ac_ct_RANLIB='ranlib'
ac_ct_STRIP=''
am__fastdepCC_FALSE=''
am__fastdepCC_TRUE='#'
am__include='#'
am__quote=''
bindir='${exec_prefix}/bin'
build='x86_64-unknown-linux-gnu'
build_alias=''
build_cpu='x86_64'
build_os='linux-gnu'
build_vendor='unknown'
datadir='${prefix}/share'
exec_prefix='${prefix}'
host='x86_64-unknown-linux-gnu'
host_alias=''
host_cpu='x86_64'
host_os='linux-gnu'
host_vendor='unknown'
includedir='${prefix}/include'
infodir='${prefix}/info'
install_sh='/home/licj/software/netBSD/source/netBSD/usr/src/gnu/dist/gmake/config/install-sh'
libdir='${exec_prefix}/lib'
libexecdir='${exec_prefix}/libexec'
localstatedir='${prefix}/var'
mandir='${prefix}/man'
oldincludedir='/usr/include'
prefix='/home/licj/software/netBSD/source/netBSD/usr/src/obj/tooldir.Linux-2.6.32-358.el6.x86_64-x86_64'
program_transform_name='s,^,nbg,'
sbindir='${exec_prefix}/sbin'
sharedstatedir='${prefix}/com'
sysconfdir='${prefix}/etc'
target_alias=''

## ------------- ##
## Output files. ##
## ------------- ##

MAINT_MAKEFILE='/dev/null'

## ----------- ##
## confdefs.h. ##
## ----------- ##

#define FILE_TIMESTAMP_HI_RES 1
#define HAVE_ALLOCA 1
#define HAVE_ALLOCA_H 1
#define HAVE_BSD_SIGNAL 1
#define HAVE_CLOCK_GETTIME 1
#define HAVE_DIRENT_H 1
#define HAVE_DUP2 1
#define HAVE_FCNTL_H 1
#define HAVE_FDOPEN 1
#define HAVE_FORK 1
#define HAVE_GETCWD 1
#define HAVE_GETGROUPS 1
#define HAVE_GETLOADAVG 1
#define HAVE_GETTIMEOFDAY 1
#define HAVE_INTTYPES_H 1
#define HAVE_LIMITS_H 1
#define HAVE_LOCALE_H 1
#define HAVE_MEMCPY 1
#define HAVE_MEMMOVE 1
#define HAVE_MEMORY_H 1
#define HAVE_MEMORY_H 1
#define HAVE_MKSTEMP 1
#define HAVE_MKTEMP 1
#define HAVE_PIPE 1
#define HAVE_SA_RESTART 1
#define HAVE_SETEGID 1
#define HAVE_SETEUID 1
#define HAVE_SETLINEBUF 1
#define HAVE_SETREGID 1
#define HAVE_SETREUID 1
#define HAVE_SETVBUF 1
#define HAVE_SIGACTION 1
#define HAVE_SIGSETMASK 1
#define HAVE_STDINT_H 1
#define HAVE_STDLIB_H 1
#define HAVE_STDLIB_H 1
#define HAVE_STRCHR 1
#define HAVE_STRCOLL 1
#define HAVE_STRDUP 1
#define HAVE_STRERROR 1
#define HAVE_STRINGS_H 1
#define HAVE_STRING_H 1
#define HAVE_STRING_H 1
#define HAVE_STRSIGNAL 1
#define HAVE_SYS_PARAM_H 1
#define HAVE_SYS_STAT_H 1
#define HAVE_SYS_TIMEB_H 1
#define HAVE_SYS_TIME_H 1
#define HAVE_SYS_TYPES_H 1
#define HAVE_SYS_WAIT_H 1
#define HAVE_UNISTD_H 1
#define HAVE_UNISTD_H 1
#define HAVE_UNISTD_H 1
#define HAVE_VFORK 1
#define HAVE_VPRINTF 1
#define HAVE_WAIT3 1
#define HAVE_WAITPID 1
#define HAVE_WORKING_FORK 1
#define HAVE_WORKING_VFORK 1
#define MAKE_HOST "x86_64-unknown-linux-gnu"
#define MAKE_JOBSERVER 1
#define PACKAGE "make"
#define PACKAGE_BUGREPORT "bug-make@gnu.org"
#define PACKAGE_NAME "GNU make"
#define PACKAGE_STRING "GNU make 3.80"
#define PACKAGE_TARNAME "make"
#define PACKAGE_VERSION "3.80"
#define PROTOTYPES 1
#define RETSIGTYPE void
#define SCCS_GET "get"
#define STDC_HEADERS 1
#define STDC_HEADERS 1
#define ST_MTIM_NSEC tv_nsec
#define SYS_SIGLIST_DECLARED 1
#define TIME_WITH_SYS_TIME 1
#define VERSION "3.80"
#define __PROTOTYPES 1

configure: exit 0
