This file contains any messages produced by compilers while
running configure, to aid debugging if configure makes a mistake.

It was created by mkdep configure noversion, which was
generated by GNU Autoconf 2.52.  Invocation command line was

  $ /home/licj/software/netBSD/source/netBSD/usr/src/tools/host-mkdep/configure --cache-file=config.cache

## ---------- ##
## Platform.  ##
## ---------- ##

hostname = out.lrserver
uname -m = x86_64
uname -r = 2.6.32-358.el6.x86_64
uname -s = Linux
uname -v = #1 SMP Fri Feb 22 00:31:26 UTC 2013

/usr/bin/uname -p = unknown
/bin/uname -X     = unknown

/bin/arch              = x86_64
/usr/bin/arch -k       = unknown
/usr/convex/getsysinfo = unknown
hostinfo               = unknown
/bin/machine           = unknown
/usr/bin/oslevel       = unknown
/bin/universe          = unknown

PATH = /usr/lib64/qt-3.3/bin:/usr/local/bin:/bin:/usr/bin:/usr/local/sbin:/usr/sbin:/sbin:/home/licj/bin:/home/licj/prj/go/bin

## ------------ ##
## Core tests.  ##
## ------------ ##

configure:843: creating cache config.cache
configure:914: PATH=".;."; conftest.sh
/home/licj/software/netBSD/source/netBSD/usr/src/tools/host-mkdep/configure: line 915: conftest.sh: command not found
configure:917: $? = 127
configure:928: checking for sh
configure:956: result: /bin/sh
configure:975: checking for mawk
configure:1001: result: no
configure:975: checking for gawk
configure:990: found /bin/gawk
configure:998: result: gawk
configure:1051: checking for gcc
configure:1074: result: cc
configure:1302: checking for C compiler version
configure:1305: cc --version </dev/null >&5
cc (GCC) 4.4.7 20120313 (Red Hat 4.4.7-11)
Copyright (C) 2010 Free Software Foundation, Inc.
This is free software; see the source for copying conditions.  There is NO
warranty; not even for MERCHANTABILITY or FITNESS FOR A PARTICULAR PURPOSE.

configure:1308: $? = 0
configure:1310: cc -v </dev/null >&5
Using built-in specs.
Target: x86_64-redhat-linux
Configured with: ../configure --prefix=/usr --mandir=/usr/share/man --infodir=/usr/share/info --with-bugurl=http://bugzilla.redhat.com/bugzilla --enable-bootstrap --enable-shared --enable-threads=posix --enable-checking=release --with-system-zlib --enable-__cxa_atexit --disable-libunwind-exceptions --enable-gnu-unique-object --enable-languages=c,c++,objc,obj-c++,java,fortran,ada --enable-java-awt=gtk --disable-dssi --with-java-home=/usr/lib/jvm/java-1.5.0-gcj-1.5.0.0/jre --enable-libgcj-multifile --enable-java-maintainer-mode --with-ecj-jar=/usr/share/java/eclipse-ecj.jar --disable-libjava-multilib --with-ppl --with-cloog --with-tune=generic --with-arch_32=i686 --build=x86_64-redhat-linux
Thread model: posix
gcc version 4.4.7 20120313 (Red Hat 4.4.7-11) (GCC) 
configure:1313: $? = 0
configure:1315: cc -V </dev/null >&5
cc: '-V' option must have argument
configure:1318: $? = 1
configure:1338: checking for C compiler default output
configure:1341: cc    conftest.c  >&5
configure:1344: $? = 0
configure:1373: result: a.out
configure:1378: checking whether the C compiler works
configure:1384: ./a.out
configure:1387: $? = 0
configure:1402: result: yes
configure:1409: checking whether we are cross compiling
configure:1411: result: no
configure:1414: checking for executable suffix
configure:1416: cc -o conftest    conftest.c  >&5
configure:1419: $? = 0
configure:1441: result: 
configure:1447: checking for object suffix
configure:1465: cc -c   conftest.c >&5
configure:1468: $? = 0
configure:1487: result: o
configure:1491: checking whether we are using the GNU C compiler
configure:1512: cc -c   conftest.c >&5
configure:1515: $? = 0
configure:1518: test -s conftest.o
configure:1521: $? = 0
configure:1533: result: yes
configure:1539: checking whether cc accepts -g
configure:1557: cc -c -g  conftest.c >&5
configure:1560: $? = 0
configure:1563: test -s conftest.o
configure:1566: $? = 0
configure:1576: result: yes
configure:1603: cc -c -g -O2  conftest.c >&5
conftest.c:2: error: expected '=', ',', ';', 'asm' or '__attribute__' before 'me'
configure:1606: $? = 1
configure: failed program was:
#ifndef __cplusplus
  choke me
#endif
configure:1709: checking how to run the C preprocessor
configure:1735: cc -E  conftest.c
configure:1741: $? = 0
configure:1768: cc -E  conftest.c
configure:1765:28: error: ac_nonexistent.h: No such file or directory
configure:1774: $? = 1
configure: failed program was:
#line 1764 "configure"
#include "confdefs.h"
#include <ac_nonexistent.h>
configure:1811: result: cc -E
configure:1826: cc -E  conftest.c
configure:1832: $? = 0
configure:1859: cc -E  conftest.c
configure:1856:28: error: ac_nonexistent.h: No such file or directory
configure:1865: $? = 1
configure: failed program was:
#line 1855 "configure"
#include "confdefs.h"
#include <ac_nonexistent.h>
configure:2013: creating ./config.status

## ----------------------- ##
## Running config.status.  ##
## ----------------------- ##

This file was extended by config.status (mkdep noversion) 2.52, executed with
  CONFIG_FILES    = 
  CONFIG_HEADERS  = 
  CONFIG_LINKS    = 
  CONFIG_COMMANDS = 
  > ./config.status 
on out.lrserver

config.status:2434: creating host-mkdep

## ----------------- ##
## Cache variables.  ##
## ----------------- ##

ac_cv_c_compiler_gnu=yes
ac_cv_env_CC_set=set
ac_cv_env_CC_value=cc
ac_cv_env_CFLAGS_set=
ac_cv_env_CFLAGS_value=
ac_cv_env_CPPFLAGS_set=
ac_cv_env_CPPFLAGS_value=
ac_cv_env_CPP_set=
ac_cv_env_CPP_value=
ac_cv_env_LDFLAGS_set=
ac_cv_env_LDFLAGS_value=
ac_cv_env_build_alias_set=
ac_cv_env_build_alias_value=
ac_cv_env_host_alias_set=
ac_cv_env_host_alias_value=
ac_cv_env_target_alias_set=
ac_cv_env_target_alias_value=
ac_cv_objext=o
ac_cv_path_BSHELL=/bin/sh
ac_cv_prog_AWK=gawk
ac_cv_prog_CPP='cc -E'
ac_cv_prog_ac_ct_CC=cc
ac_cv_prog_cc_g=yes


configure: exit 0
